Record 55
<?xml version="1.0" encoding="utf-8"?>
<Event xmlns="http://schemas.microsoft.com/win/2004/08/events/event">
  <System>
    <Provider Name="Microsoft-Windows-Sysmon" Guid="5770385F-C22A-43E0-BF4C-06F5698FFBD9">
    </Provider>
    <EventID>1</EventID>
    <Version>5</Version>
    <Level>4</Level>
    <Task>1</Task>
    <Opcode>0</Opcode>
    <Keywords>0x8000000000000000</Keywords>
    <TimeCreated SystemTime="2025-10-07T21:29:22.871703Z">
    </TimeCreated>
    <EventRecordID>4362</EventRecordID>
    <Correlation>
    </Correlation>
    <Execution ProcessID="3016" ThreadID="2596">
    </Execution>
    <Channel>Microsoft-Windows-Sysmon/Operational</Channel>
    <Computer>EC2AMAZ-AGR00JO</Computer>
    <Security UserID="S-1-5-18">
    </Security>
  </System>
  <EventData>
    <Data Name="RuleName">-</Data>
    <Data Name="UtcTime">2025-10-07 21:29:22.870</Data>
    <Data Name="ProcessGuid">8EED9800-8632-68E5-5A01-000000006703</Data>
    <Data Name="ProcessId">5888</Data>
    <Data Name="Image">C:\Windows\System32\cmd.exe</Data>
    <Data Name="FileVersion">10.0.17763.1697 (WinBuild.160101.0800)</Data>
    <Data Name="Description">Windows Command Processor</Data>
    <Data Name="Product">Microsoft® Windows® Operating System</Data>
    <Data Name="Company">Microsoft Corporation</Data>
    <Data Name="OriginalFileName">Cmd.Exe</Data>
    <Data Name="CommandLine">C:\Windows\system32\cmd.exe</Data>
    <Data Name="CurrentDirectory">c:\windows\system32\inetsrv\</Data>
    <Data Name="User">NT AUTHORITY\SYSTEM</Data>
    <Data Name="LogonGuid">8EED9800-8141-68E5-E703-000000000000</Data>
    <Data Name="LogonId">0x3e7</Data>
    <Data Name="TerminalSessionId">0</Data>
    <Data Name="IntegrityLevel">System</Data>
    <Data Name="Hashes">MD5=911D039E71583A07320B32BDE22F8E22,SHA256=BC866CFCDDA37E24DC2634DC282C7A0E6F55209DA17A8FA105B07414C0E7C527,IMPHASH=272245E2988E1E430500B852C4FB5E18</Data>
    <Data Name="ParentProcessGuid">8EED9800-85F3-68E5-5801-000000006703</Data>
    <Data Name="ParentProcessId">3452</Data>
    <Data Name="ParentImage">C:\ProgramData\svchost.exe</Data>
    <Data Name="ParentCommandLine">&quot;C:\ProgramData\svchost.exe&quot;</Data>
    <Data Name="ParentUser">IIS APPPOOL\MyAppPool</Data>
  </EventData>
</Event>
Record 56
<?xml version="1.0" encoding="utf-8"?>
<Event xmlns="http://schemas.microsoft.com/win/2004/08/events/event">
  <System>
    <Provider Name="Microsoft-Windows-Sysmon" Guid="5770385F-C22A-43E0-BF4C-06F5698FFBD9">
    </Provider>
    <EventID>1</EventID>
    <Version>5</Version>
    <Level>4</Level>
    <Task>1</Task>
    <Opcode>0</Opcode>
    <Keywords>0x8000000000000000</Keywords>
    <TimeCreated SystemTime="2025-10-07T21:30:26.290524Z">
    </TimeCreated>
    <EventRecordID>4363</EventRecordID>
    <Correlation>
    </Correlation>
    <Execution ProcessID="3016" ThreadID="2596">
    </Execution>
    <Channel>Microsoft-Windows-Sysmon/Operational</Channel>
    <Computer>EC2AMAZ-AGR00JO</Computer>
    <Security UserID="S-1-5-18">
    </Security>
  </System>
  <EventData>
    <Data Name="RuleName">-</Data>
    <Data Name="UtcTime">2025-10-07 21:30:26.289</Data>
    <Data Name="ProcessGuid">8EED9800-8672-68E5-5C01-000000006703</Data>
    <Data Name="ProcessId">2548</Data>
    <Data Name="Image">C:\Windows\System32\net.exe</Data>
    <Data Name="FileVersion">10.0.17763.1 (WinBuild.160101.0800)</Data>
    <Data Name="Description">Net Command</Data>
    <Data Name="Product">Microsoft® Windows® Operating System</Data>
    <Data Name="Company">Microsoft Corporation</Data>
    <Data Name="OriginalFileName">net.exe</Data>
    <Data Name="CommandLine">net  user IIS_USER VJGSuERc6qYAYPdRc556JTHqxqWwLbPwzABc0XgIhgwYEWdQji1 /add</Data>
    <Data Name="CurrentDirectory">C:\ProgramData\</Data>
    <Data Name="User">NT AUTHORITY\SYSTEM</Data>
    <Data Name="LogonGuid">8EED9800-8141-68E5-E703-000000000000</Data>
    <Data Name="LogonId">0x3e7</Data>
    <Data Name="TerminalSessionId">0</Data>
    <Data Name="IntegrityLevel">System</Data>
    <Data Name="Hashes">MD5=AE61D8F04BCDE8158304067913160B31,SHA256=25C8266D2BC1D5626DCDF72419838B397D28D44D00AC09F02FF4E421B43EC369,IMPHASH=57F0C47AE2A1A2C06C8B987372AB0B07</Data>
    <Data Name="ParentProcessGuid">8EED9800-8632-68E5-5A01-000000006703</Data>
    <Data Name="ParentProcessId">5888</Data>
    <Data Name="ParentImage">C:\Windows\System32\cmd.exe</Data>
    <Data Name="ParentCommandLine">C:\Windows\system32\cmd.exe</Data>
    <Data Name="ParentUser">NT AUTHORITY\SYSTEM</Data>
  </EventData>
</Event>
Record 57
<?xml version="1.0" encoding="utf-8"?>
<Event xmlns="http://schemas.microsoft.com/win/2004/08/events/event">
  <System>
    <Provider Name="Microsoft-Windows-Sysmon" Guid="5770385F-C22A-43E0-BF4C-06F5698FFBD9">
    </Provider>
    <EventID>1</EventID>
    <Version>5</Version>
    <Level>4</Level>
    <Task>1</Task>
    <Opcode>0</Opcode>
    <Keywords>0x8000000000000000</Keywords>
    <TimeCreated SystemTime="2025-10-07T21:30:26.297336Z">
    </TimeCreated>
    <EventRecordID>4364</EventRecordID>
    <Correlation>
    </Correlation>
    <Execution ProcessID="3016" ThreadID="2596">
    </Execution>
    <Channel>Microsoft-Windows-Sysmon/Operational</Channel>
    <Computer>EC2AMAZ-AGR00JO</Computer>
    <Security UserID="S-1-5-18">
    </Security>
  </System>
  <EventData>
    <Data Name="RuleName">-</Data>
    <Data Name="UtcTime">2025-10-07 21:30:26.296</Data>
    <Data Name="ProcessGuid">8EED9800-8672-68E5-5D01-000000006703</Data>
    <Data Name="ProcessId">412</Data>
    <Data Name="Image">C:\Windows\System32\net1.exe</Data>
    <Data Name="FileVersion">10.0.17763.1 (WinBuild.160101.0800)</Data>
    <Data Name="Description">Net Command</Data>
    <Data Name="Product">Microsoft® Windows® Operating System</Data>
    <Data Name="Company">Microsoft Corporation</Data>
    <Data Name="OriginalFileName">net1.exe</Data>
    <Data Name="CommandLine">C:\Windows\system32\net1  user IIS_USER VJGSuERc6qYAYPdRc556JTHqxqWwLbPwzABc0XgIhgwYEWdQji1 /add</Data>
    <Data Name="CurrentDirectory">C:\ProgramData\</Data>
    <Data Name="User">NT AUTHORITY\SYSTEM</Data>
    <Data Name="LogonGuid">8EED9800-8141-68E5-E703-000000000000</Data>
    <Data Name="LogonId">0x3e7</Data>
    <Data Name="TerminalSessionId">0</Data>
    <Data Name="IntegrityLevel">System</Data>
    <Data Name="Hashes">MD5=63DD4523677E62A73A8A7494DB321EA2,SHA256=C687157FD58EAA51757CDA87D06C30953A31F03F5356B9F5A9C004FA4BAD4BF5,IMPHASH=41DBA1AF77E1A2260F0CE46D59ADCB5E</Data>
    <Data Name="ParentProcessGuid">8EED9800-8672-68E5-5C01-000000006703</Data>
    <Data Name="ParentProcessId">2548</Data>
    <Data Name="ParentImage">C:\Windows\System32\net.exe</Data>
    <Data Name="ParentCommandLine">net  user IIS_USER VJGSuERc6qYAYPdRc556JTHqxqWwLbPwzABc0XgIhgwYEWdQji1 /add</Data>
    <Data Name="ParentUser">NT AUTHORITY\SYSTEM</Data>
  </EventData>
</Event>
Record 58
<?xml version="1.0" encoding="utf-8"?>
<Event xmlns="http://schemas.microsoft.com/win/2004/08/events/event">
  <System>
    <Provider Name="Microsoft-Windows-Sysmon" Guid="5770385F-C22A-43E0-BF4C-06F5698FFBD9">
    </Provider>
    <EventID>11</EventID>
    <Version>2</Version>
    <Level>4</Level>
    <Task>11</Task>
    <Opcode>0</Opcode>
    <Keywords>0x8000000000000000</Keywords>
    <TimeCreated SystemTime="2025-10-07T21:31:36.582672Z">
    </TimeCreated>
    <EventRecordID>4365</EventRecordID>
    <Correlation>
    </Correlation>
    <Execution ProcessID="3016" ThreadID="2596">
    </Execution>
    <Channel>Microsoft-Windows-Sysmon/Operational</Channel>
    <Computer>EC2AMAZ-AGR00JO</Computer>
    <Security UserID="S-1-5-18">
    </Security>
  </System>
  <EventData>
    <Data Name="RuleName">EXE</Data>
    <Data Name="UtcTime">2025-10-07 21:31:36.570</Data>
    <Data Name="ProcessGuid">8EED9800-8202-68E5-BA00-000000006703</Data>
    <Data Name="ProcessId">4036</Data>
    <Data Name="Image">c:\windows\system32\inetsrv\w3wp.exe</Data>
    <Data Name="TargetFilename">C:\ProgramData\frpc.exe</Data>
    <Data Name="CreationUtcTime">2025-10-07 21:31:36.570</Data>
    <Data Name="User">IIS APPPOOL\MyAppPool</Data>
  </EventData>
</Event>
Record 59
<?xml version="1.0" encoding="utf-8"?>
<Event xmlns="http://schemas.microsoft.com/win/2004/08/events/event">
  <System>
    <Provider Name="Microsoft-Windows-Sysmon" Guid="5770385F-C22A-43E0-BF4C-06F5698FFBD9">
    </Provider>
    <EventID>1</EventID>
    <Version>5</Version>
    <Level>4</Level>
    <Task>1</Task>
    <Opcode>0</Opcode>
    <Keywords>0x8000000000000000</Keywords>
    <TimeCreated SystemTime="2025-10-07T21:32:35.061708Z">
    </TimeCreated>
    <EventRecordID>4366</EventRecordID>
    <Correlation>
    </Correlation>
    <Execution ProcessID="3016" ThreadID="2596">
    </Execution>
    <Channel>Microsoft-Windows-Sysmon/Operational</Channel>
    <Computer>EC2AMAZ-AGR00JO</Computer>
    <Security UserID="S-1-5-18">
    </Security>
  </System>
  <EventData>
    <Data Name="RuleName">-</Data>
    <Data Name="UtcTime">2025-10-07 21:32:34.921</Data>
    <Data Name="ProcessGuid">8EED9800-86F2-68E5-5E01-000000006703</Data>
    <Data Name="ProcessId">5060</Data>
    <Data Name="Image">C:\ProgramData\frpc.exe</Data>
    <Data Name="FileVersion">-</Data>
    <Data Name="Description">-</Data>
    <Data Name="Product">-</Data>
    <Data Name="Company">-</Data>
    <Data Name="OriginalFileName">-</Data>
    <Data Name="CommandLine">frpc.exe  -c frpc.ini</Data>
    <Data Name="CurrentDirectory">C:\ProgramData\</Data>
    <Data Name="User">NT AUTHORITY\SYSTEM</Data>
    <Data Name="LogonGuid">8EED9800-8141-68E5-E703-000000000000</Data>
    <Data Name="LogonId">0x3e7</Data>
    <Data Name="TerminalSessionId">0</Data>
    <Data Name="IntegrityLevel">System</Data>
    <Data Name="Hashes">MD5=AD509C1002ED221F506C366654953BF6,SHA256=EF35CDD1FB4FA92121CEBAF1177BA6954571E08E47D7CFA228EABA5436BEE798,IMPHASH=B196866F0BF37F1F128FA153413B744F</Data>
    <Data Name="ParentProcessGuid">8EED9800-8632-68E5-5A01-000000006703</Data>
    <Data Name="ParentProcessId">5888</Data>
    <Data Name="ParentImage">C:\Windows\System32\cmd.exe</Data>
    <Data Name="ParentCommandLine">C:\Windows\system32\cmd.exe</Data>
    <Data Name="ParentUser">NT AUTHORITY\SYSTEM</Data>
  </EventData>
</Event>
Record 60
<?xml version="1.0" encoding="utf-8"?>
<Event xmlns="http://schemas.microsoft.com/win/2004/08/events/event">
  <System>
    <Provider Name="Microsoft-Windows-Sysmon" Guid="5770385F-C22A-43E0-BF4C-06F5698FFBD9">
    </Provider>
    <EventID>3</EventID>
    <Version>5</Version>
    <Level>4</Level>
    <Task>3</Task>
    <Opcode>0</Opcode>
    <Keywords>0x8000000000000000</Keywords>
    <TimeCreated SystemTime="2025-10-07T21:32:37.094266Z">
    </TimeCreated>
    <EventRecordID>4367</EventRecordID>
    <Correlation>
    </Correlation>
    <Execution ProcessID="3016" ThreadID="2948">
    </Execution>
    <Channel>Microsoft-Windows-Sysmon/Operational</Channel>
    <Computer>EC2AMAZ-AGR00JO</Computer>
    <Security UserID="S-1-5-18">
    </Security>
  </System>
  <EventData>
    <Data Name="RuleName">-</Data>
    <Data Name="UtcTime">2025-10-07 21:32:35.344</Data>
    <Data Name="ProcessGuid">8EED9800-86F2-68E5-5E01-000000006703</Data>
    <Data Name="ProcessId">5060</Data>
    <Data Name="Image">C:\ProgramData\frpc.exe</Data>
    <Data Name="User">NT AUTHORITY\SYSTEM</Data>
    <Data Name="Protocol">tcp</Data>
    <Data Name="Initiated">true</Data>
    <Data Name="SourceIsIpv6">false</Data>
    <Data Name="SourceIp">172.31.9.222</Data>
    <Data Name="SourceHostname">EC2AMAZ-AGR00JO.eu-west-2.compute.internal</Data>
    <Data Name="SourcePort">49713</Data>
    <Data Name="SourcePortName">-</Data>
    <Data Name="DestinationIsIpv6">false</Data>
    <Data Name="DestinationIp">117.72.105.10</Data>
    <Data Name="DestinationHostname">-</Data>
    <Data Name="DestinationPort">7000</Data>
    <Data Name="DestinationPortName">-</Data>
  </EventData>
</Event>
Record 61
<?xml version="1.0" encoding="utf-8"?>
<Event xmlns="http://schemas.microsoft.com/win/2004/08/events/event">
  <System>
    <Provider Name="Microsoft-Windows-Sysmon" Guid="5770385F-C22A-43E0-BF4C-06F5698FFBD9">
    </Provider>
    <EventID>3</EventID>
    <Version>5</Version>
    <Level>4</Level>
    <Task>3</Task>
    <Opcode>0</Opcode>
    <Keywords>0x8000000000000000</Keywords>
    <TimeCreated SystemTime="2025-10-07T21:32:39.185922Z">
    </TimeCreated>
    <EventRecordID>4368</EventRecordID>
    <Correlation>
    </Correlation>
    <Execution ProcessID="3016" ThreadID="2948">
    </Execution>
    <Channel>Microsoft-Windows-Sysmon/Operational</Channel>
    <Computer>EC2AMAZ-AGR00JO</Computer>
    <Security UserID="S-1-5-18">
    </Security>
  </System>
  <EventData>
    <Data Name="RuleName">RDP</Data>
    <Data Name="UtcTime">2025-10-07 21:32:37.675</Data>
    <Data Name="ProcessGuid">8EED9800-8142-68E5-1300-000000006703</Data>
    <Data Name="ProcessId">912</Data>
    <Data Name="Image">C:\Windows\System32\svchost.exe</Data>
    <Data Name="User">NT AUTHORITY\NETWORK SERVICE</Data>
    <Data Name="Protocol">tcp</Data>
    <Data Name="Initiated">false</Data>
    <Data Name="SourceIsIpv6">false</Data>
    <Data Name="SourceIp">13.38.65.236</Data>
    <Data Name="SourceHostname">ec2-13-38-65-236.eu-west-3.compute.amazonaws.com</Data>
    <Data Name="SourcePort">61792</Data>
    <Data Name="SourcePortName">-</Data>
    <Data Name="DestinationIsIpv6">false</Data>
    <Data Name="DestinationIp">172.31.9.222</Data>
    <Data Name="DestinationHostname">EC2AMAZ-AGR00JO.eu-west-2.compute.internal</Data>
    <Data Name="DestinationPort">3389</Data>
    <Data Name="DestinationPortName">ms-wbt-server</Data>
  </EventData>
</Event>
Record 62
<?xml version="1.0" encoding="utf-8"?>
<Event xmlns="http://schemas.microsoft.com/win/2004/08/events/event">
  <System>
    <Provider Name="Microsoft-Windows-Sysmon" Guid="5770385F-C22A-43E0-BF4C-06F5698FFBD9">
    </Provider>
    <EventID>3</EventID>
    <Version>5</Version>
    <Level>4</Level>
    <Task>3</Task>
    <Opcode>0</Opcode>
    <Keywords>0x8000000000000000</Keywords>
    <TimeCreated SystemTime="2025-10-07T21:33:19.720306Z">
    </TimeCreated>
    <EventRecordID>4369</EventRecordID>
    <Correlation>
    </Correlation>
    <Execution ProcessID="3016" ThreadID="2948">
    </Execution>
    <Channel>Microsoft-Windows-Sysmon/Operational</Channel>
    <Computer>EC2AMAZ-AGR00JO</Computer>
    <Security UserID="S-1-5-18">
    </Security>
  </System>
  <EventData>
    <Data Name="RuleName">RDP</Data>
    <Data Name="UtcTime">2025-10-07 21:33:17.593</Data>
    <Data Name="ProcessGuid">8EED9800-8142-68E5-1300-000000006703</Data>
    <Data Name="ProcessId">912</Data>
    <Data Name="Image">C:\Windows\System32\svchost.exe</Data>
    <Data Name="User">NT AUTHORITY\NETWORK SERVICE</Data>
    <Data Name="Protocol">tcp</Data>
    <Data Name="Initiated">false</Data>
    <Data Name="SourceIsIpv6">false</Data>
    <Data Name="SourceIp">185.195.232.172</Data>
    <Data Name="SourceHostname">-</Data>
    <Data Name="SourcePort">65280</Data>
    <Data Name="SourcePortName">-</Data>
    <Data Name="DestinationIsIpv6">false</Data>
    <Data Name="DestinationIp">172.31.9.222</Data>
    <Data Name="DestinationHostname">EC2AMAZ-AGR00JO.eu-west-2.compute.internal</Data>
    <Data Name="DestinationPort">3389</Data>
    <Data Name="DestinationPortName">ms-wbt-server</Data>
  </EventData>
</Event>
Record 63
<?xml version="1.0" encoding="utf-8"?>
<Event xmlns="http://schemas.microsoft.com/win/2004/08/events/event">
  <System>
    <Provider Name="Microsoft-Windows-Sysmon" Guid="5770385F-C22A-43E0-BF4C-06F5698FFBD9">
    </Provider>
    <EventID>3</EventID>
    <Version>5</Version>
    <Level>4</Level>
    <Task>3</Task>
    <Opcode>0</Opcode>
    <Keywords>0x8000000000000000</Keywords>
    <TimeCreated SystemTime="2025-10-07T21:33:19.720327Z">
    </TimeCreated>
    <EventRecordID>4370</EventRecordID>
    <Correlation>
    </Correlation>
    <Execution ProcessID="3016" ThreadID="2948">
    </Execution>
    <Channel>Microsoft-Windows-Sysmon/Operational</Channel>
    <Computer>EC2AMAZ-AGR00JO</Computer>
    <Security UserID="S-1-5-18">
    </Security>
  </System>
  <EventData>
    <Data Name="RuleName">RDP</Data>
    <Data Name="UtcTime">2025-10-07 21:33:17.761</Data>
    <Data Name="ProcessGuid">8EED9800-8142-68E5-1300-000000006703</Data>
    <Data Name="ProcessId">912</Data>
    <Data Name="Image">C:\Windows\System32\svchost.exe</Data>
    <Data Name="User">NT AUTHORITY\NETWORK SERVICE</Data>
    <Data Name="Protocol">tcp</Data>
    <Data Name="Initiated">false</Data>
    <Data Name="SourceIsIpv6">false</Data>
    <Data Name="SourceIp">185.195.232.172</Data>
    <Data Name="SourceHostname">-</Data>
    <Data Name="SourcePort">65281</Data>
    <Data Name="SourcePortName">-</Data>
    <Data Name="DestinationIsIpv6">false</Data>
    <Data Name="DestinationIp">172.31.9.222</Data>
    <Data Name="DestinationHostname">EC2AMAZ-AGR00JO.eu-west-2.compute.internal</Data>
    <Data Name="DestinationPort">3389</Data>
    <Data Name="DestinationPortName">ms-wbt-server</Data>
  </EventData>
</Event>
Record 64
<?xml version="1.0" encoding="utf-8"?>
<Event xmlns="http://schemas.microsoft.com/win/2004/08/events/event">
  <System>
    <Provider Name="Microsoft-Windows-Sysmon" Guid="5770385F-C22A-43E0-BF4C-06F5698FFBD9">
    </Provider>
    <EventID>3</EventID>
    <Version>5</Version>
    <Level>4</Level>
    <Task>3</Task>
    <Opcode>0</Opcode>
    <Keywords>0x8000000000000000</Keywords>
    <TimeCreated SystemTime="2025-10-07T21:33:19.720340Z">
    </TimeCreated>
    <EventRecordID>4371</EventRecordID>
    <Correlation>
    </Correlation>
    <Execution ProcessID="3016" ThreadID="2948">
    </Execution>
    <Channel>Microsoft-Windows-Sysmon/Operational</Channel>
    <Computer>EC2AMAZ-AGR00JO</Computer>
    <Security UserID="S-1-5-18">
    </Security>
  </System>
  <EventData>
    <Data Name="RuleName">RDP</Data>
    <Data Name="UtcTime">2025-10-07 21:33:17.907</Data>
    <Data Name="ProcessGuid">8EED9800-8142-68E5-1300-000000006703</Data>
    <Data Name="ProcessId">912</Data>
    <Data Name="Image">C:\Windows\System32\svchost.exe</Data>
    <Data Name="User">NT AUTHORITY\NETWORK SERVICE</Data>
    <Data Name="Protocol">tcp</Data>
    <Data Name="Initiated">false</Data>
    <Data Name="SourceIsIpv6">false</Data>
    <Data Name="SourceIp">185.195.232.172</Data>
    <Data Name="SourceHostname">-</Data>
    <Data Name="SourcePort">65282</Data>
    <Data Name="SourcePortName">-</Data>
    <Data Name="DestinationIsIpv6">false</Data>
    <Data Name="DestinationIp">172.31.9.222</Data>
    <Data Name="DestinationHostname">EC2AMAZ-AGR00JO.eu-west-2.compute.internal</Data>
    <Data Name="DestinationPort">3389</Data>
    <Data Name="DestinationPortName">ms-wbt-server</Data>
  </EventData>
</Event>
Record 65
<?xml version="1.0" encoding="utf-8"?>
<Event xmlns="http://schemas.microsoft.com/win/2004/08/events/event">
  <System>
    <Provider Name="Microsoft-Windows-Sysmon" Guid="5770385F-C22A-43E0-BF4C-06F5698FFBD9">
    </Provider>
    <EventID>1</EventID>
    <Version>5</Version>
    <Level>4</Level>
    <Task>1</Task>
    <Opcode>0</Opcode>
    <Keywords>0x8000000000000000</Keywords>
    <TimeCreated SystemTime="2025-10-07T21:33:24.948210Z">
    </TimeCreated>
    <EventRecordID>4372</EventRecordID>
    <Correlation>
    </Correlation>
    <Execution ProcessID="3016" ThreadID="2596">
    </Execution>
    <Channel>Microsoft-Windows-Sysmon/Operational</Channel>
    <Computer>EC2AMAZ-AGR00JO</Computer>
    <Security UserID="S-1-5-18">
    </Security>
  </System>
  <EventData>
    <Data Name="RuleName">-</Data>
    <Data Name="UtcTime">2025-10-07 21:33:24.945</Data>
    <Data Name="ProcessGuid">8EED9800-8724-68E5-5F01-000000006703</Data>
    <Data Name="ProcessId">5248</Data>
    <Data Name="Image">C:\Windows\System32\TSTheme.exe</Data>
    <Data Name="FileVersion">10.0.17763.1697 (WinBuild.160101.0800)</Data>
    <Data Name="Description">TSTheme Server Module</Data>
    <Data Name="Product">Microsoft® Windows® Operating System</Data>
    <Data Name="Company">Microsoft Corporation</Data>
    <Data Name="OriginalFileName">TSThemeS.exe</Data>
    <Data Name="CommandLine">C:\Windows\system32\TSTheme.exe -Embedding</Data>
    <Data Name="CurrentDirectory">C:\Windows\system32\</Data>
    <Data Name="User">EC2AMAZ-AGR00JO\Administrator</Data>
    <Data Name="LogonGuid">8EED9800-8181-68E5-1AFA-020000000000</Data>
    <Data Name="LogonId">0x2fa1a</Data>
    <Data Name="TerminalSessionId">2</Data>
    <Data Name="IntegrityLevel">High</Data>
    <Data Name="Hashes">MD5=678B049F46799F3FA858CE79376EB7B5,SHA256=C1879B15C38D1C9BB86BCFD08A0B7D8A0809C553F8F1985659D7DA0C883EA4F7,IMPHASH=B70390445EE6DE87340DFE5CB7439893</Data>
    <Data Name="ParentProcessGuid">8EED9800-8142-68E5-0E00-000000006703</Data>
    <Data Name="ParentProcessId">916</Data>
    <Data Name="ParentImage">C:\Windows\System32\svchost.exe</Data>
    <Data Name="ParentCommandLine">C:\Windows\system32\svchost.exe -k DcomLaunch -p</Data>
    <Data Name="ParentUser">NT AUTHORITY\SYSTEM</Data>
  </EventData>
</Event>
Record 66
<?xml version="1.0" encoding="utf-8"?>
<Event xmlns="http://schemas.microsoft.com/win/2004/08/events/event">
  <System>
    <Provider Name="Microsoft-Windows-Sysmon" Guid="5770385F-C22A-43E0-BF4C-06F5698FFBD9">
    </Provider>
    <EventID>1</EventID>
    <Version>5</Version>
    <Level>4</Level>
    <Task>1</Task>
    <Opcode>0</Opcode>
    <Keywords>0x8000000000000000</Keywords>
    <TimeCreated SystemTime="2025-10-07T21:33:25.821530Z">
    </TimeCreated>
    <EventRecordID>4373</EventRecordID>
    <Correlation>
    </Correlation>
    <Execution ProcessID="3016" ThreadID="2596">
    </Execution>
    <Channel>Microsoft-Windows-Sysmon/Operational</Channel>
    <Computer>EC2AMAZ-AGR00JO</Computer>
    <Security UserID="S-1-5-18">
    </Security>
  </System>
  <EventData>
    <Data Name="RuleName">-</Data>
    <Data Name="UtcTime">2025-10-07 21:33:25.808</Data>
    <Data Name="ProcessGuid">8EED9800-8725-68E5-6001-000000006703</Data>
    <Data Name="ProcessId">5576</Data>
    <Data Name="Image">C:\Windows\System32\AtBroker.exe</Data>
    <Data Name="FileVersion">10.0.17763.2989 (WinBuild.160101.0800)</Data>
    <Data Name="Description">Windows Assistive Technology Manager</Data>
    <Data Name="Product">Microsoft® Windows® Operating System</Data>
    <Data Name="Company">Microsoft Corporation</Data>
    <Data Name="OriginalFileName">ATBroker.exe</Data>
    <Data Name="CommandLine">atbroker.exe</Data>
    <Data Name="CurrentDirectory">C:\Windows\system32\</Data>
    <Data Name="User">NT AUTHORITY\SYSTEM</Data>
    <Data Name="LogonGuid">8EED9800-8141-68E5-E703-000000000000</Data>
    <Data Name="LogonId">0x3e7</Data>
    <Data Name="TerminalSessionId">2</Data>
    <Data Name="IntegrityLevel">System</Data>
    <Data Name="Hashes">MD5=BBC5AB2E360EA092AAAD0098FDECDC70,SHA256=CE21ACAE03A54FC15CBF6FD553CA87ED778755D41A68A701A134790CF2E14F45,IMPHASH=3656F386F76B194C623C1891C47EEC49</Data>
    <Data Name="ParentProcessGuid">8EED9800-8180-68E5-6600-000000006703</Data>
    <Data Name="ParentProcessId">4560</Data>
    <Data Name="ParentImage">C:\Windows\System32\winlogon.exe</Data>
    <Data Name="ParentCommandLine">winlogon.exe</Data>
    <Data Name="ParentUser">NT AUTHORITY\SYSTEM</Data>
  </EventData>
</Event>
Record 67
<?xml version="1.0" encoding="utf-8"?>
<Event xmlns="http://schemas.microsoft.com/win/2004/08/events/event">
  <System>
    <Provider Name="Microsoft-Windows-Sysmon" Guid="5770385F-C22A-43E0-BF4C-06F5698FFBD9">
    </Provider>
    <EventID>1</EventID>
    <Version>5</Version>
    <Level>4</Level>
    <Task>1</Task>
    <Opcode>0</Opcode>
    <Keywords>0x8000000000000000</Keywords>
    <TimeCreated SystemTime="2025-10-07T21:33:25.822057Z">
    </TimeCreated>
    <EventRecordID>4374</EventRecordID>
    <Correlation>
    </Correlation>
    <Execution ProcessID="3016" ThreadID="2596">
    </Execution>
    <Channel>Microsoft-Windows-Sysmon/Operational</Channel>
    <Computer>EC2AMAZ-AGR00JO</Computer>
    <Security UserID="S-1-5-18">
    </Security>
  </System>
  <EventData>
    <Data Name="RuleName">-</Data>
    <Data Name="UtcTime">2025-10-07 21:33:25.810</Data>
    <Data Name="ProcessGuid">8EED9800-8725-68E5-6101-000000006703</Data>
    <Data Name="ProcessId">1576</Data>
    <Data Name="Image">C:\Windows\System32\LogonUI.exe</Data>
    <Data Name="FileVersion">10.0.17763.1 (WinBuild.160101.0800)</Data>
    <Data Name="Description">Windows Logon User Interface Host</Data>
    <Data Name="Product">Microsoft® Windows® Operating System</Data>
    <Data Name="Company">Microsoft Corporation</Data>
    <Data Name="OriginalFileName">logonui.exe</Data>
    <Data Name="CommandLine">&quot;LogonUI.exe&quot; /flags:0x0 /state0:0xa3954055 /state1:0x41c64e6d</Data>
    <Data Name="CurrentDirectory">C:\Windows\system32\</Data>
    <Data Name="User">NT AUTHORITY\SYSTEM</Data>
    <Data Name="LogonGuid">8EED9800-8141-68E5-E703-000000000000</Data>
    <Data Name="LogonId">0x3e7</Data>
    <Data Name="TerminalSessionId">2</Data>
    <Data Name="IntegrityLevel">System</Data>
    <Data Name="Hashes">MD5=33F89DD9629CB0422A2C17268376232D,SHA256=9358EF8CB7FB08581D74274005263BD8FA2E6E0FC443930B25FD345CF6CE9071,IMPHASH=B9B0B64B08B38276711093CA94348D39</Data>
    <Data Name="ParentProcessGuid">8EED9800-8180-68E5-6600-000000006703</Data>
    <Data Name="ParentProcessId">4560</Data>
    <Data Name="ParentImage">C:\Windows\System32\winlogon.exe</Data>
    <Data Name="ParentCommandLine">winlogon.exe</Data>
    <Data Name="ParentUser">NT AUTHORITY\SYSTEM</Data>
  </EventData>
</Event>
Record 68
<?xml version="1.0" encoding="utf-8"?>
<Event xmlns="http://schemas.microsoft.com/win/2004/08/events/event">
  <System>
    <Provider Name="Microsoft-Windows-Sysmon" Guid="5770385F-C22A-43E0-BF4C-06F5698FFBD9">
    </Provider>
    <EventID>1</EventID>
    <Version>5</Version>
    <Level>4</Level>
    <Task>1</Task>
    <Opcode>0</Opcode>
    <Keywords>0x8000000000000000</Keywords>
    <TimeCreated SystemTime="2025-10-07T21:33:25.822455Z">
    </TimeCreated>
    <EventRecordID>4375</EventRecordID>
    <Correlation>
    </Correlation>
    <Execution ProcessID="3016" ThreadID="2596">
    </Execution>
    <Channel>Microsoft-Windows-Sysmon/Operational</Channel>
    <Computer>EC2AMAZ-AGR00JO</Computer>
    <Security UserID="S-1-5-18">
    </Security>
  </System>
  <EventData>
    <Data Name="RuleName">-</Data>
    <Data Name="UtcTime">2025-10-07 21:33:25.815</Data>
    <Data Name="ProcessGuid">8EED9800-8725-68E5-6201-000000006703</Data>
    <Data Name="ProcessId">2136</Data>
    <Data Name="Image">C:\Windows\System32\rdpclip.exe</Data>
    <Data Name="FileVersion">10.0.17763.6893 (WinBuild.160101.0800)</Data>
    <Data Name="Description">RDP Clipboard Monitor</Data>
    <Data Name="Product">Microsoft® Windows® Operating System</Data>
    <Data Name="Company">Microsoft Corporation</Data>
    <Data Name="OriginalFileName">rdpclip.exe</Data>
    <Data Name="CommandLine">rdpclip</Data>
    <Data Name="CurrentDirectory">C:\Windows\system32\</Data>
    <Data Name="User">EC2AMAZ-AGR00JO\Administrator</Data>
    <Data Name="LogonGuid">8EED9800-8181-68E5-1AFA-020000000000</Data>
    <Data Name="LogonId">0x2fa1a</Data>
    <Data Name="TerminalSessionId">2</Data>
    <Data Name="IntegrityLevel">High</Data>
    <Data Name="Hashes">MD5=95917675AE4832C088724FCB5D9D60BE,SHA256=64F23C32E116B70C17834A74E29CD6B549EFA23B5F40458AFBA8CDA0E1F89998,IMPHASH=E3F33CEBF67721DAC951AFBD20321206</Data>
    <Data Name="ParentProcessGuid">8EED9800-8142-68E5-1300-000000006703</Data>
    <Data Name="ParentProcessId">912</Data>
    <Data Name="ParentImage">C:\Windows\System32\svchost.exe</Data>
    <Data Name="ParentCommandLine">C:\Windows\System32\svchost.exe -k termsvcs -s TermService</Data>
    <Data Name="ParentUser">NT AUTHORITY\NETWORK SERVICE</Data>
  </EventData>
</Event>
Record 69
<?xml version="1.0" encoding="utf-8"?>
<Event xmlns="http://schemas.microsoft.com/win/2004/08/events/event">
  <System>
    <Provider Name="Microsoft-Windows-Sysmon" Guid="5770385F-C22A-43E0-BF4C-06F5698FFBD9">
    </Provider>
    <EventID>1</EventID>
    <Version>5</Version>
    <Level>4</Level>
    <Task>1</Task>
    <Opcode>0</Opcode>
    <Keywords>0x8000000000000000</Keywords>
    <TimeCreated SystemTime="2025-10-07T21:33:26.270610Z">
    </TimeCreated>
    <EventRecordID>4376</EventRecordID>
    <Correlation>
    </Correlation>
    <Execution ProcessID="3016" ThreadID="2596">
    </Execution>
    <Channel>Microsoft-Windows-Sysmon/Operational</Channel>
    <Computer>EC2AMAZ-AGR00JO</Computer>
    <Security UserID="S-1-5-18">
    </Security>
  </System>
  <EventData>
    <Data Name="RuleName">-</Data>
    <Data Name="UtcTime">2025-10-07 21:33:26.263</Data>
    <Data Name="ProcessGuid">8EED9800-8726-68E5-6301-000000006703</Data>
    <Data Name="ProcessId">5668</Data>
    <Data Name="Image">C:\Windows\System32\sethc.exe</Data>
    <Data Name="FileVersion">10.0.17763.1339 (WinBuild.160101.0800)</Data>
    <Data Name="Description">Accessibility shortcut keys</Data>
    <Data Name="Product">Microsoft® Windows® Operating System</Data>
    <Data Name="Company">Microsoft Corporation</Data>
    <Data Name="OriginalFileName">sethc.exe</Data>
    <Data Name="CommandLine">&quot;C:\Windows\System32\Sethc.exe&quot; /AccessibilitySoundAgent</Data>
    <Data Name="CurrentDirectory">C:\Windows\system32\</Data>
    <Data Name="User">NT AUTHORITY\SYSTEM</Data>
    <Data Name="LogonGuid">8EED9800-8141-68E5-E703-000000000000</Data>
    <Data Name="LogonId">0x3e7</Data>
    <Data Name="TerminalSessionId">2</Data>
    <Data Name="IntegrityLevel">System</Data>
    <Data Name="Hashes">MD5=062940BA26F1204EBD5F62DF37D0C3A7,SHA256=52A9E16B777D1FFBBA54A686F9D77AE0AA622EC2FD7A501CEA398B7A53E64793,IMPHASH=22FF4F8C831128EFE52978F175ADCEC0</Data>
    <Data Name="ParentProcessGuid">8EED9800-8725-68E5-6001-000000006703</Data>
    <Data Name="ParentProcessId">5576</Data>
    <Data Name="ParentImage">C:\Windows\System32\AtBroker.exe</Data>
    <Data Name="ParentCommandLine">atbroker.exe</Data>
    <Data Name="ParentUser">NT AUTHORITY\SYSTEM</Data>
  </EventData>
</Event>
Record 70
<?xml version="1.0" encoding="utf-8"?>
<Event xmlns="http://schemas.microsoft.com/win/2004/08/events/event">
  <System>
    <Provider Name="Microsoft-Windows-Sysmon" Guid="5770385F-C22A-43E0-BF4C-06F5698FFBD9">
    </Provider>
    <EventID>1</EventID>
    <Version>5</Version>
    <Level>4</Level>
    <Task>1</Task>
    <Opcode>0</Opcode>
    <Keywords>0x8000000000000000</Keywords>
    <TimeCreated SystemTime="2025-10-07T21:33:26.357608Z">
    </TimeCreated>
    <EventRecordID>4377</EventRecordID>
    <Correlation>
    </Correlation>
    <Execution ProcessID="3016" ThreadID="2596">
    </Execution>
    <Channel>Microsoft-Windows-Sysmon/Operational</Channel>
    <Computer>EC2AMAZ-AGR00JO</Computer>
    <Security UserID="S-1-5-18">
    </Security>
  </System>
  <EventData>
    <Data Name="RuleName">-</Data>
    <Data Name="UtcTime">2025-10-07 21:33:26.351</Data>
    <Data Name="ProcessGuid">8EED9800-8726-68E5-6401-000000006703</Data>
    <Data Name="ProcessId">5988</Data>
    <Data Name="Image">C:\Windows\System32\taskhostw.exe</Data>
    <Data Name="FileVersion">10.0.17763.1852 (WinBuild.160101.0800)</Data>
    <Data Name="Description">Host Process for Windows Tasks</Data>
    <Data Name="Product">Microsoft® Windows® Operating System</Data>
    <Data Name="Company">Microsoft Corporation</Data>
    <Data Name="OriginalFileName">taskhostw.exe</Data>
    <Data Name="CommandLine">taskhostw.exe KEYROAMING</Data>
    <Data Name="CurrentDirectory">C:\Windows\system32\</Data>
    <Data Name="User">EC2AMAZ-AGR00JO\Administrator</Data>
    <Data Name="LogonGuid">8EED9800-8181-68E5-1AFA-020000000000</Data>
    <Data Name="LogonId">0x2fa1a</Data>
    <Data Name="TerminalSessionId">2</Data>
    <Data Name="IntegrityLevel">High</Data>
    <Data Name="Hashes">MD5=8BD7B08DA6BCA54DF9B595E4D9281BEB,SHA256=DE85F29A8BC7219F10A4AC88654C3901ABC329D7505B21CD95CBF780D1EBCCF4,IMPHASH=9839C7FD9649496B162F72128209528A</Data>
    <Data Name="ParentProcessGuid">8EED9800-8143-68E5-2400-000000006703</Data>
    <Data Name="ParentProcessId">1652</Data>
    <Data Name="ParentImage">C:\Windows\System32\svchost.exe</Data>
    <Data Name="ParentCommandLine">C:\Windows\system32\svchost.exe -k netsvcs -p -s Schedule</Data>
    <Data Name="ParentUser">NT AUTHORITY\SYSTEM</Data>
  </EventData>
</Event>
Record 71
<?xml version="1.0" encoding="utf-8"?>
<Event xmlns="http://schemas.microsoft.com/win/2004/08/events/event">
  <System>
    <Provider Name="Microsoft-Windows-Sysmon" Guid="5770385F-C22A-43E0-BF4C-06F5698FFBD9">
    </Provider>
    <EventID>1</EventID>
    <Version>5</Version>
    <Level>4</Level>
    <Task>1</Task>
    <Opcode>0</Opcode>
    <Keywords>0x8000000000000000</Keywords>
    <TimeCreated SystemTime="2025-10-07T21:33:26.437668Z">
    </TimeCreated>
    <EventRecordID>4378</EventRecordID>
    <Correlation>
    </Correlation>
    <Execution ProcessID="3016" ThreadID="2596">
    </Execution>
    <Channel>Microsoft-Windows-Sysmon/Operational</Channel>
    <Computer>EC2AMAZ-AGR00JO</Computer>
    <Security UserID="S-1-5-18">
    </Security>
  </System>
  <EventData>
    <Data Name="RuleName">-</Data>
    <Data Name="UtcTime">2025-10-07 21:33:26.402</Data>
    <Data Name="ProcessGuid">8EED9800-8726-68E5-6501-000000006703</Data>
    <Data Name="ProcessId">5144</Data>
    <Data Name="Image">C:\Windows\System32\AtBroker.exe</Data>
    <Data Name="FileVersion">10.0.17763.2989 (WinBuild.160101.0800)</Data>
    <Data Name="Description">Windows Assistive Technology Manager</Data>
    <Data Name="Product">Microsoft® Windows® Operating System</Data>
    <Data Name="Company">Microsoft Corporation</Data>
    <Data Name="OriginalFileName">ATBroker.exe</Data>
    <Data Name="CommandLine">atbroker.exe</Data>
    <Data Name="CurrentDirectory">C:\Windows\system32\</Data>
    <Data Name="User">EC2AMAZ-AGR00JO\Administrator</Data>
    <Data Name="LogonGuid">8EED9800-8181-68E5-1AFA-020000000000</Data>
    <Data Name="LogonId">0x2fa1a</Data>
    <Data Name="TerminalSessionId">2</Data>
    <Data Name="IntegrityLevel">High</Data>
    <Data Name="Hashes">MD5=BBC5AB2E360EA092AAAD0098FDECDC70,SHA256=CE21ACAE03A54FC15CBF6FD553CA87ED778755D41A68A701A134790CF2E14F45,IMPHASH=3656F386F76B194C623C1891C47EEC49</Data>
    <Data Name="ParentProcessGuid">8EED9800-8180-68E5-6600-000000006703</Data>
    <Data Name="ParentProcessId">4560</Data>
    <Data Name="ParentImage">C:\Windows\System32\winlogon.exe</Data>
    <Data Name="ParentCommandLine">winlogon.exe</Data>
    <Data Name="ParentUser">NT AUTHORITY\SYSTEM</Data>
  </EventData>
</Event>
Record 72
<?xml version="1.0" encoding="utf-8"?>
<Event xmlns="http://schemas.microsoft.com/win/2004/08/events/event">
  <System>
    <Provider Name="Microsoft-Windows-Sysmon" Guid="5770385F-C22A-43E0-BF4C-06F5698FFBD9">
    </Provider>
    <EventID>3</EventID>
    <Version>5</Version>
    <Level>4</Level>
    <Task>3</Task>
    <Opcode>0</Opcode>
    <Keywords>0x8000000000000000</Keywords>
    <TimeCreated SystemTime="2025-10-07T21:33:26.529997Z">
    </TimeCreated>
    <EventRecordID>4379</EventRecordID>
    <Correlation>
    </Correlation>
    <Execution ProcessID="3016" ThreadID="2948">
    </Execution>
    <Channel>Microsoft-Windows-Sysmon/Operational</Channel>
    <Computer>EC2AMAZ-AGR00JO</Computer>
    <Security UserID="S-1-5-18">
    </Security>
  </System>
  <EventData>
    <Data Name="RuleName">RDP</Data>
    <Data Name="UtcTime">2025-10-07 21:33:24.681</Data>
    <Data Name="ProcessGuid">8EED9800-8142-68E5-1300-000000006703</Data>
    <Data Name="ProcessId">912</Data>
    <Data Name="Image">C:\Windows\System32\svchost.exe</Data>
    <Data Name="User">NT AUTHORITY\NETWORK SERVICE</Data>
    <Data Name="Protocol">tcp</Data>
    <Data Name="Initiated">false</Data>
    <Data Name="SourceIsIpv6">false</Data>
    <Data Name="SourceIp">185.195.232.172</Data>
    <Data Name="SourceHostname">-</Data>
    <Data Name="SourcePort">65283</Data>
    <Data Name="SourcePortName">-</Data>
    <Data Name="DestinationIsIpv6">false</Data>
    <Data Name="DestinationIp">172.31.9.222</Data>
    <Data Name="DestinationHostname">EC2AMAZ-AGR00JO.eu-west-2.compute.internal</Data>
    <Data Name="DestinationPort">3389</Data>
    <Data Name="DestinationPortName">ms-wbt-server</Data>
  </EventData>
</Event>
Record 73
<?xml version="1.0" encoding="utf-8"?>
<Event xmlns="http://schemas.microsoft.com/win/2004/08/events/event">
  <System>
    <Provider Name="Microsoft-Windows-Sysmon" Guid="5770385F-C22A-43E0-BF4C-06F5698FFBD9">
    </Provider>
    <EventID>13</EventID>
    <Version>2</Version>
    <Level>4</Level>
    <Task>13</Task>
    <Opcode>0</Opcode>
    <Keywords>0x8000000000000000</Keywords>
    <TimeCreated SystemTime="2025-10-07T21:33:28.202858Z">
    </TimeCreated>
    <EventRecordID>4380</EventRecordID>
    <Correlation>
    </Correlation>
    <Execution ProcessID="3016" ThreadID="2596">
    </Execution>
    <Channel>Microsoft-Windows-Sysmon/Operational</Channel>
    <Computer>EC2AMAZ-AGR00JO</Computer>
    <Security UserID="S-1-5-18">
    </Security>
  </System>
  <EventData>
    <Data Name="RuleName">InvDB-DriverVer</Data>
    <Data Name="EventType">SetValue</Data>
    <Data Name="UtcTime">2025-10-07 21:33:28.197</Data>
    <Data Name="ProcessGuid">8EED9800-8143-68E5-3900-000000006703</Data>
    <Data Name="ProcessId">2672</Data>
    <Data Name="Image">C:\Windows\System32\spoolsv.exe</Data>
    <Data Name="TargetObject">HKLM\SOFTWARE\Microsoft\Windows NT\CurrentVersion\Print\Printers\Microsoft Print to PDF (redirected 2)\DsDriver\driverVersion</Data>
    <Data Name="Details">DWORD (0x00000401)</Data>
    <Data Name="User">NT AUTHORITY\SYSTEM</Data>
  </EventData>
</Event>
Record 74
<?xml version="1.0" encoding="utf-8"?>
<Event xmlns="http://schemas.microsoft.com/win/2004/08/events/event">
  <System>
    <Provider Name="Microsoft-Windows-Sysmon" Guid="5770385F-C22A-43E0-BF4C-06F5698FFBD9">
    </Provider>
    <EventID>1</EventID>
    <Version>5</Version>
    <Level>4</Level>
    <Task>1</Task>
    <Opcode>0</Opcode>
    <Keywords>0x8000000000000000</Keywords>
    <TimeCreated SystemTime="2025-10-07T21:33:28.214738Z">
    </TimeCreated>
    <EventRecordID>4381</EventRecordID>
    <Correlation>
    </Correlation>
    <Execution ProcessID="3016" ThreadID="2596">
    </Execution>
    <Channel>Microsoft-Windows-Sysmon/Operational</Channel>
    <Computer>EC2AMAZ-AGR00JO</Computer>
    <Security UserID="S-1-5-18">
    </Security>
  </System>
  <EventData>
    <Data Name="RuleName">-</Data>
    <Data Name="UtcTime">2025-10-07 21:33:28.212</Data>
    <Data Name="ProcessGuid">8EED9800-8728-68E5-6601-000000006703</Data>
    <Data Name="ProcessId">1216</Data>
    <Data Name="Image">C:\Windows\System32\svchost.exe</Data>
    <Data Name="FileVersion">10.0.17763.3346 (WinBuild.160101.0800)</Data>
    <Data Name="Description">Host Process for Windows Services</Data>
    <Data Name="Product">Microsoft® Windows® Operating System</Data>
    <Data Name="Company">Microsoft Corporation</Data>
    <Data Name="OriginalFileName">svchost.exe</Data>
    <Data Name="CommandLine">C:\Windows\system32\svchost.exe -k netsvcs -p -s DsmSvc</Data>
    <Data Name="CurrentDirectory">C:\Windows\system32\</Data>
    <Data Name="User">NT AUTHORITY\SYSTEM</Data>
    <Data Name="LogonGuid">8EED9800-8141-68E5-E703-000000000000</Data>
    <Data Name="LogonId">0x3e7</Data>
    <Data Name="TerminalSessionId">0</Data>
    <Data Name="IntegrityLevel">System</Data>
    <Data Name="Hashes">MD5=4DD18F001AC31D5F48F50F99E4AA1761,SHA256=2B105FB153B1BCD619B95028612B3A93C60B953EEF6837D3BB0099E4207AAF6B,IMPHASH=247B9220E5D9B720A82B2C8B5069AD69</Data>
    <Data Name="ParentProcessGuid">8EED9800-8141-68E5-0B00-000000006703</Data>
    <Data Name="ParentProcessId">772</Data>
    <Data Name="ParentImage">C:\Windows\System32\services.exe</Data>
    <Data Name="ParentCommandLine">C:\Windows\system32\services.exe</Data>
    <Data Name="ParentUser">NT AUTHORITY\SYSTEM</Data>
  </EventData>
</Event>
Record 75
<?xml version="1.0" encoding="utf-8"?>
<Event xmlns="http://schemas.microsoft.com/win/2004/08/events/event">
  <System>
    <Provider Name="Microsoft-Windows-Sysmon" Guid="5770385F-C22A-43E0-BF4C-06F5698FFBD9">
    </Provider>
    <EventID>13</EventID>
    <Version>2</Version>
    <Level>4</Level>
    <Task>13</Task>
    <Opcode>0</Opcode>
    <Keywords>0x8000000000000000</Keywords>
    <TimeCreated SystemTime="2025-10-07T21:33:28.251415Z">
    </TimeCreated>
    <EventRecordID>4382</EventRecordID>
    <Correlation>
    </Correlation>
    <Execution ProcessID="3016" ThreadID="2596">
    </Execution>
    <Channel>Microsoft-Windows-Sysmon/Operational</Channel>
    <Computer>EC2AMAZ-AGR00JO</Computer>
    <Security UserID="S-1-5-18">
    </Security>
  </System>
  <EventData>
    <Data Name="RuleName">InvDB-DriverVer</Data>
    <Data Name="EventType">SetValue</Data>
    <Data Name="UtcTime">2025-10-07 21:33:28.244</Data>
    <Data Name="ProcessGuid">8EED9800-813F-68E5-EB03-000000000000</Data>
    <Data Name="ProcessId">4</Data>
    <Data Name="Image">System</Data>
    <Data Name="TargetObject">HKLM\System\CurrentControlSet\Control\Class\{1ed2bbf9-11f0-4084-b21f-ad83a8e6dcdc}\0003\DriverVersion</Data>
    <Data Name="Details">10.0.17763.1</Data>
    <Data Name="User">NT AUTHORITY\SYSTEM</Data>
  </EventData>
</Event>
Record 76
<?xml version="1.0" encoding="utf-8"?>
<Event xmlns="http://schemas.microsoft.com/win/2004/08/events/event">
  <System>
    <Provider Name="Microsoft-Windows-Sysmon" Guid="5770385F-C22A-43E0-BF4C-06F5698FFBD9">
    </Provider>
    <EventID>13</EventID>
    <Version>2</Version>
    <Level>4</Level>
    <Task>13</Task>
    <Opcode>0</Opcode>
    <Keywords>0x8000000000000000</Keywords>
    <TimeCreated SystemTime="2025-10-07T21:33:28.253404Z">
    </TimeCreated>
    <EventRecordID>4383</EventRecordID>
    <Correlation>
    </Correlation>
    <Execution ProcessID="3016" ThreadID="2596">
    </Execution>
    <Channel>Microsoft-Windows-Sysmon/Operational</Channel>
    <Computer>EC2AMAZ-AGR00JO</Computer>
    <Security UserID="S-1-5-18">
    </Security>
  </System>
  <EventData>
    <Data Name="RuleName">Context,DeviceConnectedOrUpdated</Data>
    <Data Name="EventType">SetValue</Data>
    <Data Name="UtcTime">2025-10-07 21:33:28.244</Data>
    <Data Name="ProcessGuid">8EED9800-813F-68E5-EB03-000000000000</Data>
    <Data Name="ProcessId">4</Data>
    <Data Name="Image">System</Data>
    <Data Name="TargetObject">HKLM\System\CurrentControlSet\Enum\SWD\PRINTENUM\{9BCBE2C4-F9C4-4A49-8207-1FC01D8A58DB}\FriendlyName</Data>
    <Data Name="Details">Microsoft Print to PDF (redirected 2)</Data>
    <Data Name="User">NT AUTHORITY\SYSTEM</Data>
  </EventData>
</Event>
Record 77
<?xml version="1.0" encoding="utf-8"?>
<Event xmlns="http://schemas.microsoft.com/win/2004/08/events/event">
  <System>
    <Provider Name="Microsoft-Windows-Sysmon" Guid="5770385F-C22A-43E0-BF4C-06F5698FFBD9">
    </Provider>
    <EventID>13</EventID>
    <Version>2</Version>
    <Level>4</Level>
    <Task>13</Task>
    <Opcode>0</Opcode>
    <Keywords>0x8000000000000000</Keywords>
    <TimeCreated SystemTime="2025-10-07T21:33:28.257329Z">
    </TimeCreated>
    <EventRecordID>4384</EventRecordID>
    <Correlation>
    </Correlation>
    <Execution ProcessID="3016" ThreadID="2596">
    </Execution>
    <Channel>Microsoft-Windows-Sysmon/Operational</Channel>
    <Computer>EC2AMAZ-AGR00JO</Computer>
    <Security UserID="S-1-5-18">
    </Security>
  </System>
  <EventData>
    <Data Name="RuleName">Context,DeviceConnectedOrUpdated</Data>
    <Data Name="EventType">SetValue</Data>
    <Data Name="UtcTime">2025-10-07 21:33:28.244</Data>
    <Data Name="ProcessGuid">8EED9800-8143-68E5-3900-000000006703</Data>
    <Data Name="ProcessId">2672</Data>
    <Data Name="Image">C:\Windows\System32\spoolsv.exe</Data>
    <Data Name="TargetObject">HKLM\System\CurrentControlSet\Control\DeviceClasses\{0ecef634-6ef0-472a-8085-5ad023ecbccd}\##?#SWD#PRINTENUM#{9BCBE2C4-F9C4-4A49-8207-1FC01D8A58DB}#{0ecef634-6ef0-472a-8085-5ad023ecbccd}\#\Device Parameters\FriendlyName</Data>
    <Data Name="Details">Microsoft Print to PDF (redirected 2)</Data>
    <Data Name="User">NT AUTHORITY\SYSTEM</Data>
  </EventData>
</Event>
Record 78
<?xml version="1.0" encoding="utf-8"?>
<Event xmlns="http://schemas.microsoft.com/win/2004/08/events/event">
  <System>
    <Provider Name="Microsoft-Windows-Sysmon" Guid="5770385F-C22A-43E0-BF4C-06F5698FFBD9">
    </Provider>
    <EventID>13</EventID>
    <Version>2</Version>
    <Level>4</Level>
    <Task>13</Task>
    <Opcode>0</Opcode>
    <Keywords>0x8000000000000000</Keywords>
    <TimeCreated SystemTime="2025-10-07T21:33:29.177626Z">
    </TimeCreated>
    <EventRecordID>4385</EventRecordID>
    <Correlation>
    </Correlation>
    <Execution ProcessID="3016" ThreadID="2596">
    </Execution>
    <Channel>Microsoft-Windows-Sysmon/Operational</Channel>
    <Computer>EC2AMAZ-AGR00JO</Computer>
    <Security UserID="S-1-5-18">
    </Security>
  </System>
  <EventData>
    <Data Name="RuleName">InvDB-DriverVer</Data>
    <Data Name="EventType">SetValue</Data>
    <Data Name="UtcTime">2025-10-07 21:33:29.165</Data>
    <Data Name="ProcessGuid">8EED9800-8143-68E5-3900-000000006703</Data>
    <Data Name="ProcessId">2672</Data>
    <Data Name="Image">C:\Windows\System32\spoolsv.exe</Data>
    <Data Name="TargetObject">HKLM\SOFTWARE\Microsoft\Windows NT\CurrentVersion\Print\Printers\OneNote (redirected 2)\DsDriver\driverVersion</Data>
    <Data Name="Details">DWORD (0x00000401)</Data>
    <Data Name="User">NT AUTHORITY\SYSTEM</Data>
  </EventData>
</Event>
Record 79
<?xml version="1.0" encoding="utf-8"?>
<Event xmlns="http://schemas.microsoft.com/win/2004/08/events/event">
  <System>
    <Provider Name="Microsoft-Windows-Sysmon" Guid="5770385F-C22A-43E0-BF4C-06F5698FFBD9">
    </Provider>
    <EventID>13</EventID>
    <Version>2</Version>
    <Level>4</Level>
    <Task>13</Task>
    <Opcode>0</Opcode>
    <Keywords>0x8000000000000000</Keywords>
    <TimeCreated SystemTime="2025-10-07T21:33:29.187024Z">
    </TimeCreated>
    <EventRecordID>4386</EventRecordID>
    <Correlation>
    </Correlation>
    <Execution ProcessID="3016" ThreadID="2596">
    </Execution>
    <Channel>Microsoft-Windows-Sysmon/Operational</Channel>
    <Computer>EC2AMAZ-AGR00JO</Computer>
    <Security UserID="S-1-5-18">
    </Security>
  </System>
  <EventData>
    <Data Name="RuleName">InvDB-DriverVer</Data>
    <Data Name="EventType">SetValue</Data>
    <Data Name="UtcTime">2025-10-07 21:33:29.181</Data>
    <Data Name="ProcessGuid">8EED9800-813F-68E5-EB03-000000000000</Data>
    <Data Name="ProcessId">4</Data>
    <Data Name="Image">System</Data>
    <Data Name="TargetObject">HKLM\System\CurrentControlSet\Control\Class\{1ed2bbf9-11f0-4084-b21f-ad83a8e6dcdc}\0004\DriverVersion</Data>
    <Data Name="Details">10.0.17763.1</Data>
    <Data Name="User">NT AUTHORITY\SYSTEM</Data>
  </EventData>
</Event>
Record 80
<?xml version="1.0" encoding="utf-8"?>
<Event xmlns="http://schemas.microsoft.com/win/2004/08/events/event">
  <System>
    <Provider Name="Microsoft-Windows-Sysmon" Guid="5770385F-C22A-43E0-BF4C-06F5698FFBD9">
    </Provider>
    <EventID>13</EventID>
    <Version>2</Version>
    <Level>4</Level>
    <Task>13</Task>
    <Opcode>0</Opcode>
    <Keywords>0x8000000000000000</Keywords>
    <TimeCreated SystemTime="2025-10-07T21:33:29.188858Z">
    </TimeCreated>
    <EventRecordID>4387</EventRecordID>
    <Correlation>
    </Correlation>
    <Execution ProcessID="3016" ThreadID="2596">
    </Execution>
    <Channel>Microsoft-Windows-Sysmon/Operational</Channel>
    <Computer>EC2AMAZ-AGR00JO</Computer>
    <Security UserID="S-1-5-18">
    </Security>
  </System>
  <EventData>
    <Data Name="RuleName">Context,DeviceConnectedOrUpdated</Data>
    <Data Name="EventType">SetValue</Data>
    <Data Name="UtcTime">2025-10-07 21:33:29.181</Data>
    <Data Name="ProcessGuid">8EED9800-813F-68E5-EB03-000000000000</Data>
    <Data Name="ProcessId">4</Data>
    <Data Name="Image">System</Data>
    <Data Name="TargetObject">HKLM\System\CurrentControlSet\Enum\SWD\PRINTENUM\{E99D6A22-249D-43B5-8392-938DECAC57A1}\FriendlyName</Data>
    <Data Name="Details">OneNote (redirected 2)</Data>
    <Data Name="User">NT AUTHORITY\SYSTEM</Data>
  </EventData>
</Event>
