Record 81
<?xml version="1.0" encoding="utf-8"?>
<Event xmlns="http://schemas.microsoft.com/win/2004/08/events/event">
  <System>
    <Provider Name="Microsoft-Windows-Sysmon" Guid="5770385F-C22A-43E0-BF4C-06F5698FFBD9">
    </Provider>
    <EventID>13</EventID>
    <Version>2</Version>
    <Level>4</Level>
    <Task>13</Task>
    <Opcode>0</Opcode>
    <Keywords>0x8000000000000000</Keywords>
    <TimeCreated SystemTime="2025-10-07T21:33:29.193416Z">
    </TimeCreated>
    <EventRecordID>4388</EventRecordID>
    <Correlation>
    </Correlation>
    <Execution ProcessID="3016" ThreadID="2596">
    </Execution>
    <Channel>Microsoft-Windows-Sysmon/Operational</Channel>
    <Computer>EC2AMAZ-AGR00JO</Computer>
    <Security UserID="S-1-5-18">
    </Security>
  </System>
  <EventData>
    <Data Name="RuleName">Context,DeviceConnectedOrUpdated</Data>
    <Data Name="EventType">SetValue</Data>
    <Data Name="UtcTime">2025-10-07 21:33:29.181</Data>
    <Data Name="ProcessGuid">8EED9800-8143-68E5-3900-000000006703</Data>
    <Data Name="ProcessId">2672</Data>
    <Data Name="Image">C:\Windows\System32\spoolsv.exe</Data>
    <Data Name="TargetObject">HKLM\System\CurrentControlSet\Control\DeviceClasses\{0ecef634-6ef0-472a-8085-5ad023ecbccd}\##?#SWD#PRINTENUM#{E99D6A22-249D-43B5-8392-938DECAC57A1}#{0ecef634-6ef0-472a-8085-5ad023ecbccd}\#\Device Parameters\FriendlyName</Data>
    <Data Name="Details">OneNote (redirected 2)</Data>
    <Data Name="User">NT AUTHORITY\SYSTEM</Data>
  </EventData>
</Event>
Record 82
<?xml version="1.0" encoding="utf-8"?>
<Event xmlns="http://schemas.microsoft.com/win/2004/08/events/event">
  <System>
    <Provider Name="Microsoft-Windows-Sysmon" Guid="5770385F-C22A-43E0-BF4C-06F5698FFBD9">
    </Provider>
    <EventID>13</EventID>
    <Version>2</Version>
    <Level>4</Level>
    <Task>13</Task>
    <Opcode>0</Opcode>
    <Keywords>0x8000000000000000</Keywords>
    <TimeCreated SystemTime="2025-10-07T21:33:30.900477Z">
    </TimeCreated>
    <EventRecordID>4389</EventRecordID>
    <Correlation>
    </Correlation>
    <Execution ProcessID="3016" ThreadID="2596">
    </Execution>
    <Channel>Microsoft-Windows-Sysmon/Operational</Channel>
    <Computer>EC2AMAZ-AGR00JO</Computer>
    <Security UserID="S-1-5-18">
    </Security>
  </System>
  <EventData>
    <Data Name="RuleName">InvDB-DriverVer</Data>
    <Data Name="EventType">SetValue</Data>
    <Data Name="UtcTime">2025-10-07 21:33:30.885</Data>
    <Data Name="ProcessGuid">8EED9800-8143-68E5-3900-000000006703</Data>
    <Data Name="ProcessId">2672</Data>
    <Data Name="Image">C:\Windows\System32\spoolsv.exe</Data>
    <Data Name="TargetObject">HKLM\SOFTWARE\Microsoft\Windows NT\CurrentVersion\Print\Printers\OneNote for Windows 10 (redirected 2)\DsDriver\driverVersion</Data>
    <Data Name="Details">DWORD (0x00000401)</Data>
    <Data Name="User">NT AUTHORITY\SYSTEM</Data>
  </EventData>
</Event>
Record 83
<?xml version="1.0" encoding="utf-8"?>
<Event xmlns="http://schemas.microsoft.com/win/2004/08/events/event">
  <System>
    <Provider Name="Microsoft-Windows-Sysmon" Guid="5770385F-C22A-43E0-BF4C-06F5698FFBD9">
    </Provider>
    <EventID>13</EventID>
    <Version>2</Version>
    <Level>4</Level>
    <Task>13</Task>
    <Opcode>0</Opcode>
    <Keywords>0x8000000000000000</Keywords>
    <TimeCreated SystemTime="2025-10-07T21:33:30.910929Z">
    </TimeCreated>
    <EventRecordID>4390</EventRecordID>
    <Correlation>
    </Correlation>
    <Execution ProcessID="3016" ThreadID="2596">
    </Execution>
    <Channel>Microsoft-Windows-Sysmon/Operational</Channel>
    <Computer>EC2AMAZ-AGR00JO</Computer>
    <Security UserID="S-1-5-18">
    </Security>
  </System>
  <EventData>
    <Data Name="RuleName">InvDB-DriverVer</Data>
    <Data Name="EventType">SetValue</Data>
    <Data Name="UtcTime">2025-10-07 21:33:30.901</Data>
    <Data Name="ProcessGuid">8EED9800-813F-68E5-EB03-000000000000</Data>
    <Data Name="ProcessId">4</Data>
    <Data Name="Image">System</Data>
    <Data Name="TargetObject">HKLM\System\CurrentControlSet\Control\Class\{1ed2bbf9-11f0-4084-b21f-ad83a8e6dcdc}\0005\DriverVersion</Data>
    <Data Name="Details">10.0.17763.1</Data>
    <Data Name="User">NT AUTHORITY\SYSTEM</Data>
  </EventData>
</Event>
Record 84
<?xml version="1.0" encoding="utf-8"?>
<Event xmlns="http://schemas.microsoft.com/win/2004/08/events/event">
  <System>
    <Provider Name="Microsoft-Windows-Sysmon" Guid="5770385F-C22A-43E0-BF4C-06F5698FFBD9">
    </Provider>
    <EventID>13</EventID>
    <Version>2</Version>
    <Level>4</Level>
    <Task>13</Task>
    <Opcode>0</Opcode>
    <Keywords>0x8000000000000000</Keywords>
    <TimeCreated SystemTime="2025-10-07T21:33:30.914199Z">
    </TimeCreated>
    <EventRecordID>4391</EventRecordID>
    <Correlation>
    </Correlation>
    <Execution ProcessID="3016" ThreadID="2596">
    </Execution>
    <Channel>Microsoft-Windows-Sysmon/Operational</Channel>
    <Computer>EC2AMAZ-AGR00JO</Computer>
    <Security UserID="S-1-5-18">
    </Security>
  </System>
  <EventData>
    <Data Name="RuleName">Context,DeviceConnectedOrUpdated</Data>
    <Data Name="EventType">SetValue</Data>
    <Data Name="UtcTime">2025-10-07 21:33:30.901</Data>
    <Data Name="ProcessGuid">8EED9800-813F-68E5-EB03-000000000000</Data>
    <Data Name="ProcessId">4</Data>
    <Data Name="Image">System</Data>
    <Data Name="TargetObject">HKLM\System\CurrentControlSet\Enum\SWD\PRINTENUM\{E1838D35-99E7-41D9-9092-99C4D963848E}\FriendlyName</Data>
    <Data Name="Details">OneNote for Windows 10 (redirected 2)</Data>
    <Data Name="User">NT AUTHORITY\SYSTEM</Data>
  </EventData>
</Event>
Record 85
<?xml version="1.0" encoding="utf-8"?>
<Event xmlns="http://schemas.microsoft.com/win/2004/08/events/event">
  <System>
    <Provider Name="Microsoft-Windows-Sysmon" Guid="5770385F-C22A-43E0-BF4C-06F5698FFBD9">
    </Provider>
    <EventID>13</EventID>
    <Version>2</Version>
    <Level>4</Level>
    <Task>13</Task>
    <Opcode>0</Opcode>
    <Keywords>0x8000000000000000</Keywords>
    <TimeCreated SystemTime="2025-10-07T21:33:30.920273Z">
    </TimeCreated>
    <EventRecordID>4392</EventRecordID>
    <Correlation>
    </Correlation>
    <Execution ProcessID="3016" ThreadID="2596">
    </Execution>
    <Channel>Microsoft-Windows-Sysmon/Operational</Channel>
    <Computer>EC2AMAZ-AGR00JO</Computer>
    <Security UserID="S-1-5-18">
    </Security>
  </System>
  <EventData>
    <Data Name="RuleName">Context,DeviceConnectedOrUpdated</Data>
    <Data Name="EventType">SetValue</Data>
    <Data Name="UtcTime">2025-10-07 21:33:30.901</Data>
    <Data Name="ProcessGuid">8EED9800-8143-68E5-3900-000000006703</Data>
    <Data Name="ProcessId">2672</Data>
    <Data Name="Image">C:\Windows\System32\spoolsv.exe</Data>
    <Data Name="TargetObject">HKLM\System\CurrentControlSet\Control\DeviceClasses\{0ecef634-6ef0-472a-8085-5ad023ecbccd}\##?#SWD#PRINTENUM#{E1838D35-99E7-41D9-9092-99C4D963848E}#{0ecef634-6ef0-472a-8085-5ad023ecbccd}\#\Device Parameters\FriendlyName</Data>
    <Data Name="Details">OneNote for Windows 10 (redirected 2)</Data>
    <Data Name="User">NT AUTHORITY\SYSTEM</Data>
  </EventData>
</Event>
Record 86
<?xml version="1.0" encoding="utf-8"?>
<Event xmlns="http://schemas.microsoft.com/win/2004/08/events/event">
  <System>
    <Provider Name="Microsoft-Windows-Sysmon" Guid="5770385F-C22A-43E0-BF4C-06F5698FFBD9">
    </Provider>
    <EventID>13</EventID>
    <Version>2</Version>
    <Level>4</Level>
    <Task>13</Task>
    <Opcode>0</Opcode>
    <Keywords>0x8000000000000000</Keywords>
    <TimeCreated SystemTime="2025-10-07T21:33:32.378940Z">
    </TimeCreated>
    <EventRecordID>4393</EventRecordID>
    <Correlation>
    </Correlation>
    <Execution ProcessID="3016" ThreadID="2596">
    </Execution>
    <Channel>Microsoft-Windows-Sysmon/Operational</Channel>
    <Computer>EC2AMAZ-AGR00JO</Computer>
    <Security UserID="S-1-5-18">
    </Security>
  </System>
  <EventData>
    <Data Name="RuleName">InvDB-DriverVer</Data>
    <Data Name="EventType">SetValue</Data>
    <Data Name="UtcTime">2025-10-07 21:33:32.364</Data>
    <Data Name="ProcessGuid">8EED9800-8143-68E5-3900-000000006703</Data>
    <Data Name="ProcessId">2672</Data>
    <Data Name="Image">C:\Windows\System32\spoolsv.exe</Data>
    <Data Name="TargetObject">HKLM\SOFTWARE\Microsoft\Windows NT\CurrentVersion\Print\Printers\Fax (redirected 2)\DsDriver\driverVersion</Data>
    <Data Name="Details">DWORD (0x00000401)</Data>
    <Data Name="User">NT AUTHORITY\SYSTEM</Data>
  </EventData>
</Event>
Record 87
<?xml version="1.0" encoding="utf-8"?>
<Event xmlns="http://schemas.microsoft.com/win/2004/08/events/event">
  <System>
    <Provider Name="Microsoft-Windows-Sysmon" Guid="5770385F-C22A-43E0-BF4C-06F5698FFBD9">
    </Provider>
    <EventID>13</EventID>
    <Version>2</Version>
    <Level>4</Level>
    <Task>13</Task>
    <Opcode>0</Opcode>
    <Keywords>0x8000000000000000</Keywords>
    <TimeCreated SystemTime="2025-10-07T21:33:32.388493Z">
    </TimeCreated>
    <EventRecordID>4394</EventRecordID>
    <Correlation>
    </Correlation>
    <Execution ProcessID="3016" ThreadID="2596">
    </Execution>
    <Channel>Microsoft-Windows-Sysmon/Operational</Channel>
    <Computer>EC2AMAZ-AGR00JO</Computer>
    <Security UserID="S-1-5-18">
    </Security>
  </System>
  <EventData>
    <Data Name="RuleName">InvDB-DriverVer</Data>
    <Data Name="EventType">SetValue</Data>
    <Data Name="UtcTime">2025-10-07 21:33:32.380</Data>
    <Data Name="ProcessGuid">8EED9800-813F-68E5-EB03-000000000000</Data>
    <Data Name="ProcessId">4</Data>
    <Data Name="Image">System</Data>
    <Data Name="TargetObject">HKLM\System\CurrentControlSet\Control\Class\{1ed2bbf9-11f0-4084-b21f-ad83a8e6dcdc}\0006\DriverVersion</Data>
    <Data Name="Details">10.0.17763.1</Data>
    <Data Name="User">NT AUTHORITY\SYSTEM</Data>
  </EventData>
</Event>
Record 88
<?xml version="1.0" encoding="utf-8"?>
<Event xmlns="http://schemas.microsoft.com/win/2004/08/events/event">
  <System>
    <Provider Name="Microsoft-Windows-Sysmon" Guid="5770385F-C22A-43E0-BF4C-06F5698FFBD9">
    </Provider>
    <EventID>13</EventID>
    <Version>2</Version>
    <Level>4</Level>
    <Task>13</Task>
    <Opcode>0</Opcode>
    <Keywords>0x8000000000000000</Keywords>
    <TimeCreated SystemTime="2025-10-07T21:33:32.390383Z">
    </TimeCreated>
    <EventRecordID>4395</EventRecordID>
    <Correlation>
    </Correlation>
    <Execution ProcessID="3016" ThreadID="2596">
    </Execution>
    <Channel>Microsoft-Windows-Sysmon/Operational</Channel>
    <Computer>EC2AMAZ-AGR00JO</Computer>
    <Security UserID="S-1-5-18">
    </Security>
  </System>
  <EventData>
    <Data Name="RuleName">Context,DeviceConnectedOrUpdated</Data>
    <Data Name="EventType">SetValue</Data>
    <Data Name="UtcTime">2025-10-07 21:33:32.380</Data>
    <Data Name="ProcessGuid">8EED9800-813F-68E5-EB03-000000000000</Data>
    <Data Name="ProcessId">4</Data>
    <Data Name="Image">System</Data>
    <Data Name="TargetObject">HKLM\System\CurrentControlSet\Enum\SWD\PRINTENUM\{8B6A5574-D662-474C-BB4B-8248F0B8CBC6}\FriendlyName</Data>
    <Data Name="Details">Fax (redirected 2)</Data>
    <Data Name="User">NT AUTHORITY\SYSTEM</Data>
  </EventData>
</Event>
Record 89
<?xml version="1.0" encoding="utf-8"?>
<Event xmlns="http://schemas.microsoft.com/win/2004/08/events/event">
  <System>
    <Provider Name="Microsoft-Windows-Sysmon" Guid="5770385F-C22A-43E0-BF4C-06F5698FFBD9">
    </Provider>
    <EventID>13</EventID>
    <Version>2</Version>
    <Level>4</Level>
    <Task>13</Task>
    <Opcode>0</Opcode>
    <Keywords>0x8000000000000000</Keywords>
    <TimeCreated SystemTime="2025-10-07T21:33:32.394883Z">
    </TimeCreated>
    <EventRecordID>4396</EventRecordID>
    <Correlation>
    </Correlation>
    <Execution ProcessID="3016" ThreadID="2596">
    </Execution>
    <Channel>Microsoft-Windows-Sysmon/Operational</Channel>
    <Computer>EC2AMAZ-AGR00JO</Computer>
    <Security UserID="S-1-5-18">
    </Security>
  </System>
  <EventData>
    <Data Name="RuleName">Context,DeviceConnectedOrUpdated</Data>
    <Data Name="EventType">SetValue</Data>
    <Data Name="UtcTime">2025-10-07 21:33:32.380</Data>
    <Data Name="ProcessGuid">8EED9800-8143-68E5-3900-000000006703</Data>
    <Data Name="ProcessId">2672</Data>
    <Data Name="Image">C:\Windows\System32\spoolsv.exe</Data>
    <Data Name="TargetObject">HKLM\System\CurrentControlSet\Control\DeviceClasses\{0ecef634-6ef0-472a-8085-5ad023ecbccd}\##?#SWD#PRINTENUM#{8B6A5574-D662-474C-BB4B-8248F0B8CBC6}#{0ecef634-6ef0-472a-8085-5ad023ecbccd}\#\Device Parameters\FriendlyName</Data>
    <Data Name="Details">Fax (redirected 2)</Data>
    <Data Name="User">NT AUTHORITY\SYSTEM</Data>
  </EventData>
</Event>
Record 90
<?xml version="1.0" encoding="utf-8"?>
<Event xmlns="http://schemas.microsoft.com/win/2004/08/events/event">
  <System>
    <Provider Name="Microsoft-Windows-Sysmon" Guid="5770385F-C22A-43E0-BF4C-06F5698FFBD9">
    </Provider>
    <EventID>13</EventID>
    <Version>2</Version>
    <Level>4</Level>
    <Task>13</Task>
    <Opcode>0</Opcode>
    <Keywords>0x8000000000000000</Keywords>
    <TimeCreated SystemTime="2025-10-07T21:33:34.506072Z">
    </TimeCreated>
    <EventRecordID>4397</EventRecordID>
    <Correlation>
    </Correlation>
    <Execution ProcessID="3016" ThreadID="2596">
    </Execution>
    <Channel>Microsoft-Windows-Sysmon/Operational</Channel>
    <Computer>EC2AMAZ-AGR00JO</Computer>
    <Security UserID="S-1-5-18">
    </Security>
  </System>
  <EventData>
    <Data Name="RuleName">InvDB-DriverVer</Data>
    <Data Name="EventType">SetValue</Data>
    <Data Name="UtcTime">2025-10-07 21:33:34.495</Data>
    <Data Name="ProcessGuid">8EED9800-8143-68E5-3900-000000006703</Data>
    <Data Name="ProcessId">2672</Data>
    <Data Name="Image">C:\Windows\System32\spoolsv.exe</Data>
    <Data Name="TargetObject">HKLM\SOFTWARE\Microsoft\Windows NT\CurrentVersion\Print\Printers\Microsoft XPS Document Writer (redirected 2)\DsDriver\driverVersion</Data>
    <Data Name="Details">DWORD (0x00000401)</Data>
    <Data Name="User">NT AUTHORITY\SYSTEM</Data>
  </EventData>
</Event>
Record 91
<?xml version="1.0" encoding="utf-8"?>
<Event xmlns="http://schemas.microsoft.com/win/2004/08/events/event">
  <System>
    <Provider Name="Microsoft-Windows-Sysmon" Guid="5770385F-C22A-43E0-BF4C-06F5698FFBD9">
    </Provider>
    <EventID>13</EventID>
    <Version>2</Version>
    <Level>4</Level>
    <Task>13</Task>
    <Opcode>0</Opcode>
    <Keywords>0x8000000000000000</Keywords>
    <TimeCreated SystemTime="2025-10-07T21:33:34.521948Z">
    </TimeCreated>
    <EventRecordID>4398</EventRecordID>
    <Correlation>
    </Correlation>
    <Execution ProcessID="3016" ThreadID="2596">
    </Execution>
    <Channel>Microsoft-Windows-Sysmon/Operational</Channel>
    <Computer>EC2AMAZ-AGR00JO</Computer>
    <Security UserID="S-1-5-18">
    </Security>
  </System>
  <EventData>
    <Data Name="RuleName">InvDB-DriverVer</Data>
    <Data Name="EventType">SetValue</Data>
    <Data Name="UtcTime">2025-10-07 21:33:34.510</Data>
    <Data Name="ProcessGuid">8EED9800-813F-68E5-EB03-000000000000</Data>
    <Data Name="ProcessId">4</Data>
    <Data Name="Image">System</Data>
    <Data Name="TargetObject">HKLM\System\CurrentControlSet\Control\Class\{1ed2bbf9-11f0-4084-b21f-ad83a8e6dcdc}\0007\DriverVersion</Data>
    <Data Name="Details">10.0.17763.1</Data>
    <Data Name="User">NT AUTHORITY\SYSTEM</Data>
  </EventData>
</Event>
Record 92
<?xml version="1.0" encoding="utf-8"?>
<Event xmlns="http://schemas.microsoft.com/win/2004/08/events/event">
  <System>
    <Provider Name="Microsoft-Windows-Sysmon" Guid="5770385F-C22A-43E0-BF4C-06F5698FFBD9">
    </Provider>
    <EventID>13</EventID>
    <Version>2</Version>
    <Level>4</Level>
    <Task>13</Task>
    <Opcode>0</Opcode>
    <Keywords>0x8000000000000000</Keywords>
    <TimeCreated SystemTime="2025-10-07T21:33:34.523797Z">
    </TimeCreated>
    <EventRecordID>4399</EventRecordID>
    <Correlation>
    </Correlation>
    <Execution ProcessID="3016" ThreadID="2596">
    </Execution>
    <Channel>Microsoft-Windows-Sysmon/Operational</Channel>
    <Computer>EC2AMAZ-AGR00JO</Computer>
    <Security UserID="S-1-5-18">
    </Security>
  </System>
  <EventData>
    <Data Name="RuleName">Context,DeviceConnectedOrUpdated</Data>
    <Data Name="EventType">SetValue</Data>
    <Data Name="UtcTime">2025-10-07 21:33:34.510</Data>
    <Data Name="ProcessGuid">8EED9800-813F-68E5-EB03-000000000000</Data>
    <Data Name="ProcessId">4</Data>
    <Data Name="Image">System</Data>
    <Data Name="TargetObject">HKLM\System\CurrentControlSet\Enum\SWD\PRINTENUM\{8D677A2F-2FA6-4A24-A748-14ACA365E06F}\FriendlyName</Data>
    <Data Name="Details">Microsoft XPS Document Writer (redirected 2)</Data>
    <Data Name="User">NT AUTHORITY\SYSTEM</Data>
  </EventData>
</Event>
Record 93
<?xml version="1.0" encoding="utf-8"?>
<Event xmlns="http://schemas.microsoft.com/win/2004/08/events/event">
  <System>
    <Provider Name="Microsoft-Windows-Sysmon" Guid="5770385F-C22A-43E0-BF4C-06F5698FFBD9">
    </Provider>
    <EventID>13</EventID>
    <Version>2</Version>
    <Level>4</Level>
    <Task>13</Task>
    <Opcode>0</Opcode>
    <Keywords>0x8000000000000000</Keywords>
    <TimeCreated SystemTime="2025-10-07T21:33:34.530428Z">
    </TimeCreated>
    <EventRecordID>4400</EventRecordID>
    <Correlation>
    </Correlation>
    <Execution ProcessID="3016" ThreadID="2596">
    </Execution>
    <Channel>Microsoft-Windows-Sysmon/Operational</Channel>
    <Computer>EC2AMAZ-AGR00JO</Computer>
    <Security UserID="S-1-5-18">
    </Security>
  </System>
  <EventData>
    <Data Name="RuleName">Context,DeviceConnectedOrUpdated</Data>
    <Data Name="EventType">SetValue</Data>
    <Data Name="UtcTime">2025-10-07 21:33:34.526</Data>
    <Data Name="ProcessGuid">8EED9800-8143-68E5-3900-000000006703</Data>
    <Data Name="ProcessId">2672</Data>
    <Data Name="Image">C:\Windows\System32\spoolsv.exe</Data>
    <Data Name="TargetObject">HKLM\System\CurrentControlSet\Control\DeviceClasses\{0ecef634-6ef0-472a-8085-5ad023ecbccd}\##?#SWD#PRINTENUM#{8D677A2F-2FA6-4A24-A748-14ACA365E06F}#{0ecef634-6ef0-472a-8085-5ad023ecbccd}\#\Device Parameters\FriendlyName</Data>
    <Data Name="Details">Microsoft XPS Document Writer (redirected 2)</Data>
    <Data Name="User">NT AUTHORITY\SYSTEM</Data>
  </EventData>
</Event>
Record 94
<?xml version="1.0" encoding="utf-8"?>
<Event xmlns="http://schemas.microsoft.com/win/2004/08/events/event">
  <System>
    <Provider Name="Microsoft-Windows-Sysmon" Guid="5770385F-C22A-43E0-BF4C-06F5698FFBD9">
    </Provider>
    <EventID>22</EventID>
    <Version>5</Version>
    <Level>4</Level>
    <Task>22</Task>
    <Opcode>0</Opcode>
    <Keywords>0x8000000000000000</Keywords>
    <TimeCreated SystemTime="2025-10-07T21:33:48.340630Z">
    </TimeCreated>
    <EventRecordID>4401</EventRecordID>
    <Correlation>
    </Correlation>
    <Execution ProcessID="3016" ThreadID="4028">
    </Execution>
    <Channel>Microsoft-Windows-Sysmon/Operational</Channel>
    <Computer>EC2AMAZ-AGR00JO</Computer>
    <Security UserID="S-1-5-18">
    </Security>
  </System>
  <EventData>
    <Data Name="RuleName">-</Data>
    <Data Name="UtcTime">2025-10-07 21:33:46.219</Data>
    <Data Name="ProcessGuid">8EED9800-8144-68E5-3F00-000000006703</Data>
    <Data Name="ProcessId">2828</Data>
    <Data Name="QueryName">ssm.eu-west-2.amazonaws.com</Data>
    <Data Name="QueryStatus">0</Data>
    <Data Name="QueryResults">::ffff:13.43.45.150;</Data>
    <Data Name="Image">C:\Program Files\Amazon\SSM\amazon-ssm-agent.exe</Data>
    <Data Name="User">NT AUTHORITY\SYSTEM</Data>
  </EventData>
</Event>
