Record 1
<?xml version="1.0" encoding="utf-8"?>
<Event xmlns="http://schemas.microsoft.com/win/2004/08/events/event">
  <System>
    <Provider Name="Microsoft-Windows-Sysmon" Guid="5770385F-C22A-43E0-BF4C-06F5698FFBD9">
    </Provider>
    <EventID>1</EventID>
    <Version>5</Version>
    <Level>4</Level>
    <Task>1</Task>
    <Opcode>0</Opcode>
    <Keywords>0x8000000000000000</Keywords>
    <TimeCreated SystemTime="2025-10-07T21:20:06.837910Z">
    </TimeCreated>
    <EventRecordID>4308</EventRecordID>
    <Correlation>
    </Correlation>
    <Execution ProcessID="3016" ThreadID="2596">
    </Execution>
    <Channel>Microsoft-Windows-Sysmon/Operational</Channel>
    <Computer>EC2AMAZ-AGR00JO</Computer>
    <Security UserID="S-1-5-18">
    </Security>
  </System>
  <EventData>
    <Data Name="RuleName">-</Data>
    <Data Name="UtcTime">2025-10-07 21:20:06.832</Data>
    <Data Name="ProcessGuid">8EED9800-8406-68E5-3801-000000006703</Data>
    <Data Name="ProcessId">880</Data>
    <Data Name="Image">C:\Program Files\Wireshark\dumpcap.exe</Data>
    <Data Name="FileVersion">4.4.9</Data>
    <Data Name="Description">Dumpcap</Data>
    <Data Name="Product">Dumpcap</Data>
    <Data Name="Company">The Wireshark developer community</Data>
    <Data Name="OriginalFileName">Dumpcap.exe</Data>
    <Data Name="CommandLine">&quot;C:\Program Files\Wireshark\dumpcap.exe&quot; --log-level MESSAGE -F pcapng -i \Device\NPF_{54B31D7E-36BF-4BBE-9AB2-106A939CD78C} --ifdescr Ethernet -y EN10MB --signal-pipe 4968 -Z 1776</Data>
    <Data Name="CurrentDirectory">C:\Program Files\Wireshark\</Data>
    <Data Name="User">EC2AMAZ-AGR00JO\Administrator</Data>
    <Data Name="LogonGuid">8EED9800-8181-68E5-1AFA-020000000000</Data>
    <Data Name="LogonId">0x2fa1a</Data>
    <Data Name="TerminalSessionId">2</Data>
    <Data Name="IntegrityLevel">High</Data>
    <Data Name="Hashes">MD5=B1CF8C695330CB4C34C40B536BF0B58C,SHA256=C25B560313BC9B3FC6A8D7C32A5CB3F97D9A89918A1F3C698DC96A4CF58A794A,IMPHASH=676B7EB77D9BCEC59100AF330FEF41B7</Data>
    <Data Name="ParentProcessGuid">8EED9800-821E-68E5-EC00-000000006703</Data>
    <Data Name="ParentProcessId">4968</Data>
    <Data Name="ParentImage">C:\Program Files\Wireshark\Wireshark.exe</Data>
    <Data Name="ParentCommandLine">&quot;C:\Program Files\Wireshark\Wireshark.exe&quot;</Data>
    <Data Name="ParentUser">EC2AMAZ-AGR00JO\Administrator</Data>
  </EventData>
</Event>
Record 2
<?xml version="1.0" encoding="utf-8"?>
<Event xmlns="http://schemas.microsoft.com/win/2004/08/events/event">
  <System>
    <Provider Name="Microsoft-Windows-Sysmon" Guid="5770385F-C22A-43E0-BF4C-06F5698FFBD9">
    </Provider>
    <EventID>1</EventID>
    <Version>5</Version>
    <Level>4</Level>
    <Task>1</Task>
    <Opcode>0</Opcode>
    <Keywords>0x8000000000000000</Keywords>
    <TimeCreated SystemTime="2025-10-07T21:20:19.551982Z">
    </TimeCreated>
    <EventRecordID>4309</EventRecordID>
    <Correlation>
    </Correlation>
    <Execution ProcessID="3016" ThreadID="2596">
    </Execution>
    <Channel>Microsoft-Windows-Sysmon/Operational</Channel>
    <Computer>EC2AMAZ-AGR00JO</Computer>
    <Security UserID="S-1-5-18">
    </Security>
  </System>
  <EventData>
    <Data Name="RuleName">-</Data>
    <Data Name="UtcTime">2025-10-07 21:20:19.545</Data>
    <Data Name="ProcessGuid">8EED9800-8413-68E5-3A01-000000006703</Data>
    <Data Name="ProcessId">3480</Data>
    <Data Name="Image">C:\Windows\System32\notepad.exe</Data>
    <Data Name="FileVersion">10.0.17763.5328 (WinBuild.160101.0800)</Data>
    <Data Name="Description">Notepad</Data>
    <Data Name="Product">Microsoft® Windows® Operating System</Data>
    <Data Name="Company">Microsoft Corporation</Data>
    <Data Name="OriginalFileName">NOTEPAD.EXE</Data>
    <Data Name="CommandLine">&quot;C:\Windows\system32\NOTEPAD.EXE&quot; C:\inetpub\logs\LogFiles\W3SVC2\u_ex251007.log</Data>
    <Data Name="CurrentDirectory">C:\inetpub\logs\LogFiles\W3SVC2\</Data>
    <Data Name="User">EC2AMAZ-AGR00JO\Administrator</Data>
    <Data Name="LogonGuid">8EED9800-8181-68E5-1AFA-020000000000</Data>
    <Data Name="LogonId">0x2fa1a</Data>
    <Data Name="TerminalSessionId">2</Data>
    <Data Name="IntegrityLevel">High</Data>
    <Data Name="Hashes">MD5=C5B188AC73D5DCA677CF5712F65DE5AF,SHA256=714C533967FE9EA1C8AB7A9B31CFA13F0C1CEEBCD4BF4D365F9AE8E95764B983,IMPHASH=8F7DE39962C75ECC68F347EB42D61B66</Data>
    <Data Name="ParentProcessGuid">8EED9800-8183-68E5-7D00-000000006703</Data>
    <Data Name="ParentProcessId">2924</Data>
    <Data Name="ParentImage">C:\Windows\explorer.exe</Data>
    <Data Name="ParentCommandLine">C:\Windows\Explorer.EXE</Data>
    <Data Name="ParentUser">EC2AMAZ-AGR00JO\Administrator</Data>
  </EventData>
</Event>
Record 3
<?xml version="1.0" encoding="utf-8"?>
<Event xmlns="http://schemas.microsoft.com/win/2004/08/events/event">
  <System>
    <Provider Name="Microsoft-Windows-Sysmon" Guid="5770385F-C22A-43E0-BF4C-06F5698FFBD9">
    </Provider>
    <EventID>1</EventID>
    <Version>5</Version>
    <Level>4</Level>
    <Task>1</Task>
    <Opcode>0</Opcode>
    <Keywords>0x8000000000000000</Keywords>
    <TimeCreated SystemTime="2025-10-07T21:20:27.683125Z">
    </TimeCreated>
    <EventRecordID>4310</EventRecordID>
    <Correlation>
    </Correlation>
    <Execution ProcessID="3016" ThreadID="2596">
    </Execution>
    <Channel>Microsoft-Windows-Sysmon/Operational</Channel>
    <Computer>EC2AMAZ-AGR00JO</Computer>
    <Security UserID="S-1-5-18">
    </Security>
  </System>
  <EventData>
    <Data Name="RuleName">-</Data>
    <Data Name="UtcTime">2025-10-07 21:20:27.677</Data>
    <Data Name="ProcessGuid">8EED9800-841B-68E5-3C01-000000006703</Data>
    <Data Name="ProcessId">6036</Data>
    <Data Name="Image">C:\Windows\System32\inetsrv\InetMgr.exe</Data>
    <Data Name="FileVersion">10.0.17763.5830 (WinBuild.160101.0800)</Data>
    <Data Name="Description">IIS Manager</Data>
    <Data Name="Product">Internet Information Services</Data>
    <Data Name="Company">Microsoft Corporation</Data>
    <Data Name="OriginalFileName">InetMgr.exe</Data>
    <Data Name="CommandLine">&quot;C:\Windows\system32\inetsrv\InetMgr.exe&quot;</Data>
    <Data Name="CurrentDirectory">C:\Windows\system32\</Data>
    <Data Name="User">EC2AMAZ-AGR00JO\Administrator</Data>
    <Data Name="LogonGuid">8EED9800-8181-68E5-1AFA-020000000000</Data>
    <Data Name="LogonId">0x2fa1a</Data>
    <Data Name="TerminalSessionId">2</Data>
    <Data Name="IntegrityLevel">High</Data>
    <Data Name="Hashes">MD5=8FF3487302F811FA4CF958EF9B9DCC27,SHA256=1EFD520FF5B07C25C3B279F9297B3C10AC4F551182D941918C283D533820511C,IMPHASH=385203873B896522C9618B22DA6CD35D</Data>
    <Data Name="ParentProcessGuid">8EED9800-8183-68E5-7D00-000000006703</Data>
    <Data Name="ParentProcessId">2924</Data>
    <Data Name="ParentImage">C:\Windows\explorer.exe</Data>
    <Data Name="ParentCommandLine">C:\Windows\Explorer.EXE</Data>
    <Data Name="ParentUser">EC2AMAZ-AGR00JO\Administrator</Data>
  </EventData>
</Event>
Record 4
<?xml version="1.0" encoding="utf-8"?>
<Event xmlns="http://schemas.microsoft.com/win/2004/08/events/event">
  <System>
    <Provider Name="Microsoft-Windows-Sysmon" Guid="5770385F-C22A-43E0-BF4C-06F5698FFBD9">
    </Provider>
    <EventID>3</EventID>
    <Version>5</Version>
    <Level>4</Level>
    <Task>3</Task>
    <Opcode>0</Opcode>
    <Keywords>0x8000000000000000</Keywords>
    <TimeCreated SystemTime="2025-10-07T21:20:27.777942Z">
    </TimeCreated>
    <EventRecordID>4311</EventRecordID>
    <Correlation>
    </Correlation>
    <Execution ProcessID="3016" ThreadID="2948">
    </Execution>
    <Channel>Microsoft-Windows-Sysmon/Operational</Channel>
    <Computer>EC2AMAZ-AGR00JO</Computer>
    <Security UserID="S-1-5-18">
    </Security>
  </System>
  <EventData>
    <Data Name="RuleName">RDP</Data>
    <Data Name="UtcTime">2025-10-07 21:20:26.050</Data>
    <Data Name="ProcessGuid">8EED9800-8142-68E5-1300-000000006703</Data>
    <Data Name="ProcessId">912</Data>
    <Data Name="Image">C:\Windows\System32\svchost.exe</Data>
    <Data Name="User">NT AUTHORITY\NETWORK SERVICE</Data>
    <Data Name="Protocol">tcp</Data>
    <Data Name="Initiated">false</Data>
    <Data Name="SourceIsIpv6">false</Data>
    <Data Name="SourceIp">13.38.65.236</Data>
    <Data Name="SourceHostname">ec2-13-38-65-236.eu-west-3.compute.amazonaws.com</Data>
    <Data Name="SourcePort">64402</Data>
    <Data Name="SourcePortName">-</Data>
    <Data Name="DestinationIsIpv6">false</Data>
    <Data Name="DestinationIp">172.31.9.222</Data>
    <Data Name="DestinationHostname">EC2AMAZ-AGR00JO.eu-west-2.compute.internal</Data>
    <Data Name="DestinationPort">3389</Data>
    <Data Name="DestinationPortName">ms-wbt-server</Data>
  </EventData>
</Event>
Record 5
<?xml version="1.0" encoding="utf-8"?>
<Event xmlns="http://schemas.microsoft.com/win/2004/08/events/event">
  <System>
    <Provider Name="Microsoft-Windows-Sysmon" Guid="5770385F-C22A-43E0-BF4C-06F5698FFBD9">
    </Provider>
    <EventID>1</EventID>
    <Version>5</Version>
    <Level>4</Level>
    <Task>1</Task>
    <Opcode>0</Opcode>
    <Keywords>0x8000000000000000</Keywords>
    <TimeCreated SystemTime="2025-10-07T21:20:55.779028Z">
    </TimeCreated>
    <EventRecordID>4312</EventRecordID>
    <Correlation>
    </Correlation>
    <Execution ProcessID="3016" ThreadID="2596">
    </Execution>
    <Channel>Microsoft-Windows-Sysmon/Operational</Channel>
    <Computer>EC2AMAZ-AGR00JO</Computer>
    <Security UserID="S-1-5-18">
    </Security>
  </System>
  <EventData>
    <Data Name="RuleName">-</Data>
    <Data Name="UtcTime">2025-10-07 21:20:55.778</Data>
    <Data Name="ProcessGuid">8EED9800-8437-68E5-3F01-000000006703</Data>
    <Data Name="ProcessId">5544</Data>
    <Data Name="Image">C:\Program Files\Wireshark\dumpcap.exe</Data>
    <Data Name="FileVersion">4.4.9</Data>
    <Data Name="Description">Dumpcap</Data>
    <Data Name="Product">Dumpcap</Data>
    <Data Name="Company">The Wireshark developer community</Data>
    <Data Name="OriginalFileName">Dumpcap.exe</Data>
    <Data Name="CommandLine">&quot;C:\Program Files\Wireshark\dumpcap.exe&quot; --log-level MESSAGE -F pcapng -i \Device\NPF_{54B31D7E-36BF-4BBE-9AB2-106A939CD78C} --ifdescr Ethernet -y EN10MB --signal-pipe 4968 -Z 1452</Data>
    <Data Name="CurrentDirectory">C:\Program Files\Wireshark\</Data>
    <Data Name="User">EC2AMAZ-AGR00JO\Administrator</Data>
    <Data Name="LogonGuid">8EED9800-8181-68E5-1AFA-020000000000</Data>
    <Data Name="LogonId">0x2fa1a</Data>
    <Data Name="TerminalSessionId">2</Data>
    <Data Name="IntegrityLevel">High</Data>
    <Data Name="Hashes">MD5=B1CF8C695330CB4C34C40B536BF0B58C,SHA256=C25B560313BC9B3FC6A8D7C32A5CB3F97D9A89918A1F3C698DC96A4CF58A794A,IMPHASH=676B7EB77D9BCEC59100AF330FEF41B7</Data>
    <Data Name="ParentProcessGuid">8EED9800-821E-68E5-EC00-000000006703</Data>
    <Data Name="ParentProcessId">4968</Data>
    <Data Name="ParentImage">C:\Program Files\Wireshark\Wireshark.exe</Data>
    <Data Name="ParentCommandLine">&quot;C:\Program Files\Wireshark\Wireshark.exe&quot;</Data>
    <Data Name="ParentUser">EC2AMAZ-AGR00JO\Administrator</Data>
  </EventData>
</Event>
Record 6
<?xml version="1.0" encoding="utf-8"?>
<Event xmlns="http://schemas.microsoft.com/win/2004/08/events/event">
  <System>
    <Provider Name="Microsoft-Windows-Sysmon" Guid="5770385F-C22A-43E0-BF4C-06F5698FFBD9">
    </Provider>
    <EventID>1</EventID>
    <Version>5</Version>
    <Level>4</Level>
    <Task>1</Task>
    <Opcode>0</Opcode>
    <Keywords>0x8000000000000000</Keywords>
    <TimeCreated SystemTime="2025-10-07T21:20:59.904114Z">
    </TimeCreated>
    <EventRecordID>4313</EventRecordID>
    <Correlation>
    </Correlation>
    <Execution ProcessID="3016" ThreadID="2596">
    </Execution>
    <Channel>Microsoft-Windows-Sysmon/Operational</Channel>
    <Computer>EC2AMAZ-AGR00JO</Computer>
    <Security UserID="S-1-5-18">
    </Security>
  </System>
  <EventData>
    <Data Name="RuleName">-</Data>
    <Data Name="UtcTime">2025-10-07 21:20:59.900</Data>
    <Data Name="ProcessGuid">8EED9800-843B-68E5-4101-000000006703</Data>
    <Data Name="ProcessId">5380</Data>
    <Data Name="Image">C:\Windows\System32\LogonUI.exe</Data>
    <Data Name="FileVersion">10.0.17763.1 (WinBuild.160101.0800)</Data>
    <Data Name="Description">Windows Logon User Interface Host</Data>
    <Data Name="Product">Microsoft® Windows® Operating System</Data>
    <Data Name="Company">Microsoft Corporation</Data>
    <Data Name="OriginalFileName">logonui.exe</Data>
    <Data Name="CommandLine">&quot;LogonUI.exe&quot; /flags:0x0 /state0:0xa3942855 /state1:0x41c64e6d</Data>
    <Data Name="CurrentDirectory">C:\Windows\system32\</Data>
    <Data Name="User">NT AUTHORITY\SYSTEM</Data>
    <Data Name="LogonGuid">8EED9800-8141-68E5-E703-000000000000</Data>
    <Data Name="LogonId">0x3e7</Data>
    <Data Name="TerminalSessionId">2</Data>
    <Data Name="IntegrityLevel">System</Data>
    <Data Name="Hashes">MD5=33F89DD9629CB0422A2C17268376232D,SHA256=9358EF8CB7FB08581D74274005263BD8FA2E6E0FC443930B25FD345CF6CE9071,IMPHASH=B9B0B64B08B38276711093CA94348D39</Data>
    <Data Name="ParentProcessGuid">8EED9800-8180-68E5-6600-000000006703</Data>
    <Data Name="ParentProcessId">4560</Data>
    <Data Name="ParentImage">C:\Windows\System32\winlogon.exe</Data>
    <Data Name="ParentCommandLine">winlogon.exe</Data>
    <Data Name="ParentUser">NT AUTHORITY\SYSTEM</Data>
  </EventData>
</Event>
Record 7
<?xml version="1.0" encoding="utf-8"?>
<Event xmlns="http://schemas.microsoft.com/win/2004/08/events/event">
  <System>
    <Provider Name="Microsoft-Windows-Sysmon" Guid="5770385F-C22A-43E0-BF4C-06F5698FFBD9">
    </Provider>
    <EventID>1</EventID>
    <Version>5</Version>
    <Level>4</Level>
    <Task>1</Task>
    <Opcode>0</Opcode>
    <Keywords>0x8000000000000000</Keywords>
    <TimeCreated SystemTime="2025-10-07T21:20:59.920008Z">
    </TimeCreated>
    <EventRecordID>4314</EventRecordID>
    <Correlation>
    </Correlation>
    <Execution ProcessID="3016" ThreadID="2596">
    </Execution>
    <Channel>Microsoft-Windows-Sysmon/Operational</Channel>
    <Computer>EC2AMAZ-AGR00JO</Computer>
    <Security UserID="S-1-5-18">
    </Security>
  </System>
  <EventData>
    <Data Name="RuleName">-</Data>
    <Data Name="UtcTime">2025-10-07 21:20:59.918</Data>
    <Data Name="ProcessGuid">8EED9800-843B-68E5-4201-000000006703</Data>
    <Data Name="ProcessId">5816</Data>
    <Data Name="Image">C:\Windows\System32\TSTheme.exe</Data>
    <Data Name="FileVersion">10.0.17763.1697 (WinBuild.160101.0800)</Data>
    <Data Name="Description">TSTheme Server Module</Data>
    <Data Name="Product">Microsoft® Windows® Operating System</Data>
    <Data Name="Company">Microsoft Corporation</Data>
    <Data Name="OriginalFileName">TSThemeS.exe</Data>
    <Data Name="CommandLine">C:\Windows\system32\TSTheme.exe -Embedding</Data>
    <Data Name="CurrentDirectory">C:\Windows\system32\</Data>
    <Data Name="User">EC2AMAZ-AGR00JO\Administrator</Data>
    <Data Name="LogonGuid">8EED9800-8181-68E5-1AFA-020000000000</Data>
    <Data Name="LogonId">0x2fa1a</Data>
    <Data Name="TerminalSessionId">2</Data>
    <Data Name="IntegrityLevel">High</Data>
    <Data Name="Hashes">MD5=678B049F46799F3FA858CE79376EB7B5,SHA256=C1879B15C38D1C9BB86BCFD08A0B7D8A0809C553F8F1985659D7DA0C883EA4F7,IMPHASH=B70390445EE6DE87340DFE5CB7439893</Data>
    <Data Name="ParentProcessGuid">8EED9800-8142-68E5-0E00-000000006703</Data>
    <Data Name="ParentProcessId">916</Data>
    <Data Name="ParentImage">C:\Windows\System32\svchost.exe</Data>
    <Data Name="ParentCommandLine">C:\Windows\system32\svchost.exe -k DcomLaunch -p</Data>
    <Data Name="ParentUser">NT AUTHORITY\SYSTEM</Data>
  </EventData>
</Event>
Record 8
<?xml version="1.0" encoding="utf-8"?>
<Event xmlns="http://schemas.microsoft.com/win/2004/08/events/event">
  <System>
    <Provider Name="Microsoft-Windows-Sysmon" Guid="5770385F-C22A-43E0-BF4C-06F5698FFBD9">
    </Provider>
    <EventID>1</EventID>
    <Version>5</Version>
    <Level>4</Level>
    <Task>1</Task>
    <Opcode>0</Opcode>
    <Keywords>0x8000000000000000</Keywords>
    <TimeCreated SystemTime="2025-10-07T21:21:00.086029Z">
    </TimeCreated>
    <EventRecordID>4315</EventRecordID>
    <Correlation>
    </Correlation>
    <Execution ProcessID="3016" ThreadID="2596">
    </Execution>
    <Channel>Microsoft-Windows-Sysmon/Operational</Channel>
    <Computer>EC2AMAZ-AGR00JO</Computer>
    <Security UserID="S-1-5-18">
    </Security>
  </System>
  <EventData>
    <Data Name="RuleName">-</Data>
    <Data Name="UtcTime">2025-10-07 21:21:00.084</Data>
    <Data Name="ProcessGuid">8EED9800-843C-68E5-4301-000000006703</Data>
    <Data Name="ProcessId">500</Data>
    <Data Name="Image">C:\Windows\System32\taskhostw.exe</Data>
    <Data Name="FileVersion">10.0.17763.1852 (WinBuild.160101.0800)</Data>
    <Data Name="Description">Host Process for Windows Tasks</Data>
    <Data Name="Product">Microsoft® Windows® Operating System</Data>
    <Data Name="Company">Microsoft Corporation</Data>
    <Data Name="OriginalFileName">taskhostw.exe</Data>
    <Data Name="CommandLine">taskhostw.exe KEYROAMING</Data>
    <Data Name="CurrentDirectory">C:\Windows\system32\</Data>
    <Data Name="User">EC2AMAZ-AGR00JO\Administrator</Data>
    <Data Name="LogonGuid">8EED9800-8181-68E5-1AFA-020000000000</Data>
    <Data Name="LogonId">0x2fa1a</Data>
    <Data Name="TerminalSessionId">2</Data>
    <Data Name="IntegrityLevel">High</Data>
    <Data Name="Hashes">MD5=8BD7B08DA6BCA54DF9B595E4D9281BEB,SHA256=DE85F29A8BC7219F10A4AC88654C3901ABC329D7505B21CD95CBF780D1EBCCF4,IMPHASH=9839C7FD9649496B162F72128209528A</Data>
    <Data Name="ParentProcessGuid">8EED9800-8143-68E5-2400-000000006703</Data>
    <Data Name="ParentProcessId">1652</Data>
    <Data Name="ParentImage">C:\Windows\System32\svchost.exe</Data>
    <Data Name="ParentCommandLine">C:\Windows\system32\svchost.exe -k netsvcs -p -s Schedule</Data>
    <Data Name="ParentUser">NT AUTHORITY\SYSTEM</Data>
  </EventData>
</Event>
Record 9
<?xml version="1.0" encoding="utf-8"?>
<Event xmlns="http://schemas.microsoft.com/win/2004/08/events/event">
  <System>
    <Provider Name="Microsoft-Windows-Sysmon" Guid="5770385F-C22A-43E0-BF4C-06F5698FFBD9">
    </Provider>
    <EventID>13</EventID>
    <Version>2</Version>
    <Level>4</Level>
    <Task>13</Task>
    <Opcode>0</Opcode>
    <Keywords>0x8000000000000000</Keywords>
    <TimeCreated SystemTime="2025-10-07T21:21:00.156947Z">
    </TimeCreated>
    <EventRecordID>4316</EventRecordID>
    <Correlation>
    </Correlation>
    <Execution ProcessID="3016" ThreadID="2596">
    </Execution>
    <Channel>Microsoft-Windows-Sysmon/Operational</Channel>
    <Computer>EC2AMAZ-AGR00JO</Computer>
    <Security UserID="S-1-5-18">
    </Security>
  </System>
  <EventData>
    <Data Name="RuleName">InvDB-DriverVer</Data>
    <Data Name="EventType">SetValue</Data>
    <Data Name="UtcTime">2025-10-07 21:21:00.146</Data>
    <Data Name="ProcessGuid">8EED9800-8143-68E5-3900-000000006703</Data>
    <Data Name="ProcessId">2672</Data>
    <Data Name="Image">C:\Windows\System32\spoolsv.exe</Data>
    <Data Name="TargetObject">HKLM\SOFTWARE\Microsoft\Windows NT\CurrentVersion\Print\Printers\Microsoft Print to PDF (redirected 2)\DsDriver\driverVersion</Data>
    <Data Name="Details">DWORD (0x00000401)</Data>
    <Data Name="User">NT AUTHORITY\SYSTEM</Data>
  </EventData>
</Event>
Record 10
<?xml version="1.0" encoding="utf-8"?>
<Event xmlns="http://schemas.microsoft.com/win/2004/08/events/event">
  <System>
    <Provider Name="Microsoft-Windows-Sysmon" Guid="5770385F-C22A-43E0-BF4C-06F5698FFBD9">
    </Provider>
    <EventID>12</EventID>
    <Version>2</Version>
    <Level>4</Level>
    <Task>12</Task>
    <Opcode>0</Opcode>
    <Keywords>0x8000000000000000</Keywords>
    <TimeCreated SystemTime="2025-10-07T21:21:00.170418Z">
    </TimeCreated>
    <EventRecordID>4317</EventRecordID>
    <Correlation>
    </Correlation>
    <Execution ProcessID="3016" ThreadID="2596">
    </Execution>
    <Channel>Microsoft-Windows-Sysmon/Operational</Channel>
    <Computer>EC2AMAZ-AGR00JO</Computer>
    <Security UserID="S-1-5-18">
    </Security>
  </System>
  <EventData>
    <Data Name="RuleName">Context,DeviceConnectedOrUpdated</Data>
    <Data Name="EventType">DeleteValue</Data>
    <Data Name="UtcTime">2025-10-07 21:21:00.162</Data>
    <Data Name="ProcessGuid">8EED9800-8143-68E5-3900-000000006703</Data>
    <Data Name="ProcessId">2672</Data>
    <Data Name="Image">C:\Windows\System32\spoolsv.exe</Data>
    <Data Name="TargetObject">HKLM\System\CurrentControlSet\Control\DeviceClasses\{0ecef634-6ef0-472a-8085-5ad023ecbccd}\##?#SWD#PRINTENUM#{FA04B239-C2C2-4449-8B30-0202EBCE4E46}#{0ecef634-6ef0-472a-8085-5ad023ecbccd}\#\Device Parameters\FriendlyName</Data>
    <Data Name="User">NT AUTHORITY\SYSTEM</Data>
  </EventData>
</Event>
Record 11
<?xml version="1.0" encoding="utf-8"?>
<Event xmlns="http://schemas.microsoft.com/win/2004/08/events/event">
  <System>
    <Provider Name="Microsoft-Windows-Sysmon" Guid="5770385F-C22A-43E0-BF4C-06F5698FFBD9">
    </Provider>
    <EventID>12</EventID>
    <Version>2</Version>
    <Level>4</Level>
    <Task>12</Task>
    <Opcode>0</Opcode>
    <Keywords>0x8000000000000000</Keywords>
    <TimeCreated SystemTime="2025-10-07T21:21:00.172890Z">
    </TimeCreated>
    <EventRecordID>4318</EventRecordID>
    <Correlation>
    </Correlation>
    <Execution ProcessID="3016" ThreadID="2596">
    </Execution>
    <Channel>Microsoft-Windows-Sysmon/Operational</Channel>
    <Computer>EC2AMAZ-AGR00JO</Computer>
    <Security UserID="S-1-5-18">
    </Security>
  </System>
  <EventData>
    <Data Name="RuleName">InvDB-DriverVer</Data>
    <Data Name="EventType">DeleteValue</Data>
    <Data Name="UtcTime">2025-10-07 21:21:00.162</Data>
    <Data Name="ProcessGuid">8EED9800-8143-68E5-3900-000000006703</Data>
    <Data Name="ProcessId">2672</Data>
    <Data Name="Image">C:\Windows\System32\spoolsv.exe</Data>
    <Data Name="TargetObject">HKLM\System\CurrentControlSet\Control\Class\{1ed2bbf9-11f0-4084-b21f-ad83a8e6dcdc}\0003\DriverVersion</Data>
    <Data Name="User">NT AUTHORITY\SYSTEM</Data>
  </EventData>
</Event>
Record 12
<?xml version="1.0" encoding="utf-8"?>
<Event xmlns="http://schemas.microsoft.com/win/2004/08/events/event">
  <System>
    <Provider Name="Microsoft-Windows-Sysmon" Guid="5770385F-C22A-43E0-BF4C-06F5698FFBD9">
    </Provider>
    <EventID>12</EventID>
    <Version>2</Version>
    <Level>4</Level>
    <Task>12</Task>
    <Opcode>0</Opcode>
    <Keywords>0x8000000000000000</Keywords>
    <TimeCreated SystemTime="2025-10-07T21:21:00.174694Z">
    </TimeCreated>
    <EventRecordID>4319</EventRecordID>
    <Correlation>
    </Correlation>
    <Execution ProcessID="3016" ThreadID="2596">
    </Execution>
    <Channel>Microsoft-Windows-Sysmon/Operational</Channel>
    <Computer>EC2AMAZ-AGR00JO</Computer>
    <Security UserID="S-1-5-18">
    </Security>
  </System>
  <EventData>
    <Data Name="RuleName">Context,DeviceConnectedOrUpdated</Data>
    <Data Name="EventType">DeleteValue</Data>
    <Data Name="UtcTime">2025-10-07 21:21:00.162</Data>
    <Data Name="ProcessGuid">8EED9800-8143-68E5-3900-000000006703</Data>
    <Data Name="ProcessId">2672</Data>
    <Data Name="Image">C:\Windows\System32\spoolsv.exe</Data>
    <Data Name="TargetObject">HKLM\System\CurrentControlSet\Enum\SWD\PRINTENUM\{FA04B239-C2C2-4449-8B30-0202EBCE4E46}\FriendlyName</Data>
    <Data Name="User">NT AUTHORITY\SYSTEM</Data>
  </EventData>
</Event>
Record 13
<?xml version="1.0" encoding="utf-8"?>
<Event xmlns="http://schemas.microsoft.com/win/2004/08/events/event">
  <System>
    <Provider Name="Microsoft-Windows-Sysmon" Guid="5770385F-C22A-43E0-BF4C-06F5698FFBD9">
    </Provider>
    <EventID>13</EventID>
    <Version>2</Version>
    <Level>4</Level>
    <Task>13</Task>
    <Opcode>0</Opcode>
    <Keywords>0x8000000000000000</Keywords>
    <TimeCreated SystemTime="2025-10-07T21:21:00.181704Z">
    </TimeCreated>
    <EventRecordID>4320</EventRecordID>
    <Correlation>
    </Correlation>
    <Execution ProcessID="3016" ThreadID="2596">
    </Execution>
    <Channel>Microsoft-Windows-Sysmon/Operational</Channel>
    <Computer>EC2AMAZ-AGR00JO</Computer>
    <Security UserID="S-1-5-18">
    </Security>
  </System>
  <EventData>
    <Data Name="RuleName">InvDB-DriverVer</Data>
    <Data Name="EventType">SetValue</Data>
    <Data Name="UtcTime">2025-10-07 21:21:00.162</Data>
    <Data Name="ProcessGuid">8EED9800-8143-68E5-3900-000000006703</Data>
    <Data Name="ProcessId">2672</Data>
    <Data Name="Image">C:\Windows\System32\spoolsv.exe</Data>
    <Data Name="TargetObject">HKLM\SOFTWARE\Microsoft\Windows NT\CurrentVersion\Print\Printers\Microsoft Print to PDF (redirected 2),5\DsDriver\driverVersion</Data>
    <Data Name="Details">DWORD (0x00000401)</Data>
    <Data Name="User">NT AUTHORITY\SYSTEM</Data>
  </EventData>
</Event>
Record 14
<?xml version="1.0" encoding="utf-8"?>
<Event xmlns="http://schemas.microsoft.com/win/2004/08/events/event">
  <System>
    <Provider Name="Microsoft-Windows-Sysmon" Guid="5770385F-C22A-43E0-BF4C-06F5698FFBD9">
    </Provider>
    <EventID>13</EventID>
    <Version>2</Version>
    <Level>4</Level>
    <Task>13</Task>
    <Opcode>0</Opcode>
    <Keywords>0x8000000000000000</Keywords>
    <TimeCreated SystemTime="2025-10-07T21:21:00.268335Z">
    </TimeCreated>
    <EventRecordID>4321</EventRecordID>
    <Correlation>
    </Correlation>
    <Execution ProcessID="3016" ThreadID="2596">
    </Execution>
    <Channel>Microsoft-Windows-Sysmon/Operational</Channel>
    <Computer>EC2AMAZ-AGR00JO</Computer>
    <Security UserID="S-1-5-18">
    </Security>
  </System>
  <EventData>
    <Data Name="RuleName">InvDB-DriverVer</Data>
    <Data Name="EventType">SetValue</Data>
    <Data Name="UtcTime">2025-10-07 21:21:00.255</Data>
    <Data Name="ProcessGuid">8EED9800-8143-68E5-3900-000000006703</Data>
    <Data Name="ProcessId">2672</Data>
    <Data Name="Image">C:\Windows\System32\spoolsv.exe</Data>
    <Data Name="TargetObject">HKLM\SOFTWARE\Microsoft\Windows NT\CurrentVersion\Print\Printers\Microsoft XPS Document Writer (redirected 2)\DsDriver\driverVersion</Data>
    <Data Name="Details">DWORD (0x00000401)</Data>
    <Data Name="User">NT AUTHORITY\SYSTEM</Data>
  </EventData>
</Event>
Record 15
<?xml version="1.0" encoding="utf-8"?>
<Event xmlns="http://schemas.microsoft.com/win/2004/08/events/event">
  <System>
    <Provider Name="Microsoft-Windows-Sysmon" Guid="5770385F-C22A-43E0-BF4C-06F5698FFBD9">
    </Provider>
    <EventID>12</EventID>
    <Version>2</Version>
    <Level>4</Level>
    <Task>12</Task>
    <Opcode>0</Opcode>
    <Keywords>0x8000000000000000</Keywords>
    <TimeCreated SystemTime="2025-10-07T21:21:00.280740Z">
    </TimeCreated>
    <EventRecordID>4322</EventRecordID>
    <Correlation>
    </Correlation>
    <Execution ProcessID="3016" ThreadID="2596">
    </Execution>
    <Channel>Microsoft-Windows-Sysmon/Operational</Channel>
    <Computer>EC2AMAZ-AGR00JO</Computer>
    <Security UserID="S-1-5-18">
    </Security>
  </System>
  <EventData>
    <Data Name="RuleName">Context,DeviceConnectedOrUpdated</Data>
    <Data Name="EventType">DeleteValue</Data>
    <Data Name="UtcTime">2025-10-07 21:21:00.271</Data>
    <Data Name="ProcessGuid">8EED9800-8143-68E5-3900-000000006703</Data>
    <Data Name="ProcessId">2672</Data>
    <Data Name="Image">C:\Windows\System32\spoolsv.exe</Data>
    <Data Name="TargetObject">HKLM\System\CurrentControlSet\Control\DeviceClasses\{0ecef634-6ef0-472a-8085-5ad023ecbccd}\##?#SWD#PRINTENUM#{270B9AA7-8F74-40F3-AF9E-B941DB1548C6}#{0ecef634-6ef0-472a-8085-5ad023ecbccd}\#\Device Parameters\FriendlyName</Data>
    <Data Name="User">NT AUTHORITY\SYSTEM</Data>
  </EventData>
</Event>
Record 16
<?xml version="1.0" encoding="utf-8"?>
<Event xmlns="http://schemas.microsoft.com/win/2004/08/events/event">
  <System>
    <Provider Name="Microsoft-Windows-Sysmon" Guid="5770385F-C22A-43E0-BF4C-06F5698FFBD9">
    </Provider>
    <EventID>12</EventID>
    <Version>2</Version>
    <Level>4</Level>
    <Task>12</Task>
    <Opcode>0</Opcode>
    <Keywords>0x8000000000000000</Keywords>
    <TimeCreated SystemTime="2025-10-07T21:21:00.283184Z">
    </TimeCreated>
    <EventRecordID>4323</EventRecordID>
    <Correlation>
    </Correlation>
    <Execution ProcessID="3016" ThreadID="2596">
    </Execution>
    <Channel>Microsoft-Windows-Sysmon/Operational</Channel>
    <Computer>EC2AMAZ-AGR00JO</Computer>
    <Security UserID="S-1-5-18">
    </Security>
  </System>
  <EventData>
    <Data Name="RuleName">InvDB-DriverVer</Data>
    <Data Name="EventType">DeleteValue</Data>
    <Data Name="UtcTime">2025-10-07 21:21:00.271</Data>
    <Data Name="ProcessGuid">8EED9800-8143-68E5-3900-000000006703</Data>
    <Data Name="ProcessId">2672</Data>
    <Data Name="Image">C:\Windows\System32\spoolsv.exe</Data>
    <Data Name="TargetObject">HKLM\System\CurrentControlSet\Control\Class\{1ed2bbf9-11f0-4084-b21f-ad83a8e6dcdc}\0004\DriverVersion</Data>
    <Data Name="User">NT AUTHORITY\SYSTEM</Data>
  </EventData>
</Event>
Record 17
<?xml version="1.0" encoding="utf-8"?>
<Event xmlns="http://schemas.microsoft.com/win/2004/08/events/event">
  <System>
    <Provider Name="Microsoft-Windows-Sysmon" Guid="5770385F-C22A-43E0-BF4C-06F5698FFBD9">
    </Provider>
    <EventID>12</EventID>
    <Version>2</Version>
    <Level>4</Level>
    <Task>12</Task>
    <Opcode>0</Opcode>
    <Keywords>0x8000000000000000</Keywords>
    <TimeCreated SystemTime="2025-10-07T21:21:00.284977Z">
    </TimeCreated>
    <EventRecordID>4324</EventRecordID>
    <Correlation>
    </Correlation>
    <Execution ProcessID="3016" ThreadID="2596">
    </Execution>
    <Channel>Microsoft-Windows-Sysmon/Operational</Channel>
    <Computer>EC2AMAZ-AGR00JO</Computer>
    <Security UserID="S-1-5-18">
    </Security>
  </System>
  <EventData>
    <Data Name="RuleName">Context,DeviceConnectedOrUpdated</Data>
    <Data Name="EventType">DeleteValue</Data>
    <Data Name="UtcTime">2025-10-07 21:21:00.271</Data>
    <Data Name="ProcessGuid">8EED9800-8143-68E5-3900-000000006703</Data>
    <Data Name="ProcessId">2672</Data>
    <Data Name="Image">C:\Windows\System32\spoolsv.exe</Data>
    <Data Name="TargetObject">HKLM\System\CurrentControlSet\Enum\SWD\PRINTENUM\{270B9AA7-8F74-40F3-AF9E-B941DB1548C6}\FriendlyName</Data>
    <Data Name="User">NT AUTHORITY\SYSTEM</Data>
  </EventData>
</Event>
Record 18
<?xml version="1.0" encoding="utf-8"?>
<Event xmlns="http://schemas.microsoft.com/win/2004/08/events/event">
  <System>
    <Provider Name="Microsoft-Windows-Sysmon" Guid="5770385F-C22A-43E0-BF4C-06F5698FFBD9">
    </Provider>
    <EventID>13</EventID>
    <Version>2</Version>
    <Level>4</Level>
    <Task>13</Task>
    <Opcode>0</Opcode>
    <Keywords>0x8000000000000000</Keywords>
    <TimeCreated SystemTime="2025-10-07T21:21:00.292127Z">
    </TimeCreated>
    <EventRecordID>4325</EventRecordID>
    <Correlation>
    </Correlation>
    <Execution ProcessID="3016" ThreadID="2596">
    </Execution>
    <Channel>Microsoft-Windows-Sysmon/Operational</Channel>
    <Computer>EC2AMAZ-AGR00JO</Computer>
    <Security UserID="S-1-5-18">
    </Security>
  </System>
  <EventData>
    <Data Name="RuleName">InvDB-DriverVer</Data>
    <Data Name="EventType">SetValue</Data>
    <Data Name="UtcTime">2025-10-07 21:21:00.287</Data>
    <Data Name="ProcessGuid">8EED9800-8143-68E5-3900-000000006703</Data>
    <Data Name="ProcessId">2672</Data>
    <Data Name="Image">C:\Windows\System32\spoolsv.exe</Data>
    <Data Name="TargetObject">HKLM\SOFTWARE\Microsoft\Windows NT\CurrentVersion\Print\Printers\Microsoft XPS Document Writer (redirected 2),6\DsDriver\driverVersion</Data>
    <Data Name="Details">DWORD (0x00000401)</Data>
    <Data Name="User">NT AUTHORITY\SYSTEM</Data>
  </EventData>
</Event>
Record 19
<?xml version="1.0" encoding="utf-8"?>
<Event xmlns="http://schemas.microsoft.com/win/2004/08/events/event">
  <System>
    <Provider Name="Microsoft-Windows-Sysmon" Guid="5770385F-C22A-43E0-BF4C-06F5698FFBD9">
    </Provider>
    <EventID>13</EventID>
    <Version>2</Version>
    <Level>4</Level>
    <Task>13</Task>
    <Opcode>0</Opcode>
    <Keywords>0x8000000000000000</Keywords>
    <TimeCreated SystemTime="2025-10-07T21:21:00.366444Z">
    </TimeCreated>
    <EventRecordID>4326</EventRecordID>
    <Correlation>
    </Correlation>
    <Execution ProcessID="3016" ThreadID="2596">
    </Execution>
    <Channel>Microsoft-Windows-Sysmon/Operational</Channel>
    <Computer>EC2AMAZ-AGR00JO</Computer>
    <Security UserID="S-1-5-18">
    </Security>
  </System>
  <EventData>
    <Data Name="RuleName">InvDB-DriverVer</Data>
    <Data Name="EventType">SetValue</Data>
    <Data Name="UtcTime">2025-10-07 21:21:00.365</Data>
    <Data Name="ProcessGuid">8EED9800-8143-68E5-3900-000000006703</Data>
    <Data Name="ProcessId">2672</Data>
    <Data Name="Image">C:\Windows\System32\spoolsv.exe</Data>
    <Data Name="TargetObject">HKLM\SOFTWARE\Microsoft\Windows NT\CurrentVersion\Print\Printers\OneNote for Windows 10 (redirected 2)\DsDriver\driverVersion</Data>
    <Data Name="Details">DWORD (0x00000401)</Data>
    <Data Name="User">NT AUTHORITY\SYSTEM</Data>
  </EventData>
</Event>
Record 20
<?xml version="1.0" encoding="utf-8"?>
<Event xmlns="http://schemas.microsoft.com/win/2004/08/events/event">
  <System>
    <Provider Name="Microsoft-Windows-Sysmon" Guid="5770385F-C22A-43E0-BF4C-06F5698FFBD9">
    </Provider>
    <EventID>12</EventID>
    <Version>2</Version>
    <Level>4</Level>
    <Task>12</Task>
    <Opcode>0</Opcode>
    <Keywords>0x8000000000000000</Keywords>
    <TimeCreated SystemTime="2025-10-07T21:21:00.378423Z">
    </TimeCreated>
    <EventRecordID>4327</EventRecordID>
    <Correlation>
    </Correlation>
    <Execution ProcessID="3016" ThreadID="2596">
    </Execution>
    <Channel>Microsoft-Windows-Sysmon/Operational</Channel>
    <Computer>EC2AMAZ-AGR00JO</Computer>
    <Security UserID="S-1-5-18">
    </Security>
  </System>
  <EventData>
    <Data Name="RuleName">Context,DeviceConnectedOrUpdated</Data>
    <Data Name="EventType">DeleteValue</Data>
    <Data Name="UtcTime">2025-10-07 21:21:00.365</Data>
    <Data Name="ProcessGuid">8EED9800-8143-68E5-3900-000000006703</Data>
    <Data Name="ProcessId">2672</Data>
    <Data Name="Image">C:\Windows\System32\spoolsv.exe</Data>
    <Data Name="TargetObject">HKLM\System\CurrentControlSet\Control\DeviceClasses\{0ecef634-6ef0-472a-8085-5ad023ecbccd}\##?#SWD#PRINTENUM#{D80BC162-830E-4E9D-BDFF-182A8A43F26B}#{0ecef634-6ef0-472a-8085-5ad023ecbccd}\#\Device Parameters\FriendlyName</Data>
    <Data Name="User">NT AUTHORITY\SYSTEM</Data>
  </EventData>
</Event>
Record 21
<?xml version="1.0" encoding="utf-8"?>
<Event xmlns="http://schemas.microsoft.com/win/2004/08/events/event">
  <System>
    <Provider Name="Microsoft-Windows-Sysmon" Guid="5770385F-C22A-43E0-BF4C-06F5698FFBD9">
    </Provider>
    <EventID>12</EventID>
    <Version>2</Version>
    <Level>4</Level>
    <Task>12</Task>
    <Opcode>0</Opcode>
    <Keywords>0x8000000000000000</Keywords>
    <TimeCreated SystemTime="2025-10-07T21:21:00.380993Z">
    </TimeCreated>
    <EventRecordID>4328</EventRecordID>
    <Correlation>
    </Correlation>
    <Execution ProcessID="3016" ThreadID="2596">
    </Execution>
    <Channel>Microsoft-Windows-Sysmon/Operational</Channel>
    <Computer>EC2AMAZ-AGR00JO</Computer>
    <Security UserID="S-1-5-18">
    </Security>
  </System>
  <EventData>
    <Data Name="RuleName">InvDB-DriverVer</Data>
    <Data Name="EventType">DeleteValue</Data>
    <Data Name="UtcTime">2025-10-07 21:21:00.365</Data>
    <Data Name="ProcessGuid">8EED9800-8143-68E5-3900-000000006703</Data>
    <Data Name="ProcessId">2672</Data>
    <Data Name="Image">C:\Windows\System32\spoolsv.exe</Data>
    <Data Name="TargetObject">HKLM\System\CurrentControlSet\Control\Class\{1ed2bbf9-11f0-4084-b21f-ad83a8e6dcdc}\0005\DriverVersion</Data>
    <Data Name="User">NT AUTHORITY\SYSTEM</Data>
  </EventData>
</Event>
Record 22
<?xml version="1.0" encoding="utf-8"?>
<Event xmlns="http://schemas.microsoft.com/win/2004/08/events/event">
  <System>
    <Provider Name="Microsoft-Windows-Sysmon" Guid="5770385F-C22A-43E0-BF4C-06F5698FFBD9">
    </Provider>
    <EventID>12</EventID>
    <Version>2</Version>
    <Level>4</Level>
    <Task>12</Task>
    <Opcode>0</Opcode>
    <Keywords>0x8000000000000000</Keywords>
    <TimeCreated SystemTime="2025-10-07T21:21:00.382800Z">
    </TimeCreated>
    <EventRecordID>4329</EventRecordID>
    <Correlation>
    </Correlation>
    <Execution ProcessID="3016" ThreadID="2596">
    </Execution>
    <Channel>Microsoft-Windows-Sysmon/Operational</Channel>
    <Computer>EC2AMAZ-AGR00JO</Computer>
    <Security UserID="S-1-5-18">
    </Security>
  </System>
  <EventData>
    <Data Name="RuleName">Context,DeviceConnectedOrUpdated</Data>
    <Data Name="EventType">DeleteValue</Data>
    <Data Name="UtcTime">2025-10-07 21:21:00.365</Data>
    <Data Name="ProcessGuid">8EED9800-8143-68E5-3900-000000006703</Data>
    <Data Name="ProcessId">2672</Data>
    <Data Name="Image">C:\Windows\System32\spoolsv.exe</Data>
    <Data Name="TargetObject">HKLM\System\CurrentControlSet\Enum\SWD\PRINTENUM\{D80BC162-830E-4E9D-BDFF-182A8A43F26B}\FriendlyName</Data>
    <Data Name="User">NT AUTHORITY\SYSTEM</Data>
  </EventData>
</Event>
Record 23
<?xml version="1.0" encoding="utf-8"?>
<Event xmlns="http://schemas.microsoft.com/win/2004/08/events/event">
  <System>
    <Provider Name="Microsoft-Windows-Sysmon" Guid="5770385F-C22A-43E0-BF4C-06F5698FFBD9">
    </Provider>
    <EventID>13</EventID>
    <Version>2</Version>
    <Level>4</Level>
    <Task>13</Task>
    <Opcode>0</Opcode>
    <Keywords>0x8000000000000000</Keywords>
    <TimeCreated SystemTime="2025-10-07T21:21:00.389865Z">
    </TimeCreated>
    <EventRecordID>4330</EventRecordID>
    <Correlation>
    </Correlation>
    <Execution ProcessID="3016" ThreadID="2596">
    </Execution>
    <Channel>Microsoft-Windows-Sysmon/Operational</Channel>
    <Computer>EC2AMAZ-AGR00JO</Computer>
    <Security UserID="S-1-5-18">
    </Security>
  </System>
  <EventData>
    <Data Name="RuleName">InvDB-DriverVer</Data>
    <Data Name="EventType">SetValue</Data>
    <Data Name="UtcTime">2025-10-07 21:21:00.380</Data>
    <Data Name="ProcessGuid">8EED9800-8143-68E5-3900-000000006703</Data>
    <Data Name="ProcessId">2672</Data>
    <Data Name="Image">C:\Windows\System32\spoolsv.exe</Data>
    <Data Name="TargetObject">HKLM\SOFTWARE\Microsoft\Windows NT\CurrentVersion\Print\Printers\OneNote for Windows 10 (redirected 2),7\DsDriver\driverVersion</Data>
    <Data Name="Details">DWORD (0x00000401)</Data>
    <Data Name="User">NT AUTHORITY\SYSTEM</Data>
  </EventData>
</Event>
Record 24
<?xml version="1.0" encoding="utf-8"?>
<Event xmlns="http://schemas.microsoft.com/win/2004/08/events/event">
  <System>
    <Provider Name="Microsoft-Windows-Sysmon" Guid="5770385F-C22A-43E0-BF4C-06F5698FFBD9">
    </Provider>
    <EventID>13</EventID>
    <Version>2</Version>
    <Level>4</Level>
    <Task>13</Task>
    <Opcode>0</Opcode>
    <Keywords>0x8000000000000000</Keywords>
    <TimeCreated SystemTime="2025-10-07T21:21:00.438707Z">
    </TimeCreated>
    <EventRecordID>4331</EventRecordID>
    <Correlation>
    </Correlation>
    <Execution ProcessID="3016" ThreadID="2596">
    </Execution>
    <Channel>Microsoft-Windows-Sysmon/Operational</Channel>
    <Computer>EC2AMAZ-AGR00JO</Computer>
    <Security UserID="S-1-5-18">
    </Security>
  </System>
  <EventData>
    <Data Name="RuleName">InvDB-DriverVer</Data>
    <Data Name="EventType">SetValue</Data>
    <Data Name="UtcTime">2025-10-07 21:21:00.427</Data>
    <Data Name="ProcessGuid">8EED9800-8143-68E5-3900-000000006703</Data>
    <Data Name="ProcessId">2672</Data>
    <Data Name="Image">C:\Windows\System32\spoolsv.exe</Data>
    <Data Name="TargetObject">HKLM\SOFTWARE\Microsoft\Windows NT\CurrentVersion\Print\Printers\Fax (redirected 2)\DsDriver\driverVersion</Data>
    <Data Name="Details">DWORD (0x00000401)</Data>
    <Data Name="User">NT AUTHORITY\SYSTEM</Data>
  </EventData>
</Event>
Record 25
<?xml version="1.0" encoding="utf-8"?>
<Event xmlns="http://schemas.microsoft.com/win/2004/08/events/event">
  <System>
    <Provider Name="Microsoft-Windows-Sysmon" Guid="5770385F-C22A-43E0-BF4C-06F5698FFBD9">
    </Provider>
    <EventID>12</EventID>
    <Version>2</Version>
    <Level>4</Level>
    <Task>12</Task>
    <Opcode>0</Opcode>
    <Keywords>0x8000000000000000</Keywords>
    <TimeCreated SystemTime="2025-10-07T21:21:00.448656Z">
    </TimeCreated>
    <EventRecordID>4332</EventRecordID>
    <Correlation>
    </Correlation>
    <Execution ProcessID="3016" ThreadID="2596">
    </Execution>
    <Channel>Microsoft-Windows-Sysmon/Operational</Channel>
    <Computer>EC2AMAZ-AGR00JO</Computer>
    <Security UserID="S-1-5-18">
    </Security>
  </System>
  <EventData>
    <Data Name="RuleName">Context,DeviceConnectedOrUpdated</Data>
    <Data Name="EventType">DeleteValue</Data>
    <Data Name="UtcTime">2025-10-07 21:21:00.443</Data>
    <Data Name="ProcessGuid">8EED9800-8143-68E5-3900-000000006703</Data>
    <Data Name="ProcessId">2672</Data>
    <Data Name="Image">C:\Windows\System32\spoolsv.exe</Data>
    <Data Name="TargetObject">HKLM\System\CurrentControlSet\Control\DeviceClasses\{0ecef634-6ef0-472a-8085-5ad023ecbccd}\##?#SWD#PRINTENUM#{6EF8DC65-6B10-4757-B558-D5B87FF75B0A}#{0ecef634-6ef0-472a-8085-5ad023ecbccd}\#\Device Parameters\FriendlyName</Data>
    <Data Name="User">NT AUTHORITY\SYSTEM</Data>
  </EventData>
</Event>
Record 26
<?xml version="1.0" encoding="utf-8"?>
<Event xmlns="http://schemas.microsoft.com/win/2004/08/events/event">
  <System>
    <Provider Name="Microsoft-Windows-Sysmon" Guid="5770385F-C22A-43E0-BF4C-06F5698FFBD9">
    </Provider>
    <EventID>12</EventID>
    <Version>2</Version>
    <Level>4</Level>
    <Task>12</Task>
    <Opcode>0</Opcode>
    <Keywords>0x8000000000000000</Keywords>
    <TimeCreated SystemTime="2025-10-07T21:21:00.451126Z">
    </TimeCreated>
    <EventRecordID>4333</EventRecordID>
    <Correlation>
    </Correlation>
    <Execution ProcessID="3016" ThreadID="2596">
    </Execution>
    <Channel>Microsoft-Windows-Sysmon/Operational</Channel>
    <Computer>EC2AMAZ-AGR00JO</Computer>
    <Security UserID="S-1-5-18">
    </Security>
  </System>
  <EventData>
    <Data Name="RuleName">InvDB-DriverVer</Data>
    <Data Name="EventType">DeleteValue</Data>
    <Data Name="UtcTime">2025-10-07 21:21:00.443</Data>
    <Data Name="ProcessGuid">8EED9800-8143-68E5-3900-000000006703</Data>
    <Data Name="ProcessId">2672</Data>
    <Data Name="Image">C:\Windows\System32\spoolsv.exe</Data>
    <Data Name="TargetObject">HKLM\System\CurrentControlSet\Control\Class\{1ed2bbf9-11f0-4084-b21f-ad83a8e6dcdc}\0006\DriverVersion</Data>
    <Data Name="User">NT AUTHORITY\SYSTEM</Data>
  </EventData>
</Event>
Record 27
<?xml version="1.0" encoding="utf-8"?>
<Event xmlns="http://schemas.microsoft.com/win/2004/08/events/event">
  <System>
    <Provider Name="Microsoft-Windows-Sysmon" Guid="5770385F-C22A-43E0-BF4C-06F5698FFBD9">
    </Provider>
    <EventID>12</EventID>
    <Version>2</Version>
    <Level>4</Level>
    <Task>12</Task>
    <Opcode>0</Opcode>
    <Keywords>0x8000000000000000</Keywords>
    <TimeCreated SystemTime="2025-10-07T21:21:00.452976Z">
    </TimeCreated>
    <EventRecordID>4334</EventRecordID>
    <Correlation>
    </Correlation>
    <Execution ProcessID="3016" ThreadID="2596">
    </Execution>
    <Channel>Microsoft-Windows-Sysmon/Operational</Channel>
    <Computer>EC2AMAZ-AGR00JO</Computer>
    <Security UserID="S-1-5-18">
    </Security>
  </System>
  <EventData>
    <Data Name="RuleName">Context,DeviceConnectedOrUpdated</Data>
    <Data Name="EventType">DeleteValue</Data>
    <Data Name="UtcTime">2025-10-07 21:21:00.443</Data>
    <Data Name="ProcessGuid">8EED9800-8143-68E5-3900-000000006703</Data>
    <Data Name="ProcessId">2672</Data>
    <Data Name="Image">C:\Windows\System32\spoolsv.exe</Data>
    <Data Name="TargetObject">HKLM\System\CurrentControlSet\Enum\SWD\PRINTENUM\{6EF8DC65-6B10-4757-B558-D5B87FF75B0A}\FriendlyName</Data>
    <Data Name="User">NT AUTHORITY\SYSTEM</Data>
  </EventData>
</Event>
Record 28
<?xml version="1.0" encoding="utf-8"?>
<Event xmlns="http://schemas.microsoft.com/win/2004/08/events/event">
  <System>
    <Provider Name="Microsoft-Windows-Sysmon" Guid="5770385F-C22A-43E0-BF4C-06F5698FFBD9">
    </Provider>
    <EventID>13</EventID>
    <Version>2</Version>
    <Level>4</Level>
    <Task>13</Task>
    <Opcode>0</Opcode>
    <Keywords>0x8000000000000000</Keywords>
    <TimeCreated SystemTime="2025-10-07T21:21:00.459463Z">
    </TimeCreated>
    <EventRecordID>4335</EventRecordID>
    <Correlation>
    </Correlation>
    <Execution ProcessID="3016" ThreadID="2596">
    </Execution>
    <Channel>Microsoft-Windows-Sysmon/Operational</Channel>
    <Computer>EC2AMAZ-AGR00JO</Computer>
    <Security UserID="S-1-5-18">
    </Security>
  </System>
  <EventData>
    <Data Name="RuleName">InvDB-DriverVer</Data>
    <Data Name="EventType">SetValue</Data>
    <Data Name="UtcTime">2025-10-07 21:21:00.443</Data>
    <Data Name="ProcessGuid">8EED9800-8143-68E5-3900-000000006703</Data>
    <Data Name="ProcessId">2672</Data>
    <Data Name="Image">C:\Windows\System32\spoolsv.exe</Data>
    <Data Name="TargetObject">HKLM\SOFTWARE\Microsoft\Windows NT\CurrentVersion\Print\Printers\Fax (redirected 2),8\DsDriver\driverVersion</Data>
    <Data Name="Details">DWORD (0x00000401)</Data>
    <Data Name="User">NT AUTHORITY\SYSTEM</Data>
  </EventData>
</Event>
Record 29
<?xml version="1.0" encoding="utf-8"?>
<Event xmlns="http://schemas.microsoft.com/win/2004/08/events/event">
  <System>
    <Provider Name="Microsoft-Windows-Sysmon" Guid="5770385F-C22A-43E0-BF4C-06F5698FFBD9">
    </Provider>
    <EventID>13</EventID>
    <Version>2</Version>
    <Level>4</Level>
    <Task>13</Task>
    <Opcode>0</Opcode>
    <Keywords>0x8000000000000000</Keywords>
    <TimeCreated SystemTime="2025-10-07T21:21:00.530821Z">
    </TimeCreated>
    <EventRecordID>4336</EventRecordID>
    <Correlation>
    </Correlation>
    <Execution ProcessID="3016" ThreadID="2596">
    </Execution>
    <Channel>Microsoft-Windows-Sysmon/Operational</Channel>
    <Computer>EC2AMAZ-AGR00JO</Computer>
    <Security UserID="S-1-5-18">
    </Security>
  </System>
  <EventData>
    <Data Name="RuleName">InvDB-DriverVer</Data>
    <Data Name="EventType">SetValue</Data>
    <Data Name="UtcTime">2025-10-07 21:21:00.521</Data>
    <Data Name="ProcessGuid">8EED9800-8143-68E5-3900-000000006703</Data>
    <Data Name="ProcessId">2672</Data>
    <Data Name="Image">C:\Windows\System32\spoolsv.exe</Data>
    <Data Name="TargetObject">HKLM\SOFTWARE\Microsoft\Windows NT\CurrentVersion\Print\Printers\OneNote (redirected 2)\DsDriver\driverVersion</Data>
    <Data Name="Details">DWORD (0x00000401)</Data>
    <Data Name="User">NT AUTHORITY\SYSTEM</Data>
  </EventData>
</Event>
Record 30
<?xml version="1.0" encoding="utf-8"?>
<Event xmlns="http://schemas.microsoft.com/win/2004/08/events/event">
  <System>
    <Provider Name="Microsoft-Windows-Sysmon" Guid="5770385F-C22A-43E0-BF4C-06F5698FFBD9">
    </Provider>
    <EventID>12</EventID>
    <Version>2</Version>
    <Level>4</Level>
    <Task>12</Task>
    <Opcode>0</Opcode>
    <Keywords>0x8000000000000000</Keywords>
    <TimeCreated SystemTime="2025-10-07T21:21:00.542945Z">
    </TimeCreated>
    <EventRecordID>4337</EventRecordID>
    <Correlation>
    </Correlation>
    <Execution ProcessID="3016" ThreadID="2596">
    </Execution>
    <Channel>Microsoft-Windows-Sysmon/Operational</Channel>
    <Computer>EC2AMAZ-AGR00JO</Computer>
    <Security UserID="S-1-5-18">
    </Security>
  </System>
  <EventData>
    <Data Name="RuleName">Context,DeviceConnectedOrUpdated</Data>
    <Data Name="EventType">DeleteValue</Data>
    <Data Name="UtcTime">2025-10-07 21:21:00.537</Data>
    <Data Name="ProcessGuid">8EED9800-8143-68E5-3900-000000006703</Data>
    <Data Name="ProcessId">2672</Data>
    <Data Name="Image">C:\Windows\System32\spoolsv.exe</Data>
    <Data Name="TargetObject">HKLM\System\CurrentControlSet\Control\DeviceClasses\{0ecef634-6ef0-472a-8085-5ad023ecbccd}\##?#SWD#PRINTENUM#{144C735C-4B44-478B-AA18-68F9EFBA7EE9}#{0ecef634-6ef0-472a-8085-5ad023ecbccd}\#\Device Parameters\FriendlyName</Data>
    <Data Name="User">NT AUTHORITY\SYSTEM</Data>
  </EventData>
</Event>
