Record 31
<?xml version="1.0" encoding="utf-8"?>
<Event xmlns="http://schemas.microsoft.com/win/2004/08/events/event">
  <System>
    <Provider Name="Microsoft-Windows-Sysmon" Guid="5770385F-C22A-43E0-BF4C-06F5698FFBD9">
    </Provider>
    <EventID>12</EventID>
    <Version>2</Version>
    <Level>4</Level>
    <Task>12</Task>
    <Opcode>0</Opcode>
    <Keywords>0x8000000000000000</Keywords>
    <TimeCreated SystemTime="2025-10-07T21:21:00.545432Z">
    </TimeCreated>
    <EventRecordID>4338</EventRecordID>
    <Correlation>
    </Correlation>
    <Execution ProcessID="3016" ThreadID="2596">
    </Execution>
    <Channel>Microsoft-Windows-Sysmon/Operational</Channel>
    <Computer>EC2AMAZ-AGR00JO</Computer>
    <Security UserID="S-1-5-18">
    </Security>
  </System>
  <EventData>
    <Data Name="RuleName">InvDB-DriverVer</Data>
    <Data Name="EventType">DeleteValue</Data>
    <Data Name="UtcTime">2025-10-07 21:21:00.537</Data>
    <Data Name="ProcessGuid">8EED9800-8143-68E5-3900-000000006703</Data>
    <Data Name="ProcessId">2672</Data>
    <Data Name="Image">C:\Windows\System32\spoolsv.exe</Data>
    <Data Name="TargetObject">HKLM\System\CurrentControlSet\Control\Class\{1ed2bbf9-11f0-4084-b21f-ad83a8e6dcdc}\0007\DriverVersion</Data>
    <Data Name="User">NT AUTHORITY\SYSTEM</Data>
  </EventData>
</Event>
Record 32
<?xml version="1.0" encoding="utf-8"?>
<Event xmlns="http://schemas.microsoft.com/win/2004/08/events/event">
  <System>
    <Provider Name="Microsoft-Windows-Sysmon" Guid="5770385F-C22A-43E0-BF4C-06F5698FFBD9">
    </Provider>
    <EventID>12</EventID>
    <Version>2</Version>
    <Level>4</Level>
    <Task>12</Task>
    <Opcode>0</Opcode>
    <Keywords>0x8000000000000000</Keywords>
    <TimeCreated SystemTime="2025-10-07T21:21:00.547165Z">
    </TimeCreated>
    <EventRecordID>4339</EventRecordID>
    <Correlation>
    </Correlation>
    <Execution ProcessID="3016" ThreadID="2596">
    </Execution>
    <Channel>Microsoft-Windows-Sysmon/Operational</Channel>
    <Computer>EC2AMAZ-AGR00JO</Computer>
    <Security UserID="S-1-5-18">
    </Security>
  </System>
  <EventData>
    <Data Name="RuleName">Context,DeviceConnectedOrUpdated</Data>
    <Data Name="EventType">DeleteValue</Data>
    <Data Name="UtcTime">2025-10-07 21:21:00.537</Data>
    <Data Name="ProcessGuid">8EED9800-8143-68E5-3900-000000006703</Data>
    <Data Name="ProcessId">2672</Data>
    <Data Name="Image">C:\Windows\System32\spoolsv.exe</Data>
    <Data Name="TargetObject">HKLM\System\CurrentControlSet\Enum\SWD\PRINTENUM\{144C735C-4B44-478B-AA18-68F9EFBA7EE9}\FriendlyName</Data>
    <Data Name="User">NT AUTHORITY\SYSTEM</Data>
  </EventData>
</Event>
Record 33
<?xml version="1.0" encoding="utf-8"?>
<Event xmlns="http://schemas.microsoft.com/win/2004/08/events/event">
  <System>
    <Provider Name="Microsoft-Windows-Sysmon" Guid="5770385F-C22A-43E0-BF4C-06F5698FFBD9">
    </Provider>
    <EventID>13</EventID>
    <Version>2</Version>
    <Level>4</Level>
    <Task>13</Task>
    <Opcode>0</Opcode>
    <Keywords>0x8000000000000000</Keywords>
    <TimeCreated SystemTime="2025-10-07T21:21:00.555025Z">
    </TimeCreated>
    <EventRecordID>4340</EventRecordID>
    <Correlation>
    </Correlation>
    <Execution ProcessID="3016" ThreadID="2596">
    </Execution>
    <Channel>Microsoft-Windows-Sysmon/Operational</Channel>
    <Computer>EC2AMAZ-AGR00JO</Computer>
    <Security UserID="S-1-5-18">
    </Security>
  </System>
  <EventData>
    <Data Name="RuleName">InvDB-DriverVer</Data>
    <Data Name="EventType">SetValue</Data>
    <Data Name="UtcTime">2025-10-07 21:21:00.537</Data>
    <Data Name="ProcessGuid">8EED9800-8143-68E5-3900-000000006703</Data>
    <Data Name="ProcessId">2672</Data>
    <Data Name="Image">C:\Windows\System32\spoolsv.exe</Data>
    <Data Name="TargetObject">HKLM\SOFTWARE\Microsoft\Windows NT\CurrentVersion\Print\Printers\OneNote (redirected 2),9\DsDriver\driverVersion</Data>
    <Data Name="Details">DWORD (0x00000401)</Data>
    <Data Name="User">NT AUTHORITY\SYSTEM</Data>
  </EventData>
</Event>
Record 34
<?xml version="1.0" encoding="utf-8"?>
<Event xmlns="http://schemas.microsoft.com/win/2004/08/events/event">
  <System>
    <Provider Name="Microsoft-Windows-Sysmon" Guid="5770385F-C22A-43E0-BF4C-06F5698FFBD9">
    </Provider>
    <EventID>1</EventID>
    <Version>5</Version>
    <Level>4</Level>
    <Task>1</Task>
    <Opcode>0</Opcode>
    <Keywords>0x8000000000000000</Keywords>
    <TimeCreated SystemTime="2025-10-07T21:24:23.305246Z">
    </TimeCreated>
    <EventRecordID>4341</EventRecordID>
    <Correlation>
    </Correlation>
    <Execution ProcessID="3016" ThreadID="2596">
    </Execution>
    <Channel>Microsoft-Windows-Sysmon/Operational</Channel>
    <Computer>EC2AMAZ-AGR00JO</Computer>
    <Security UserID="S-1-5-18">
    </Security>
  </System>
  <EventData>
    <Data Name="RuleName">-</Data>
    <Data Name="UtcTime">2025-10-07 21:24:23.304</Data>
    <Data Name="ProcessGuid">8EED9800-8507-68E5-4401-000000006703</Data>
    <Data Name="ProcessId">4232</Data>
    <Data Name="Image">C:\Windows\System32\taskhostw.exe</Data>
    <Data Name="FileVersion">10.0.17763.1852 (WinBuild.160101.0800)</Data>
    <Data Name="Description">Host Process for Windows Tasks</Data>
    <Data Name="Product">Microsoft® Windows® Operating System</Data>
    <Data Name="Company">Microsoft Corporation</Data>
    <Data Name="OriginalFileName">taskhostw.exe</Data>
    <Data Name="CommandLine">taskhostw.exe Install $(Arg0)</Data>
    <Data Name="CurrentDirectory">C:\Windows\system32\</Data>
    <Data Name="User">EC2AMAZ-AGR00JO\Administrator</Data>
    <Data Name="LogonGuid">8EED9800-8181-68E5-1AFA-020000000000</Data>
    <Data Name="LogonId">0x2fa1a</Data>
    <Data Name="TerminalSessionId">2</Data>
    <Data Name="IntegrityLevel">High</Data>
    <Data Name="Hashes">MD5=8BD7B08DA6BCA54DF9B595E4D9281BEB,SHA256=DE85F29A8BC7219F10A4AC88654C3901ABC329D7505B21CD95CBF780D1EBCCF4,IMPHASH=9839C7FD9649496B162F72128209528A</Data>
    <Data Name="ParentProcessGuid">8EED9800-8143-68E5-2400-000000006703</Data>
    <Data Name="ParentProcessId">1652</Data>
    <Data Name="ParentImage">C:\Windows\System32\svchost.exe</Data>
    <Data Name="ParentCommandLine">C:\Windows\system32\svchost.exe -k netsvcs -p -s Schedule</Data>
    <Data Name="ParentUser">NT AUTHORITY\SYSTEM</Data>
  </EventData>
</Event>
Record 35
<?xml version="1.0" encoding="utf-8"?>
<Event xmlns="http://schemas.microsoft.com/win/2004/08/events/event">
  <System>
    <Provider Name="Microsoft-Windows-Sysmon" Guid="5770385F-C22A-43E0-BF4C-06F5698FFBD9">
    </Provider>
    <EventID>1</EventID>
    <Version>5</Version>
    <Level>4</Level>
    <Task>1</Task>
    <Opcode>0</Opcode>
    <Keywords>0x8000000000000000</Keywords>
    <TimeCreated SystemTime="2025-10-07T21:24:23.325131Z">
    </TimeCreated>
    <EventRecordID>4342</EventRecordID>
    <Correlation>
    </Correlation>
    <Execution ProcessID="3016" ThreadID="2596">
    </Execution>
    <Channel>Microsoft-Windows-Sysmon/Operational</Channel>
    <Computer>EC2AMAZ-AGR00JO</Computer>
    <Security UserID="S-1-5-18">
    </Security>
  </System>
  <EventData>
    <Data Name="RuleName">-</Data>
    <Data Name="UtcTime">2025-10-07 21:24:23.324</Data>
    <Data Name="ProcessGuid">8EED9800-8507-68E5-4501-000000006703</Data>
    <Data Name="ProcessId">4320</Data>
    <Data Name="Image">C:\Windows\servicing\TrustedInstaller.exe</Data>
    <Data Name="FileVersion">10.0.17763.5696 (WinBuild.160101.0800)</Data>
    <Data Name="Description">Windows Modules Installer</Data>
    <Data Name="Product">Microsoft® Windows® Operating System</Data>
    <Data Name="Company">Microsoft Corporation</Data>
    <Data Name="OriginalFileName">TrustedInstaller.exe</Data>
    <Data Name="CommandLine">C:\Windows\servicing\TrustedInstaller.exe</Data>
    <Data Name="CurrentDirectory">C:\Windows\system32\</Data>
    <Data Name="User">NT AUTHORITY\SYSTEM</Data>
    <Data Name="LogonGuid">8EED9800-8141-68E5-E703-000000000000</Data>
    <Data Name="LogonId">0x3e7</Data>
    <Data Name="TerminalSessionId">0</Data>
    <Data Name="IntegrityLevel">System</Data>
    <Data Name="Hashes">MD5=C06D6841B1802CD3179F6B2704BD5DBE,SHA256=8F6CF99AD477026F881E86250C5ECC3C1071DFB774C94A4202CCACE827E7E8AA,IMPHASH=AF5CC27E8B69DC8109BAB73613D3A12A</Data>
    <Data Name="ParentProcessGuid">8EED9800-8141-68E5-0B00-000000006703</Data>
    <Data Name="ParentProcessId">772</Data>
    <Data Name="ParentImage">C:\Windows\System32\services.exe</Data>
    <Data Name="ParentCommandLine">C:\Windows\system32\services.exe</Data>
    <Data Name="ParentUser">NT AUTHORITY\SYSTEM</Data>
  </EventData>
</Event>
Record 36
<?xml version="1.0" encoding="utf-8"?>
<Event xmlns="http://schemas.microsoft.com/win/2004/08/events/event">
  <System>
    <Provider Name="Microsoft-Windows-Sysmon" Guid="5770385F-C22A-43E0-BF4C-06F5698FFBD9">
    </Provider>
    <EventID>1</EventID>
    <Version>5</Version>
    <Level>4</Level>
    <Task>1</Task>
    <Opcode>0</Opcode>
    <Keywords>0x8000000000000000</Keywords>
    <TimeCreated SystemTime="2025-10-07T21:24:23.344952Z">
    </TimeCreated>
    <EventRecordID>4343</EventRecordID>
    <Correlation>
    </Correlation>
    <Execution ProcessID="3016" ThreadID="2596">
    </Execution>
    <Channel>Microsoft-Windows-Sysmon/Operational</Channel>
    <Computer>EC2AMAZ-AGR00JO</Computer>
    <Security UserID="S-1-5-18">
    </Security>
  </System>
  <EventData>
    <Data Name="RuleName">-</Data>
    <Data Name="UtcTime">2025-10-07 21:24:23.343</Data>
    <Data Name="ProcessGuid">8EED9800-8507-68E5-4601-000000006703</Data>
    <Data Name="ProcessId">1372</Data>
    <Data Name="Image">C:\Windows\WinSxS\amd64_microsoft-windows-servicingstack_31bf3856ad364e35_10.0.17763.7781_none_56c91c1199339d12\TiWorker.exe</Data>
    <Data Name="FileVersion">10.0.17763.7781 (WinBuild.160101.0800)</Data>
    <Data Name="Description">Windows Modules Installer Worker</Data>
    <Data Name="Product">Microsoft® Windows® Operating System</Data>
    <Data Name="Company">Microsoft Corporation</Data>
    <Data Name="OriginalFileName">TiWorker.exe</Data>
    <Data Name="CommandLine">C:\Windows\winsxs\amd64_microsoft-windows-servicingstack_31bf3856ad364e35_10.0.17763.7781_none_56c91c1199339d12\TiWorker.exe -Embedding</Data>
    <Data Name="CurrentDirectory">C:\Windows\system32\</Data>
    <Data Name="User">NT AUTHORITY\SYSTEM</Data>
    <Data Name="LogonGuid">8EED9800-8141-68E5-E703-000000000000</Data>
    <Data Name="LogonId">0x3e7</Data>
    <Data Name="TerminalSessionId">0</Data>
    <Data Name="IntegrityLevel">System</Data>
    <Data Name="Hashes">MD5=33EA21DE0E7A90D3E9C954F2256BA759,SHA256=C7B96F52481CDB0773A324AD66D25BC04B953D363DD95E408D555F6FE9DB7B64,IMPHASH=1CBCFAF36C2AD99E911D299737C12477</Data>
    <Data Name="ParentProcessGuid">8EED9800-8142-68E5-0E00-000000006703</Data>
    <Data Name="ParentProcessId">916</Data>
    <Data Name="ParentImage">C:\Windows\System32\svchost.exe</Data>
    <Data Name="ParentCommandLine">C:\Windows\system32\svchost.exe -k DcomLaunch -p</Data>
    <Data Name="ParentUser">NT AUTHORITY\SYSTEM</Data>
  </EventData>
</Event>
Record 37
<?xml version="1.0" encoding="utf-8"?>
<Event xmlns="http://schemas.microsoft.com/win/2004/08/events/event">
  <System>
    <Provider Name="Microsoft-Windows-Sysmon" Guid="5770385F-C22A-43E0-BF4C-06F5698FFBD9">
    </Provider>
    <EventID>11</EventID>
    <Version>2</Version>
    <Level>4</Level>
    <Task>11</Task>
    <Opcode>0</Opcode>
    <Keywords>0x8000000000000000</Keywords>
    <TimeCreated SystemTime="2025-10-07T21:25:52.109512Z">
    </TimeCreated>
    <EventRecordID>4344</EventRecordID>
    <Correlation>
    </Correlation>
    <Execution ProcessID="3016" ThreadID="2596">
    </Execution>
    <Channel>Microsoft-Windows-Sysmon/Operational</Channel>
    <Computer>EC2AMAZ-AGR00JO</Computer>
    <Security UserID="S-1-5-18">
    </Security>
  </System>
  <EventData>
    <Data Name="RuleName">-</Data>
    <Data Name="UtcTime">2025-10-07 21:25:52.107</Data>
    <Data Name="ProcessGuid">8EED9800-8202-68E5-BA00-000000006703</Data>
    <Data Name="ProcessId">4036</Data>
    <Data Name="Image">c:\windows\system32\inetsrv\w3wp.exe</Data>
    <Data Name="TargetFilename">C:\Windows\Microsoft.NET\Framework64\v4.0.30319\Temporary ASP.NET Files\root\e867663a\d997750a\4ud1gfd1.cmdline</Data>
    <Data Name="CreationUtcTime">2025-10-07 21:25:52.107</Data>
    <Data Name="User">IIS APPPOOL\MyAppPool</Data>
  </EventData>
</Event>
Record 38
<?xml version="1.0" encoding="utf-8"?>
<Event xmlns="http://schemas.microsoft.com/win/2004/08/events/event">
  <System>
    <Provider Name="Microsoft-Windows-Sysmon" Guid="5770385F-C22A-43E0-BF4C-06F5698FFBD9">
    </Provider>
    <EventID>1</EventID>
    <Version>5</Version>
    <Level>4</Level>
    <Task>1</Task>
    <Opcode>0</Opcode>
    <Keywords>0x8000000000000000</Keywords>
    <TimeCreated SystemTime="2025-10-07T21:25:52.112153Z">
    </TimeCreated>
    <EventRecordID>4345</EventRecordID>
    <Correlation>
    </Correlation>
    <Execution ProcessID="3016" ThreadID="2596">
    </Execution>
    <Channel>Microsoft-Windows-Sysmon/Operational</Channel>
    <Computer>EC2AMAZ-AGR00JO</Computer>
    <Security UserID="S-1-5-18">
    </Security>
  </System>
  <EventData>
    <Data Name="RuleName">-</Data>
    <Data Name="UtcTime">2025-10-07 21:25:52.111</Data>
    <Data Name="ProcessGuid">8EED9800-8560-68E5-4701-000000006703</Data>
    <Data Name="ProcessId">3672</Data>
    <Data Name="Image">C:\Windows\Microsoft.NET\Framework64\v4.0.30319\csc.exe</Data>
    <Data Name="FileVersion">4.8.3761.0 built by: NET48REL1</Data>
    <Data Name="Description">Visual C# Command Line Compiler</Data>
    <Data Name="Product">Microsoft® .NET Framework</Data>
    <Data Name="Company">Microsoft Corporation</Data>
    <Data Name="OriginalFileName">csc.exe</Data>
    <Data Name="CommandLine">&quot;C:\Windows\Microsoft.NET\Framework64\v4.0.30319\csc.exe&quot; /noconfig /fullpaths @&quot;C:\Windows\Microsoft.NET\Framework64\v4.0.30319\Temporary ASP.NET Files\root\e867663a\d997750a\4ud1gfd1.cmdline&quot;</Data>
    <Data Name="CurrentDirectory">c:\windows\system32\inetsrv\</Data>
    <Data Name="User">IIS APPPOOL\MyAppPool</Data>
    <Data Name="LogonGuid">8EED9800-8202-68E5-9229-080000000000</Data>
    <Data Name="LogonId">0x82992</Data>
    <Data Name="TerminalSessionId">0</Data>
    <Data Name="IntegrityLevel">High</Data>
    <Data Name="Hashes">MD5=23EE3D381CFE3B9F6229483E2CE2F9E1,SHA256=4240A12E0B246C9D69AF1F697488FE7DA1B497DF20F4A6F95135B4D5FE180A57,IMPHASH=EE1E569AD02AA1F7AECA80AC0601D80D</Data>
    <Data Name="ParentProcessGuid">8EED9800-8202-68E5-BA00-000000006703</Data>
    <Data Name="ParentProcessId">4036</Data>
    <Data Name="ParentImage">C:\Windows\System32\inetsrv\w3wp.exe</Data>
    <Data Name="ParentCommandLine">c:\windows\system32\inetsrv\w3wp.exe -ap &quot;MyAppPool&quot; -v &quot;v4.0&quot; -l &quot;webengine4.dll&quot; -a \\.\pipe\iisipm11b827af-d73b-4f68-9bd8-f8a2d723e1e3 -h &quot;C:\inetpub\temp\apppools\MyAppPool\MyAppPool.config&quot; -w &quot;&quot; -m 0 -t 20 -ta 0</Data>
    <Data Name="ParentUser">IIS APPPOOL\MyAppPool</Data>
  </EventData>
</Event>
Record 39
<?xml version="1.0" encoding="utf-8"?>
<Event xmlns="http://schemas.microsoft.com/win/2004/08/events/event">
  <System>
    <Provider Name="Microsoft-Windows-Sysmon" Guid="5770385F-C22A-43E0-BF4C-06F5698FFBD9">
    </Provider>
    <EventID>1</EventID>
    <Version>5</Version>
    <Level>4</Level>
    <Task>1</Task>
    <Opcode>0</Opcode>
    <Keywords>0x8000000000000000</Keywords>
    <TimeCreated SystemTime="2025-10-07T21:25:52.454927Z">
    </TimeCreated>
    <EventRecordID>4346</EventRecordID>
    <Correlation>
    </Correlation>
    <Execution ProcessID="3016" ThreadID="2596">
    </Execution>
    <Channel>Microsoft-Windows-Sysmon/Operational</Channel>
    <Computer>EC2AMAZ-AGR00JO</Computer>
    <Security UserID="S-1-5-18">
    </Security>
  </System>
  <EventData>
    <Data Name="RuleName">-</Data>
    <Data Name="UtcTime">2025-10-07 21:25:52.454</Data>
    <Data Name="ProcessGuid">8EED9800-8560-68E5-4901-000000006703</Data>
    <Data Name="ProcessId">3184</Data>
    <Data Name="Image">C:\Windows\Microsoft.NET\Framework64\v4.0.30319\cvtres.exe</Data>
    <Data Name="FileVersion">14.10.25028.0 built by: VCTOOLSD15RTM</Data>
    <Data Name="Description">Microsoft® Resource File To COFF Object Conversion Utility</Data>
    <Data Name="Product">Microsoft® .NET Framework</Data>
    <Data Name="Company">Microsoft Corporation</Data>
    <Data Name="OriginalFileName">CVTRES.EXE</Data>
    <Data Name="CommandLine">C:\Windows\Microsoft.NET\Framework64\v4.0.30319\cvtres.exe /NOLOGO /READONLY /MACHINE:IX86 &quot;/OUT:C:\Windows\TEMP\RES3450.tmp&quot; &quot;c:\Windows\Microsoft.NET\Framework64\v4.0.30319\Temporary ASP.NET Files\root\e867663a\d997750a\4ud1gfd1.res&quot;</Data>
    <Data Name="CurrentDirectory">c:\windows\system32\inetsrv\</Data>
    <Data Name="User">IIS APPPOOL\MyAppPool</Data>
    <Data Name="LogonGuid">8EED9800-8202-68E5-9229-080000000000</Data>
    <Data Name="LogonId">0x82992</Data>
    <Data Name="TerminalSessionId">0</Data>
    <Data Name="IntegrityLevel">High</Data>
    <Data Name="Hashes">MD5=C877CBB966EA5939AA2A17B6A5160950,SHA256=1FE531EAC592B480AA4BD16052B909C3431434F17E7AE163D248355558CE43A6,IMPHASH=55D76ADE7FFEA0F41FF2B55505C2B362</Data>
    <Data Name="ParentProcessGuid">8EED9800-8560-68E5-4701-000000006703</Data>
    <Data Name="ParentProcessId">3672</Data>
    <Data Name="ParentImage">C:\Windows\Microsoft.NET\Framework64\v4.0.30319\csc.exe</Data>
    <Data Name="ParentCommandLine">&quot;C:\Windows\Microsoft.NET\Framework64\v4.0.30319\csc.exe&quot; /noconfig /fullpaths @&quot;C:\Windows\Microsoft.NET\Framework64\v4.0.30319\Temporary ASP.NET Files\root\e867663a\d997750a\4ud1gfd1.cmdline&quot;</Data>
    <Data Name="ParentUser">IIS APPPOOL\MyAppPool</Data>
  </EventData>
</Event>
Record 40
<?xml version="1.0" encoding="utf-8"?>
<Event xmlns="http://schemas.microsoft.com/win/2004/08/events/event">
  <System>
    <Provider Name="Microsoft-Windows-Sysmon" Guid="5770385F-C22A-43E0-BF4C-06F5698FFBD9">
    </Provider>
    <EventID>11</EventID>
    <Version>2</Version>
    <Level>4</Level>
    <Task>11</Task>
    <Opcode>0</Opcode>
    <Keywords>0x8000000000000000</Keywords>
    <TimeCreated SystemTime="2025-10-07T21:25:52.466110Z">
    </TimeCreated>
    <EventRecordID>4347</EventRecordID>
    <Correlation>
    </Correlation>
    <Execution ProcessID="3016" ThreadID="2596">
    </Execution>
    <Channel>Microsoft-Windows-Sysmon/Operational</Channel>
    <Computer>EC2AMAZ-AGR00JO</Computer>
    <Security UserID="S-1-5-18">
    </Security>
  </System>
  <EventData>
    <Data Name="RuleName">DLL</Data>
    <Data Name="UtcTime">2025-10-07 21:25:52.451</Data>
    <Data Name="ProcessGuid">8EED9800-8560-68E5-4701-000000006703</Data>
    <Data Name="ProcessId">3672</Data>
    <Data Name="Image">C:\Windows\Microsoft.NET\Framework64\v4.0.30319\csc.exe</Data>
    <Data Name="TargetFilename">C:\Windows\Microsoft.NET\Framework64\v4.0.30319\Temporary ASP.NET Files\root\e867663a\d997750a\App_Web_4ud1gfd1.dll</Data>
    <Data Name="CreationUtcTime">2025-10-07 21:25:52.451</Data>
    <Data Name="User">IIS APPPOOL\MyAppPool</Data>
  </EventData>
</Event>
Record 41
<?xml version="1.0" encoding="utf-8"?>
<Event xmlns="http://schemas.microsoft.com/win/2004/08/events/event">
  <System>
    <Provider Name="Microsoft-Windows-Sysmon" Guid="5770385F-C22A-43E0-BF4C-06F5698FFBD9">
    </Provider>
    <EventID>1</EventID>
    <Version>5</Version>
    <Level>4</Level>
    <Task>1</Task>
    <Opcode>0</Opcode>
    <Keywords>0x8000000000000000</Keywords>
    <TimeCreated SystemTime="2025-10-07T21:26:25.675179Z">
    </TimeCreated>
    <EventRecordID>4348</EventRecordID>
    <Correlation>
    </Correlation>
    <Execution ProcessID="3016" ThreadID="2596">
    </Execution>
    <Channel>Microsoft-Windows-Sysmon/Operational</Channel>
    <Computer>EC2AMAZ-AGR00JO</Computer>
    <Security UserID="S-1-5-18">
    </Security>
  </System>
  <EventData>
    <Data Name="RuleName">-</Data>
    <Data Name="UtcTime">2025-10-07 21:26:25.674</Data>
    <Data Name="ProcessGuid">8EED9800-8581-68E5-4A01-000000006703</Data>
    <Data Name="ProcessId">4168</Data>
    <Data Name="Image">C:\Windows\System32\cmd.exe</Data>
    <Data Name="FileVersion">10.0.17763.1697 (WinBuild.160101.0800)</Data>
    <Data Name="Description">Windows Command Processor</Data>
    <Data Name="Product">Microsoft® Windows® Operating System</Data>
    <Data Name="Company">Microsoft Corporation</Data>
    <Data Name="OriginalFileName">Cmd.Exe</Data>
    <Data Name="CommandLine">&quot;c:\windows\system32\cmd.exe&quot; /c net user</Data>
    <Data Name="CurrentDirectory">c:\windows\system32\inetsrv\</Data>
    <Data Name="User">IIS APPPOOL\MyAppPool</Data>
    <Data Name="LogonGuid">8EED9800-8202-68E5-9229-080000000000</Data>
    <Data Name="LogonId">0x82992</Data>
    <Data Name="TerminalSessionId">0</Data>
    <Data Name="IntegrityLevel">High</Data>
    <Data Name="Hashes">MD5=911D039E71583A07320B32BDE22F8E22,SHA256=BC866CFCDDA37E24DC2634DC282C7A0E6F55209DA17A8FA105B07414C0E7C527,IMPHASH=272245E2988E1E430500B852C4FB5E18</Data>
    <Data Name="ParentProcessGuid">8EED9800-8202-68E5-BA00-000000006703</Data>
    <Data Name="ParentProcessId">4036</Data>
    <Data Name="ParentImage">C:\Windows\System32\inetsrv\w3wp.exe</Data>
    <Data Name="ParentCommandLine">c:\windows\system32\inetsrv\w3wp.exe -ap &quot;MyAppPool&quot; -v &quot;v4.0&quot; -l &quot;webengine4.dll&quot; -a \\.\pipe\iisipm11b827af-d73b-4f68-9bd8-f8a2d723e1e3 -h &quot;C:\inetpub\temp\apppools\MyAppPool\MyAppPool.config&quot; -w &quot;&quot; -m 0 -t 20 -ta 0</Data>
    <Data Name="ParentUser">IIS APPPOOL\MyAppPool</Data>
  </EventData>
</Event>
Record 42
<?xml version="1.0" encoding="utf-8"?>
<Event xmlns="http://schemas.microsoft.com/win/2004/08/events/event">
  <System>
    <Provider Name="Microsoft-Windows-Sysmon" Guid="5770385F-C22A-43E0-BF4C-06F5698FFBD9">
    </Provider>
    <EventID>1</EventID>
    <Version>5</Version>
    <Level>4</Level>
    <Task>1</Task>
    <Opcode>0</Opcode>
    <Keywords>0x8000000000000000</Keywords>
    <TimeCreated SystemTime="2025-10-07T21:26:25.709300Z">
    </TimeCreated>
    <EventRecordID>4349</EventRecordID>
    <Correlation>
    </Correlation>
    <Execution ProcessID="3016" ThreadID="2596">
    </Execution>
    <Channel>Microsoft-Windows-Sysmon/Operational</Channel>
    <Computer>EC2AMAZ-AGR00JO</Computer>
    <Security UserID="S-1-5-18">
    </Security>
  </System>
  <EventData>
    <Data Name="RuleName">-</Data>
    <Data Name="UtcTime">2025-10-07 21:26:25.708</Data>
    <Data Name="ProcessGuid">8EED9800-8581-68E5-4C01-000000006703</Data>
    <Data Name="ProcessId">2312</Data>
    <Data Name="Image">C:\Windows\System32\net.exe</Data>
    <Data Name="FileVersion">10.0.17763.1 (WinBuild.160101.0800)</Data>
    <Data Name="Description">Net Command</Data>
    <Data Name="Product">Microsoft® Windows® Operating System</Data>
    <Data Name="Company">Microsoft Corporation</Data>
    <Data Name="OriginalFileName">net.exe</Data>
    <Data Name="CommandLine">net  user</Data>
    <Data Name="CurrentDirectory">c:\windows\system32\inetsrv\</Data>
    <Data Name="User">IIS APPPOOL\MyAppPool</Data>
    <Data Name="LogonGuid">8EED9800-8202-68E5-9229-080000000000</Data>
    <Data Name="LogonId">0x82992</Data>
    <Data Name="TerminalSessionId">0</Data>
    <Data Name="IntegrityLevel">High</Data>
    <Data Name="Hashes">MD5=AE61D8F04BCDE8158304067913160B31,SHA256=25C8266D2BC1D5626DCDF72419838B397D28D44D00AC09F02FF4E421B43EC369,IMPHASH=57F0C47AE2A1A2C06C8B987372AB0B07</Data>
    <Data Name="ParentProcessGuid">8EED9800-8581-68E5-4A01-000000006703</Data>
    <Data Name="ParentProcessId">4168</Data>
    <Data Name="ParentImage">C:\Windows\System32\cmd.exe</Data>
    <Data Name="ParentCommandLine">&quot;c:\windows\system32\cmd.exe&quot; /c net user</Data>
    <Data Name="ParentUser">IIS APPPOOL\MyAppPool</Data>
  </EventData>
</Event>
Record 43
<?xml version="1.0" encoding="utf-8"?>
<Event xmlns="http://schemas.microsoft.com/win/2004/08/events/event">
  <System>
    <Provider Name="Microsoft-Windows-Sysmon" Guid="5770385F-C22A-43E0-BF4C-06F5698FFBD9">
    </Provider>
    <EventID>1</EventID>
    <Version>5</Version>
    <Level>4</Level>
    <Task>1</Task>
    <Opcode>0</Opcode>
    <Keywords>0x8000000000000000</Keywords>
    <TimeCreated SystemTime="2025-10-07T21:26:25.716956Z">
    </TimeCreated>
    <EventRecordID>4350</EventRecordID>
    <Correlation>
    </Correlation>
    <Execution ProcessID="3016" ThreadID="2596">
    </Execution>
    <Channel>Microsoft-Windows-Sysmon/Operational</Channel>
    <Computer>EC2AMAZ-AGR00JO</Computer>
    <Security UserID="S-1-5-18">
    </Security>
  </System>
  <EventData>
    <Data Name="RuleName">-</Data>
    <Data Name="UtcTime">2025-10-07 21:26:25.716</Data>
    <Data Name="ProcessGuid">8EED9800-8581-68E5-4D01-000000006703</Data>
    <Data Name="ProcessId">2324</Data>
    <Data Name="Image">C:\Windows\System32\net1.exe</Data>
    <Data Name="FileVersion">10.0.17763.1 (WinBuild.160101.0800)</Data>
    <Data Name="Description">Net Command</Data>
    <Data Name="Product">Microsoft® Windows® Operating System</Data>
    <Data Name="Company">Microsoft Corporation</Data>
    <Data Name="OriginalFileName">net1.exe</Data>
    <Data Name="CommandLine">C:\Windows\system32\net1  user</Data>
    <Data Name="CurrentDirectory">c:\windows\system32\inetsrv\</Data>
    <Data Name="User">IIS APPPOOL\MyAppPool</Data>
    <Data Name="LogonGuid">8EED9800-8202-68E5-9229-080000000000</Data>
    <Data Name="LogonId">0x82992</Data>
    <Data Name="TerminalSessionId">0</Data>
    <Data Name="IntegrityLevel">High</Data>
    <Data Name="Hashes">MD5=63DD4523677E62A73A8A7494DB321EA2,SHA256=C687157FD58EAA51757CDA87D06C30953A31F03F5356B9F5A9C004FA4BAD4BF5,IMPHASH=41DBA1AF77E1A2260F0CE46D59ADCB5E</Data>
    <Data Name="ParentProcessGuid">8EED9800-8581-68E5-4C01-000000006703</Data>
    <Data Name="ParentProcessId">2312</Data>
    <Data Name="ParentImage">C:\Windows\System32\net.exe</Data>
    <Data Name="ParentCommandLine">net  user</Data>
    <Data Name="ParentUser">IIS APPPOOL\MyAppPool</Data>
  </EventData>
</Event>
Record 44
<?xml version="1.0" encoding="utf-8"?>
<Event xmlns="http://schemas.microsoft.com/win/2004/08/events/event">
  <System>
    <Provider Name="Microsoft-Windows-Sysmon" Guid="5770385F-C22A-43E0-BF4C-06F5698FFBD9">
    </Provider>
    <EventID>1</EventID>
    <Version>5</Version>
    <Level>4</Level>
    <Task>1</Task>
    <Opcode>0</Opcode>
    <Keywords>0x8000000000000000</Keywords>
    <TimeCreated SystemTime="2025-10-07T21:26:31.211039Z">
    </TimeCreated>
    <EventRecordID>4351</EventRecordID>
    <Correlation>
    </Correlation>
    <Execution ProcessID="3016" ThreadID="2596">
    </Execution>
    <Channel>Microsoft-Windows-Sysmon/Operational</Channel>
    <Computer>EC2AMAZ-AGR00JO</Computer>
    <Security UserID="S-1-5-18">
    </Security>
  </System>
  <EventData>
    <Data Name="RuleName">-</Data>
    <Data Name="UtcTime">2025-10-07 21:26:31.210</Data>
    <Data Name="ProcessGuid">8EED9800-8587-68E5-4E01-000000006703</Data>
    <Data Name="ProcessId">1064</Data>
    <Data Name="Image">C:\Windows\System32\cmd.exe</Data>
    <Data Name="FileVersion">10.0.17763.1697 (WinBuild.160101.0800)</Data>
    <Data Name="Description">Windows Command Processor</Data>
    <Data Name="Product">Microsoft® Windows® Operating System</Data>
    <Data Name="Company">Microsoft Corporation</Data>
    <Data Name="OriginalFileName">Cmd.Exe</Data>
    <Data Name="CommandLine">&quot;c:\windows\system32\cmd.exe&quot; /c systeminfo</Data>
    <Data Name="CurrentDirectory">c:\windows\system32\inetsrv\</Data>
    <Data Name="User">IIS APPPOOL\MyAppPool</Data>
    <Data Name="LogonGuid">8EED9800-8202-68E5-9229-080000000000</Data>
    <Data Name="LogonId">0x82992</Data>
    <Data Name="TerminalSessionId">0</Data>
    <Data Name="IntegrityLevel">High</Data>
    <Data Name="Hashes">MD5=911D039E71583A07320B32BDE22F8E22,SHA256=BC866CFCDDA37E24DC2634DC282C7A0E6F55209DA17A8FA105B07414C0E7C527,IMPHASH=272245E2988E1E430500B852C4FB5E18</Data>
    <Data Name="ParentProcessGuid">8EED9800-8202-68E5-BA00-000000006703</Data>
    <Data Name="ParentProcessId">4036</Data>
    <Data Name="ParentImage">C:\Windows\System32\inetsrv\w3wp.exe</Data>
    <Data Name="ParentCommandLine">c:\windows\system32\inetsrv\w3wp.exe -ap &quot;MyAppPool&quot; -v &quot;v4.0&quot; -l &quot;webengine4.dll&quot; -a \\.\pipe\iisipm11b827af-d73b-4f68-9bd8-f8a2d723e1e3 -h &quot;C:\inetpub\temp\apppools\MyAppPool\MyAppPool.config&quot; -w &quot;&quot; -m 0 -t 20 -ta 0</Data>
    <Data Name="ParentUser">IIS APPPOOL\MyAppPool</Data>
  </EventData>
</Event>
Record 45
<?xml version="1.0" encoding="utf-8"?>
<Event xmlns="http://schemas.microsoft.com/win/2004/08/events/event">
  <System>
    <Provider Name="Microsoft-Windows-Sysmon" Guid="5770385F-C22A-43E0-BF4C-06F5698FFBD9">
    </Provider>
    <EventID>1</EventID>
    <Version>5</Version>
    <Level>4</Level>
    <Task>1</Task>
    <Opcode>0</Opcode>
    <Keywords>0x8000000000000000</Keywords>
    <TimeCreated SystemTime="2025-10-07T21:26:31.245831Z">
    </TimeCreated>
    <EventRecordID>4352</EventRecordID>
    <Correlation>
    </Correlation>
    <Execution ProcessID="3016" ThreadID="2596">
    </Execution>
    <Channel>Microsoft-Windows-Sysmon/Operational</Channel>
    <Computer>EC2AMAZ-AGR00JO</Computer>
    <Security UserID="S-1-5-18">
    </Security>
  </System>
  <EventData>
    <Data Name="RuleName">-</Data>
    <Data Name="UtcTime">2025-10-07 21:26:31.245</Data>
    <Data Name="ProcessGuid">8EED9800-8587-68E5-5001-000000006703</Data>
    <Data Name="ProcessId">5556</Data>
    <Data Name="Image">C:\Windows\System32\systeminfo.exe</Data>
    <Data Name="FileVersion">10.0.17763.1 (WinBuild.160101.0800)</Data>
    <Data Name="Description">Displays system information</Data>
    <Data Name="Product">Microsoft® Windows® Operating System</Data>
    <Data Name="Company">Microsoft Corporation</Data>
    <Data Name="OriginalFileName">sysinfo.exe</Data>
    <Data Name="CommandLine">systeminfo</Data>
    <Data Name="CurrentDirectory">c:\windows\system32\inetsrv\</Data>
    <Data Name="User">IIS APPPOOL\MyAppPool</Data>
    <Data Name="LogonGuid">8EED9800-8202-68E5-9229-080000000000</Data>
    <Data Name="LogonId">0x82992</Data>
    <Data Name="TerminalSessionId">0</Data>
    <Data Name="IntegrityLevel">High</Data>
    <Data Name="Hashes">MD5=F2D7816271A27223945E8AE24B6F81F7,SHA256=1084ADF2DDBE903BD71A496720B0D6616882F120D1B3FFEAE8D47FEB0D9CC123,IMPHASH=C5985EAB8C1ED292344936A4595C1438</Data>
    <Data Name="ParentProcessGuid">8EED9800-8587-68E5-4E01-000000006703</Data>
    <Data Name="ParentProcessId">1064</Data>
    <Data Name="ParentImage">C:\Windows\System32\cmd.exe</Data>
    <Data Name="ParentCommandLine">&quot;c:\windows\system32\cmd.exe&quot; /c systeminfo</Data>
    <Data Name="ParentUser">IIS APPPOOL\MyAppPool</Data>
  </EventData>
</Event>
Record 46
<?xml version="1.0" encoding="utf-8"?>
<Event xmlns="http://schemas.microsoft.com/win/2004/08/events/event">
  <System>
    <Provider Name="Microsoft-Windows-Sysmon" Guid="5770385F-C22A-43E0-BF4C-06F5698FFBD9">
    </Provider>
    <EventID>1</EventID>
    <Version>5</Version>
    <Level>4</Level>
    <Task>1</Task>
    <Opcode>0</Opcode>
    <Keywords>0x8000000000000000</Keywords>
    <TimeCreated SystemTime="2025-10-07T21:26:31.484543Z">
    </TimeCreated>
    <EventRecordID>4353</EventRecordID>
    <Correlation>
    </Correlation>
    <Execution ProcessID="3016" ThreadID="2596">
    </Execution>
    <Channel>Microsoft-Windows-Sysmon/Operational</Channel>
    <Computer>EC2AMAZ-AGR00JO</Computer>
    <Security UserID="S-1-5-18">
    </Security>
  </System>
  <EventData>
    <Data Name="RuleName">-</Data>
    <Data Name="UtcTime">2025-10-07 21:26:31.483</Data>
    <Data Name="ProcessGuid">8EED9800-8587-68E5-5301-000000006703</Data>
    <Data Name="ProcessId">1216</Data>
    <Data Name="Image">C:\Windows\servicing\TrustedInstaller.exe</Data>
    <Data Name="FileVersion">10.0.17763.5696 (WinBuild.160101.0800)</Data>
    <Data Name="Description">Windows Modules Installer</Data>
    <Data Name="Product">Microsoft® Windows® Operating System</Data>
    <Data Name="Company">Microsoft Corporation</Data>
    <Data Name="OriginalFileName">TrustedInstaller.exe</Data>
    <Data Name="CommandLine">C:\Windows\servicing\TrustedInstaller.exe</Data>
    <Data Name="CurrentDirectory">C:\Windows\system32\</Data>
    <Data Name="User">NT AUTHORITY\SYSTEM</Data>
    <Data Name="LogonGuid">8EED9800-8141-68E5-E703-000000000000</Data>
    <Data Name="LogonId">0x3e7</Data>
    <Data Name="TerminalSessionId">0</Data>
    <Data Name="IntegrityLevel">System</Data>
    <Data Name="Hashes">MD5=C06D6841B1802CD3179F6B2704BD5DBE,SHA256=8F6CF99AD477026F881E86250C5ECC3C1071DFB774C94A4202CCACE827E7E8AA,IMPHASH=AF5CC27E8B69DC8109BAB73613D3A12A</Data>
    <Data Name="ParentProcessGuid">8EED9800-8141-68E5-0B00-000000006703</Data>
    <Data Name="ParentProcessId">772</Data>
    <Data Name="ParentImage">C:\Windows\System32\services.exe</Data>
    <Data Name="ParentCommandLine">C:\Windows\system32\services.exe</Data>
    <Data Name="ParentUser">NT AUTHORITY\SYSTEM</Data>
  </EventData>
</Event>
Record 47
<?xml version="1.0" encoding="utf-8"?>
<Event xmlns="http://schemas.microsoft.com/win/2004/08/events/event">
  <System>
    <Provider Name="Microsoft-Windows-Sysmon" Guid="5770385F-C22A-43E0-BF4C-06F5698FFBD9">
    </Provider>
    <EventID>1</EventID>
    <Version>5</Version>
    <Level>4</Level>
    <Task>1</Task>
    <Opcode>0</Opcode>
    <Keywords>0x8000000000000000</Keywords>
    <TimeCreated SystemTime="2025-10-07T21:26:31.503445Z">
    </TimeCreated>
    <EventRecordID>4354</EventRecordID>
    <Correlation>
    </Correlation>
    <Execution ProcessID="3016" ThreadID="2596">
    </Execution>
    <Channel>Microsoft-Windows-Sysmon/Operational</Channel>
    <Computer>EC2AMAZ-AGR00JO</Computer>
    <Security UserID="S-1-5-18">
    </Security>
  </System>
  <EventData>
    <Data Name="RuleName">-</Data>
    <Data Name="UtcTime">2025-10-07 21:26:31.502</Data>
    <Data Name="ProcessGuid">8EED9800-8587-68E5-5401-000000006703</Data>
    <Data Name="ProcessId">4976</Data>
    <Data Name="Image">C:\Windows\WinSxS\amd64_microsoft-windows-servicingstack_31bf3856ad364e35_10.0.17763.7781_none_56c91c1199339d12\TiWorker.exe</Data>
    <Data Name="FileVersion">10.0.17763.7781 (WinBuild.160101.0800)</Data>
    <Data Name="Description">Windows Modules Installer Worker</Data>
    <Data Name="Product">Microsoft® Windows® Operating System</Data>
    <Data Name="Company">Microsoft Corporation</Data>
    <Data Name="OriginalFileName">TiWorker.exe</Data>
    <Data Name="CommandLine">C:\Windows\winsxs\amd64_microsoft-windows-servicingstack_31bf3856ad364e35_10.0.17763.7781_none_56c91c1199339d12\TiWorker.exe -Embedding</Data>
    <Data Name="CurrentDirectory">C:\Windows\system32\</Data>
    <Data Name="User">NT AUTHORITY\SYSTEM</Data>
    <Data Name="LogonGuid">8EED9800-8141-68E5-E703-000000000000</Data>
    <Data Name="LogonId">0x3e7</Data>
    <Data Name="TerminalSessionId">0</Data>
    <Data Name="IntegrityLevel">System</Data>
    <Data Name="Hashes">MD5=33EA21DE0E7A90D3E9C954F2256BA759,SHA256=C7B96F52481CDB0773A324AD66D25BC04B953D363DD95E408D555F6FE9DB7B64,IMPHASH=1CBCFAF36C2AD99E911D299737C12477</Data>
    <Data Name="ParentProcessGuid">8EED9800-8142-68E5-0E00-000000006703</Data>
    <Data Name="ParentProcessId">916</Data>
    <Data Name="ParentImage">C:\Windows\System32\svchost.exe</Data>
    <Data Name="ParentCommandLine">C:\Windows\system32\svchost.exe -k DcomLaunch -p</Data>
    <Data Name="ParentUser">NT AUTHORITY\SYSTEM</Data>
  </EventData>
</Event>
Record 48
<?xml version="1.0" encoding="utf-8"?>
<Event xmlns="http://schemas.microsoft.com/win/2004/08/events/event">
  <System>
    <Provider Name="Microsoft-Windows-Sysmon" Guid="5770385F-C22A-43E0-BF4C-06F5698FFBD9">
    </Provider>
    <EventID>1</EventID>
    <Version>5</Version>
    <Level>4</Level>
    <Task>1</Task>
    <Opcode>0</Opcode>
    <Keywords>0x8000000000000000</Keywords>
    <TimeCreated SystemTime="2025-10-07T21:26:36.672300Z">
    </TimeCreated>
    <EventRecordID>4355</EventRecordID>
    <Correlation>
    </Correlation>
    <Execution ProcessID="3016" ThreadID="2596">
    </Execution>
    <Channel>Microsoft-Windows-Sysmon/Operational</Channel>
    <Computer>EC2AMAZ-AGR00JO</Computer>
    <Security UserID="S-1-5-18">
    </Security>
  </System>
  <EventData>
    <Data Name="RuleName">-</Data>
    <Data Name="UtcTime">2025-10-07 21:26:36.671</Data>
    <Data Name="ProcessGuid">8EED9800-858C-68E5-5501-000000006703</Data>
    <Data Name="ProcessId">5280</Data>
    <Data Name="Image">C:\Windows\System32\cmd.exe</Data>
    <Data Name="FileVersion">10.0.17763.1697 (WinBuild.160101.0800)</Data>
    <Data Name="Description">Windows Command Processor</Data>
    <Data Name="Product">Microsoft® Windows® Operating System</Data>
    <Data Name="Company">Microsoft Corporation</Data>
    <Data Name="OriginalFileName">Cmd.Exe</Data>
    <Data Name="CommandLine">&quot;c:\windows\system32\cmd.exe&quot; /c ipconfig /all</Data>
    <Data Name="CurrentDirectory">c:\windows\system32\inetsrv\</Data>
    <Data Name="User">IIS APPPOOL\MyAppPool</Data>
    <Data Name="LogonGuid">8EED9800-8202-68E5-9229-080000000000</Data>
    <Data Name="LogonId">0x82992</Data>
    <Data Name="TerminalSessionId">0</Data>
    <Data Name="IntegrityLevel">High</Data>
    <Data Name="Hashes">MD5=911D039E71583A07320B32BDE22F8E22,SHA256=BC866CFCDDA37E24DC2634DC282C7A0E6F55209DA17A8FA105B07414C0E7C527,IMPHASH=272245E2988E1E430500B852C4FB5E18</Data>
    <Data Name="ParentProcessGuid">8EED9800-8202-68E5-BA00-000000006703</Data>
    <Data Name="ParentProcessId">4036</Data>
    <Data Name="ParentImage">C:\Windows\System32\inetsrv\w3wp.exe</Data>
    <Data Name="ParentCommandLine">c:\windows\system32\inetsrv\w3wp.exe -ap &quot;MyAppPool&quot; -v &quot;v4.0&quot; -l &quot;webengine4.dll&quot; -a \\.\pipe\iisipm11b827af-d73b-4f68-9bd8-f8a2d723e1e3 -h &quot;C:\inetpub\temp\apppools\MyAppPool\MyAppPool.config&quot; -w &quot;&quot; -m 0 -t 20 -ta 0</Data>
    <Data Name="ParentUser">IIS APPPOOL\MyAppPool</Data>
  </EventData>
</Event>
Record 49
<?xml version="1.0" encoding="utf-8"?>
<Event xmlns="http://schemas.microsoft.com/win/2004/08/events/event">
  <System>
    <Provider Name="Microsoft-Windows-Sysmon" Guid="5770385F-C22A-43E0-BF4C-06F5698FFBD9">
    </Provider>
    <EventID>1</EventID>
    <Version>5</Version>
    <Level>4</Level>
    <Task>1</Task>
    <Opcode>0</Opcode>
    <Keywords>0x8000000000000000</Keywords>
    <TimeCreated SystemTime="2025-10-07T21:26:36.707199Z">
    </TimeCreated>
    <EventRecordID>4356</EventRecordID>
    <Correlation>
    </Correlation>
    <Execution ProcessID="3016" ThreadID="2596">
    </Execution>
    <Channel>Microsoft-Windows-Sysmon/Operational</Channel>
    <Computer>EC2AMAZ-AGR00JO</Computer>
    <Security UserID="S-1-5-18">
    </Security>
  </System>
  <EventData>
    <Data Name="RuleName">-</Data>
    <Data Name="UtcTime">2025-10-07 21:26:36.705</Data>
    <Data Name="ProcessGuid">8EED9800-858C-68E5-5701-000000006703</Data>
    <Data Name="ProcessId">3736</Data>
    <Data Name="Image">C:\Windows\System32\ipconfig.exe</Data>
    <Data Name="FileVersion">10.0.17763.1 (WinBuild.160101.0800)</Data>
    <Data Name="Description">IP Configuration Utility</Data>
    <Data Name="Product">Microsoft® Windows® Operating System</Data>
    <Data Name="Company">Microsoft Corporation</Data>
    <Data Name="OriginalFileName">ipconfig.exe</Data>
    <Data Name="CommandLine">ipconfig  /all</Data>
    <Data Name="CurrentDirectory">c:\windows\system32\inetsrv\</Data>
    <Data Name="User">IIS APPPOOL\MyAppPool</Data>
    <Data Name="LogonGuid">8EED9800-8202-68E5-9229-080000000000</Data>
    <Data Name="LogonId">0x82992</Data>
    <Data Name="TerminalSessionId">0</Data>
    <Data Name="IntegrityLevel">High</Data>
    <Data Name="Hashes">MD5=3D33188ECD39ECFEEA2E08996891C76E,SHA256=C5DBBDDD1193C7ADCA1E30CD17B8C7AF6A76C406DD84DC164BB959C135F1AA70,IMPHASH=15167A60983BFC39B2DA4F53B9B1F28C</Data>
    <Data Name="ParentProcessGuid">8EED9800-858C-68E5-5501-000000006703</Data>
    <Data Name="ParentProcessId">5280</Data>
    <Data Name="ParentImage">C:\Windows\System32\cmd.exe</Data>
    <Data Name="ParentCommandLine">&quot;c:\windows\system32\cmd.exe&quot; /c ipconfig /all</Data>
    <Data Name="ParentUser">IIS APPPOOL\MyAppPool</Data>
  </EventData>
</Event>
Record 50
<?xml version="1.0" encoding="utf-8"?>
<Event xmlns="http://schemas.microsoft.com/win/2004/08/events/event">
  <System>
    <Provider Name="Microsoft-Windows-Sysmon" Guid="5770385F-C22A-43E0-BF4C-06F5698FFBD9">
    </Provider>
    <EventID>11</EventID>
    <Version>2</Version>
    <Level>4</Level>
    <Task>11</Task>
    <Opcode>0</Opcode>
    <Keywords>0x8000000000000000</Keywords>
    <TimeCreated SystemTime="2025-10-07T21:27:39.111043Z">
    </TimeCreated>
    <EventRecordID>4357</EventRecordID>
    <Correlation>
    </Correlation>
    <Execution ProcessID="3016" ThreadID="2596">
    </Execution>
    <Channel>Microsoft-Windows-Sysmon/Operational</Channel>
    <Computer>EC2AMAZ-AGR00JO</Computer>
    <Security UserID="S-1-5-18">
    </Security>
  </System>
  <EventData>
    <Data Name="RuleName">EXE</Data>
    <Data Name="UtcTime">2025-10-07 21:27:39.100</Data>
    <Data Name="ProcessGuid">8EED9800-8202-68E5-BA00-000000006703</Data>
    <Data Name="ProcessId">4036</Data>
    <Data Name="Image">c:\windows\system32\inetsrv\w3wp.exe</Data>
    <Data Name="TargetFilename">C:\ProgramData\svchost.exe</Data>
    <Data Name="CreationUtcTime">2025-10-07 21:27:39.100</Data>
    <Data Name="User">IIS APPPOOL\MyAppPool</Data>
  </EventData>
</Event>
Record 51
<?xml version="1.0" encoding="utf-8"?>
<Event xmlns="http://schemas.microsoft.com/win/2004/08/events/event">
  <System>
    <Provider Name="Microsoft-Windows-Sysmon" Guid="5770385F-C22A-43E0-BF4C-06F5698FFBD9">
    </Provider>
    <EventID>1</EventID>
    <Version>5</Version>
    <Level>4</Level>
    <Task>1</Task>
    <Opcode>0</Opcode>
    <Keywords>0x8000000000000000</Keywords>
    <TimeCreated SystemTime="2025-10-07T21:28:19.689107Z">
    </TimeCreated>
    <EventRecordID>4358</EventRecordID>
    <Correlation>
    </Correlation>
    <Execution ProcessID="3016" ThreadID="2596">
    </Execution>
    <Channel>Microsoft-Windows-Sysmon/Operational</Channel>
    <Computer>EC2AMAZ-AGR00JO</Computer>
    <Security UserID="S-1-5-18">
    </Security>
  </System>
  <EventData>
    <Data Name="RuleName">-</Data>
    <Data Name="UtcTime">2025-10-07 21:28:19.688</Data>
    <Data Name="ProcessGuid">8EED9800-85F3-68E5-5801-000000006703</Data>
    <Data Name="ProcessId">3452</Data>
    <Data Name="Image">C:\ProgramData\svchost.exe</Data>
    <Data Name="FileVersion">-</Data>
    <Data Name="Description">-</Data>
    <Data Name="Product">-</Data>
    <Data Name="Company">-</Data>
    <Data Name="OriginalFileName">-</Data>
    <Data Name="CommandLine">&quot;C:\ProgramData\svchost.exe&quot;</Data>
    <Data Name="CurrentDirectory">c:\windows\system32\inetsrv\</Data>
    <Data Name="User">IIS APPPOOL\MyAppPool</Data>
    <Data Name="LogonGuid">8EED9800-8202-68E5-9229-080000000000</Data>
    <Data Name="LogonId">0x82992</Data>
    <Data Name="TerminalSessionId">0</Data>
    <Data Name="IntegrityLevel">High</Data>
    <Data Name="Hashes">MD5=739B9892F5A3A83204C723C10620AC68,SHA256=6C9917933B3DD0DFFE63B0472F1F36BAA7508186099C1D8B669BA5CC20E2C224,IMPHASH=C2D02FC98F1D75D7B9457468EC75DA0E</Data>
    <Data Name="ParentProcessGuid">8EED9800-8202-68E5-BA00-000000006703</Data>
    <Data Name="ParentProcessId">4036</Data>
    <Data Name="ParentImage">C:\Windows\System32\inetsrv\w3wp.exe</Data>
    <Data Name="ParentCommandLine">c:\windows\system32\inetsrv\w3wp.exe -ap &quot;MyAppPool&quot; -v &quot;v4.0&quot; -l &quot;webengine4.dll&quot; -a \\.\pipe\iisipm11b827af-d73b-4f68-9bd8-f8a2d723e1e3 -h &quot;C:\inetpub\temp\apppools\MyAppPool\MyAppPool.config&quot; -w &quot;&quot; -m 0 -t 20 -ta 0</Data>
    <Data Name="ParentUser">IIS APPPOOL\MyAppPool</Data>
  </EventData>
</Event>
Record 52
<?xml version="1.0" encoding="utf-8"?>
<Event xmlns="http://schemas.microsoft.com/win/2004/08/events/event">
  <System>
    <Provider Name="Microsoft-Windows-Sysmon" Guid="5770385F-C22A-43E0-BF4C-06F5698FFBD9">
    </Provider>
    <EventID>3</EventID>
    <Version>5</Version>
    <Level>4</Level>
    <Task>3</Task>
    <Opcode>0</Opcode>
    <Keywords>0x8000000000000000</Keywords>
    <TimeCreated SystemTime="2025-10-07T21:28:31.885931Z">
    </TimeCreated>
    <EventRecordID>4359</EventRecordID>
    <Correlation>
    </Correlation>
    <Execution ProcessID="3016" ThreadID="2948">
    </Execution>
    <Channel>Microsoft-Windows-Sysmon/Operational</Channel>
    <Computer>EC2AMAZ-AGR00JO</Computer>
    <Security UserID="S-1-5-18">
    </Security>
  </System>
  <EventData>
    <Data Name="RuleName">-</Data>
    <Data Name="UtcTime">2025-10-07 21:28:29.548</Data>
    <Data Name="ProcessGuid">8EED9800-85F3-68E5-5801-000000006703</Data>
    <Data Name="ProcessId">3452</Data>
    <Data Name="Image">C:\ProgramData\svchost.exe</Data>
    <Data Name="User">IIS APPPOOL\MyAppPool</Data>
    <Data Name="Protocol">tcp</Data>
    <Data Name="Initiated">false</Data>
    <Data Name="SourceIsIpv6">false</Data>
    <Data Name="SourceIp">103.125.233.27</Data>
    <Data Name="SourceHostname">-</Data>
    <Data Name="SourcePort">37761</Data>
    <Data Name="SourcePortName">-</Data>
    <Data Name="DestinationIsIpv6">false</Data>
    <Data Name="DestinationIp">172.31.9.222</Data>
    <Data Name="DestinationHostname">EC2AMAZ-AGR00JO.eu-west-2.compute.internal</Data>
    <Data Name="DestinationPort">8080</Data>
    <Data Name="DestinationPortName">-</Data>
  </EventData>
</Event>
Record 53
<?xml version="1.0" encoding="utf-8"?>
<Event xmlns="http://schemas.microsoft.com/win/2004/08/events/event">
  <System>
    <Provider Name="Microsoft-Windows-Sysmon" Guid="5770385F-C22A-43E0-BF4C-06F5698FFBD9">
    </Provider>
    <EventID>1</EventID>
    <Version>5</Version>
    <Level>4</Level>
    <Task>1</Task>
    <Opcode>0</Opcode>
    <Keywords>0x8000000000000000</Keywords>
    <TimeCreated SystemTime="2025-10-07T21:28:52.076381Z">
    </TimeCreated>
    <EventRecordID>4360</EventRecordID>
    <Correlation>
    </Correlation>
    <Execution ProcessID="3016" ThreadID="2596">
    </Execution>
    <Channel>Microsoft-Windows-Sysmon/Operational</Channel>
    <Computer>EC2AMAZ-AGR00JO</Computer>
    <Security UserID="S-1-5-18">
    </Security>
  </System>
  <EventData>
    <Data Name="RuleName">-</Data>
    <Data Name="UtcTime">2025-10-07 21:28:52.075</Data>
    <Data Name="ProcessGuid">8EED9800-8614-68E5-5901-000000006703</Data>
    <Data Name="ProcessId">4568</Data>
    <Data Name="Image">C:\Windows\System32\taskhostw.exe</Data>
    <Data Name="FileVersion">10.0.17763.1852 (WinBuild.160101.0800)</Data>
    <Data Name="Description">Host Process for Windows Tasks</Data>
    <Data Name="Product">Microsoft® Windows® Operating System</Data>
    <Data Name="Company">Microsoft Corporation</Data>
    <Data Name="OriginalFileName">taskhostw.exe</Data>
    <Data Name="CommandLine">taskhostw.exe NGCKeyPregen</Data>
    <Data Name="CurrentDirectory">C:\Windows\system32\</Data>
    <Data Name="User">NT AUTHORITY\SYSTEM</Data>
    <Data Name="LogonGuid">8EED9800-8141-68E5-E703-000000000000</Data>
    <Data Name="LogonId">0x3e7</Data>
    <Data Name="TerminalSessionId">0</Data>
    <Data Name="IntegrityLevel">System</Data>
    <Data Name="Hashes">MD5=8BD7B08DA6BCA54DF9B595E4D9281BEB,SHA256=DE85F29A8BC7219F10A4AC88654C3901ABC329D7505B21CD95CBF780D1EBCCF4,IMPHASH=9839C7FD9649496B162F72128209528A</Data>
    <Data Name="ParentProcessGuid">8EED9800-8143-68E5-2400-000000006703</Data>
    <Data Name="ParentProcessId">1652</Data>
    <Data Name="ParentImage">C:\Windows\System32\svchost.exe</Data>
    <Data Name="ParentCommandLine">C:\Windows\system32\svchost.exe -k netsvcs -p -s Schedule</Data>
    <Data Name="ParentUser">NT AUTHORITY\SYSTEM</Data>
  </EventData>
</Event>
Record 54
<?xml version="1.0" encoding="utf-8"?>
<Event xmlns="http://schemas.microsoft.com/win/2004/08/events/event">
  <System>
    <Provider Name="Microsoft-Windows-Sysmon" Guid="5770385F-C22A-43E0-BF4C-06F5698FFBD9">
    </Provider>
    <EventID>11</EventID>
    <Version>2</Version>
    <Level>4</Level>
    <Task>11</Task>
    <Opcode>0</Opcode>
    <Keywords>0x8000000000000000</Keywords>
    <TimeCreated SystemTime="2025-10-07T21:29:11.258093Z">
    </TimeCreated>
    <EventRecordID>4361</EventRecordID>
    <Correlation>
    </Correlation>
    <Execution ProcessID="3016" ThreadID="2596">
    </Execution>
    <Channel>Microsoft-Windows-Sysmon/Operational</Channel>
    <Computer>EC2AMAZ-AGR00JO</Computer>
    <Security UserID="S-1-5-18">
    </Security>
  </System>
  <EventData>
    <Data Name="RuleName">DLL</Data>
    <Data Name="UtcTime">2025-10-07 21:29:11.245</Data>
    <Data Name="ProcessGuid">8EED9800-85F3-68E5-5801-000000006703</Data>
    <Data Name="ProcessId">3452</Data>
    <Data Name="Image">C:\ProgramData\svchost.exe</Data>
    <Data Name="TargetFilename">C:\Windows\Temp\uizdjh.dll</Data>
    <Data Name="CreationUtcTime">2025-10-07 21:29:11.245</Data>
    <Data Name="User">IIS APPPOOL\MyAppPool</Data>
  </EventData>
</Event>
